2025-04-20 11:34:37,218 | INFO | 🚀 Starting model stacking pipeline
2025-04-20 11:34:37,218 | INFO | 🔄 Starting: Loading Processed Datasets
2025-04-20 11:34:43,478 | INFO | ✅ Completed: Loading Processed Datasets in 6.26 seconds

2025-04-20 11:34:43,479 | INFO | 🔄 Starting: Demographic Base Models Training
2025-04-20 11:35:35,062 | INFO | 🚀 Starting model stacking pipeline
2025-04-20 11:35:35,062 | INFO | 🔄 Starting: Loading Processed Datasets
2025-04-20 11:35:41,353 | INFO | ✅ Completed: Loading Processed Datasets in 6.29 seconds
2025-04-20 11:35:41,353 | INFO | 🔄 Starting: Demographic Base Models Training
2025-04-20 11:35:44,003 | INFO |    AUC for fold 1: 0.7439
2025-04-20 11:35:46,205 | INFO |    AUC for fold 2: 0.7524
2025-04-20 11:35:48,622 | INFO |    AUC for fold 3: 0.7477
2025-04-20 11:35:50,822 | INFO |    AUC for fold 4: 0.7504
2025-04-20 11:35:52,894 | INFO |    AUC for fold 5: 0.7459
2025-04-20 11:35:52,947 | INFO | [demog] xgb FINAL OOF AUC: 0.7481
2025-04-20 11:35:54,533 | INFO |    AUC for fold 1: 0.7520
2025-04-20 11:35:56,033 | INFO |    AUC for fold 2: 0.7614
2025-04-20 11:35:57,515 | INFO |    AUC for fold 3: 0.7547
2025-04-20 11:35:58,980 | INFO |    AUC for fold 4: 0.7608
2025-04-20 11:36:00,495 | INFO |    AUC for fold 5: 0.7526
2025-04-20 11:36:00,549 | INFO | [demog] lgb FINAL OOF AUC: 0.7563
2025-04-20 11:36:09,410 | INFO |    AUC for fold 1: 0.6675
2025-04-20 11:36:19,483 | INFO |    AUC for fold 2: 0.6780
2025-04-20 11:36:29,415 | INFO |    AUC for fold 3: 0.6776
2025-04-20 11:36:38,184 | INFO |    AUC for fold 4: 0.6840
2025-04-20 11:36:47,811 | INFO |    AUC for fold 5: 0.6774
2025-04-20 11:36:47,876 | INFO | [demog] logreg FINAL OOF AUC: 0.6769
2025-04-20 11:37:43,922 | INFO |    AUC for fold 1: 0.7042
2025-04-20 11:38:40,843 | INFO |    AUC for fold 2: 0.7097
2025-04-20 11:39:37,283 | INFO |    AUC for fold 3: 0.6996
2025-04-20 11:40:34,544 | INFO |    AUC for fold 4: 0.7080
2025-04-20 11:41:30,753 | INFO |    AUC for fold 5: 0.7017
2025-04-20 11:41:30,895 | INFO | [demog] rf FINAL OOF AUC: 0.7046
2025-04-20 11:41:52,426 | INFO |    AUC for fold 1: 0.5397
2025-04-20 11:42:14,892 | INFO |    AUC for fold 2: 0.5460
2025-04-20 11:42:38,180 | INFO |    AUC for fold 3: 0.5396
2025-04-20 11:42:58,877 | INFO |    AUC for fold 4: 0.5440
2025-04-20 11:43:20,058 | INFO |    AUC for fold 5: 0.5426
2025-04-20 11:43:20,207 | INFO | [demog] knn FINAL OOF AUC: 0.5424
2025-04-20 11:43:20,207 | INFO | [demog] ✅ Top 3 Models by AUC: ['lgb', 'xgb', 'rf']

2025-04-20 11:43:20,508 | INFO | ✅ Completed: Demographic Base Models Training in 459.15 seconds

2025-04-20 11:43:20,508 | INFO | 🔄 Starting: Delinquency Base Models Training
2025-04-20 11:43:23,828 | INFO |    AUC for fold 1: 0.6709
2025-04-20 11:43:26,781 | INFO |    AUC for fold 2: 0.6725
2025-04-20 11:43:29,652 | INFO |    AUC for fold 3: 0.6655
2025-04-20 11:43:32,504 | INFO |    AUC for fold 4: 0.6769
2025-04-20 11:43:35,467 | INFO |    AUC for fold 5: 0.6697
2025-04-20 11:43:35,509 | INFO | [deq] xgb FINAL OOF AUC: 0.6711
2025-04-20 11:43:38,933 | INFO |    AUC for fold 1: 0.6831
2025-04-20 11:43:42,307 | INFO |    AUC for fold 2: 0.6886
2025-04-20 11:43:45,864 | INFO |    AUC for fold 3: 0.6799
2025-04-20 11:43:49,418 | INFO |    AUC for fold 4: 0.6965
2025-04-20 11:43:52,893 | INFO |    AUC for fold 5: 0.6851
2025-04-20 11:43:52,936 | INFO | [deq] lgb FINAL OOF AUC: 0.6866
2025-04-20 11:44:05,341 | INFO |    AUC for fold 1: 0.6346
2025-04-20 11:44:15,254 | INFO |    AUC for fold 2: 0.6351
2025-04-20 11:44:26,339 | INFO |    AUC for fold 3: 0.6297
2025-04-20 11:44:38,074 | INFO |    AUC for fold 4: 0.6357
2025-04-20 11:44:52,339 | INFO |    AUC for fold 5: 0.6335
2025-04-20 11:44:52,391 | INFO | [deq] logreg FINAL OOF AUC: 0.6338
2025-04-20 11:47:41,886 | INFO |    AUC for fold 1: 0.6421
2025-04-20 11:50:27,626 | INFO |    AUC for fold 2: 0.6523
2025-04-20 11:53:15,888 | INFO |    AUC for fold 3: 0.6376
2025-04-20 11:56:05,753 | INFO |    AUC for fold 4: 0.6599
2025-04-20 11:59:28,558 | INFO |    AUC for fold 5: 0.6489
2025-04-20 11:59:28,673 | INFO | [deq] rf FINAL OOF AUC: 0.6481
2025-04-20 11:59:51,175 | INFO |    AUC for fold 1: 0.5355
2025-04-20 12:00:13,381 | INFO |    AUC for fold 2: 0.5381
2025-04-20 12:00:35,923 | INFO |    AUC for fold 3: 0.5299
2025-04-20 12:00:58,458 | INFO |    AUC for fold 4: 0.5391
2025-04-20 12:01:21,602 | INFO |    AUC for fold 5: 0.5446
2025-04-20 12:01:21,756 | INFO | [deq] knn FINAL OOF AUC: 0.5374
2025-04-20 12:01:21,765 | INFO | [deq] ✅ Top 3 Models by AUC: ['lgb', 'xgb', 'rf']

2025-04-20 12:01:22,254 | INFO | ✅ Completed: Delinquency Base Models Training in 1081.75 seconds

2025-04-20 12:01:22,254 | INFO | 🔄 Starting: Vintage Base Models Training
2025-04-20 12:01:22,836 | INFO |    AUC for fold 1: 0.6320
2025-04-20 12:01:23,299 | INFO |    AUC for fold 2: 0.6288
2025-04-20 12:01:23,761 | INFO |    AUC for fold 3: 0.6328
2025-04-20 12:01:24,221 | INFO |    AUC for fold 4: 0.6313
2025-04-20 12:01:24,691 | INFO |    AUC for fold 5: 0.6274
2025-04-20 12:01:24,730 | INFO | [vin] xgb FINAL OOF AUC: 0.6304
2025-04-20 12:01:25,215 | INFO |    AUC for fold 1: 0.6479
2025-04-20 12:01:25,681 | INFO |    AUC for fold 2: 0.6418
2025-04-20 12:01:26,156 | INFO |    AUC for fold 3: 0.6393
2025-04-20 12:01:26,622 | INFO |    AUC for fold 4: 0.6445
2025-04-20 12:01:27,089 | INFO |    AUC for fold 5: 0.6374
2025-04-20 12:01:27,128 | INFO | [vin] lgb FINAL OOF AUC: 0.6421
2025-04-20 12:01:28,075 | INFO |    AUC for fold 1: 0.6200
2025-04-20 12:01:28,744 | INFO |    AUC for fold 2: 0.6196
2025-04-20 12:01:29,702 | INFO |    AUC for fold 3: 0.6225
2025-04-20 12:01:30,565 | INFO |    AUC for fold 4: 0.6237
2025-04-20 12:01:31,408 | INFO |    AUC for fold 5: 0.6168
2025-04-20 12:01:31,457 | INFO | [vin] logreg FINAL OOF AUC: 0.6205
2025-04-20 12:02:00,477 | INFO |    AUC for fold 1: 0.6079
2025-04-20 12:02:29,179 | INFO |    AUC for fold 2: 0.6078
2025-04-20 12:02:57,940 | INFO |    AUC for fold 3: 0.6107
2025-04-20 12:03:26,849 | INFO |    AUC for fold 4: 0.6102
2025-04-20 12:03:55,536 | INFO |    AUC for fold 5: 0.6015
2025-04-20 12:03:55,658 | INFO | [vin] rf FINAL OOF AUC: 0.6076
2025-04-20 12:04:00,016 | INFO |    AUC for fold 1: 0.5347
2025-04-20 12:04:04,378 | INFO |    AUC for fold 2: 0.5387
2025-04-20 12:04:08,682 | INFO |    AUC for fold 3: 0.5321
2025-04-20 12:04:12,964 | INFO |    AUC for fold 4: 0.5398
2025-04-20 12:04:17,310 | INFO |    AUC for fold 5: 0.5420
2025-04-20 12:04:17,356 | INFO | [vin] knn FINAL OOF AUC: 0.5375
2025-04-20 12:04:17,356 | INFO | [vin] ✅ Top 3 Models by AUC: ['lgb', 'xgb', 'logreg']

2025-04-20 12:04:17,416 | INFO | ✅ Completed: Vintage Base Models Training in 175.16 seconds

2025-04-20 12:04:17,417 | INFO | 🔄 Starting: Target Table Creation
2025-04-20 12:04:17,453 | INFO | ✅ Completed: Target Table Creation in 0.04 seconds

2025-04-20 12:04:17,453 | INFO | 🔄 Starting: Meta Model Training
2025-04-20 12:04:17,995 | INFO | [META] Logistic Regression AUC (CV): 0.7661
2025-04-20 12:04:18,101 | INFO | ✅ Completed: Meta Model Training in 0.65 seconds
2025-12-13 23:27:35,409 | INFO | 🚀 Starting STRIKE Home Credit Model Stacking Pipeline
2025-12-13 23:27:35,410 | INFO | 🔄 Starting: Preprocessing DEMOG Features
2025-12-13 23:27:38,931 | INFO | ✅ Completed: Preprocessing DEMOG Features in 3.52 seconds
2025-12-13 23:27:38,931 | INFO | 🔄 Starting: Preprocessing DEQ Features
2025-12-13 23:27:46,576 | INFO | ✅ Completed: Preprocessing DEQ Features in 7.65 seconds
2025-12-13 23:27:46,577 | INFO | 🔄 Starting: Preprocessing Vintage Features
2025-12-13 23:27:47,689 | INFO | ✅ Completed: Preprocessing Vintage Features in 1.11 seconds
2025-12-13 23:27:47,689 | INFO | 🔄 Starting: Training Base Models on Demographic Features
2025-12-13 23:27:48,251 | INFO |    AUC for fold 1: 0.6492
2025-12-13 23:27:48,717 | INFO |    AUC for fold 2: 0.6772
2025-12-13 23:27:49,199 | INFO |    AUC for fold 3: 0.6709
2025-12-13 23:27:49,650 | INFO |    AUC for fold 4: 0.6777
2025-12-13 23:27:50,082 | INFO |    AUC for fold 5: 0.6837
2025-12-13 23:27:50,089 | INFO | [demog] xgb FINAL OOF AUC: 0.6716
2025-12-13 23:27:50,642 | INFO |    AUC for fold 1: 0.6807
2025-12-13 23:27:51,160 | INFO |    AUC for fold 2: 0.6945
2025-12-13 23:27:51,646 | INFO |    AUC for fold 3: 0.6994
2025-12-13 23:27:52,127 | INFO |    AUC for fold 4: 0.7084
2025-12-13 23:27:52,609 | INFO |    AUC for fold 5: 0.7108
2025-12-13 23:27:52,617 | INFO | [demog] lgb FINAL OOF AUC: 0.6985
2025-12-13 23:27:53,235 | INFO |    AUC for fold 1: 0.6379
2025-12-13 23:27:53,828 | INFO |    AUC for fold 2: 0.6804
2025-12-13 23:27:54,644 | INFO |    AUC for fold 3: 0.6676
2025-12-13 23:27:55,347 | INFO |    AUC for fold 4: 0.6780
2025-12-13 23:27:56,234 | INFO |    AUC for fold 5: 0.6823
2025-12-13 23:27:56,244 | INFO | [demog] logreg FINAL OOF AUC: 0.6689
2025-12-13 23:28:06,869 | INFO |    AUC for fold 1: 0.6472
2025-12-13 23:28:17,503 | INFO |    AUC for fold 2: 0.6569
2025-12-13 23:28:27,966 | INFO |    AUC for fold 3: 0.6459
2025-12-13 23:28:38,382 | INFO |    AUC for fold 4: 0.6560
2025-12-13 23:28:48,848 | INFO |    AUC for fold 5: 0.6595
2025-12-13 23:28:48,904 | INFO | [demog] rf FINAL OOF AUC: 0.6530
2025-12-13 23:28:49,464 | INFO |    AUC for fold 1: 0.5381
2025-12-13 23:28:50,058 | INFO |    AUC for fold 2: 0.5380
2025-12-13 23:28:50,591 | INFO |    AUC for fold 3: 0.5430
2025-12-13 23:28:51,239 | INFO |    AUC for fold 4: 0.5258
2025-12-13 23:28:51,782 | INFO |    AUC for fold 5: 0.5420
2025-12-13 23:28:51,816 | INFO | [demog] knn FINAL OOF AUC: 0.5374
2025-12-13 23:28:51,816 | INFO | [demog] ✅ Top 3 Models by AUC: ['lgb', 'xgb', 'logreg']

2025-12-13 23:28:51,840 | INFO | ✅ Completed: Training Base Models on Demographic Features in 64.15 seconds
2025-12-13 23:28:51,840 | INFO | 🔄 Starting: Training Base Models on Delinquency Features
2025-12-13 23:28:52,745 | INFO |    AUC for fold 1: 0.6948
2025-12-13 23:28:53,577 | INFO |    AUC for fold 2: 0.7040
2025-12-13 23:28:54,420 | INFO |    AUC for fold 3: 0.6970
2025-12-13 23:28:55,225 | INFO |    AUC for fold 4: 0.7128
2025-12-13 23:28:56,030 | INFO |    AUC for fold 5: 0.7095
2025-12-13 23:28:56,037 | INFO | [deq] xgb FINAL OOF AUC: 0.7036
2025-12-13 23:28:56,901 | INFO |    AUC for fold 1: 0.7284
2025-12-13 23:28:58,071 | INFO |    AUC for fold 2: 0.7370
2025-12-13 23:28:58,944 | INFO |    AUC for fold 3: 0.7229
2025-12-13 23:28:59,800 | INFO |    AUC for fold 4: 0.7491
2025-12-13 23:29:00,658 | INFO |    AUC for fold 5: 0.7452
2025-12-13 23:29:00,666 | INFO | [deq] lgb FINAL OOF AUC: 0.7364
2025-12-13 23:29:02,487 | INFO |    AUC for fold 1: 0.6875
2025-12-13 23:29:04,499 | INFO |    AUC for fold 2: 0.7059
2025-12-13 23:29:06,764 | INFO |    AUC for fold 3: 0.6856
2025-12-13 23:29:08,619 | INFO |    AUC for fold 4: 0.7088
2025-12-13 23:29:10,597 | INFO |    AUC for fold 5: 0.6968
2025-12-13 23:29:10,604 | INFO | [deq] logreg FINAL OOF AUC: 0.6968
2025-12-13 23:29:28,702 | INFO |    AUC for fold 1: 0.6782
2025-12-13 23:29:46,992 | INFO |    AUC for fold 2: 0.6815
2025-12-13 23:30:04,960 | INFO |    AUC for fold 3: 0.6629
2025-12-13 23:30:22,889 | INFO |    AUC for fold 4: 0.6993
2025-12-13 23:30:41,028 | INFO |    AUC for fold 5: 0.6945
2025-12-13 23:30:41,071 | INFO | [deq] rf FINAL OOF AUC: 0.6832
2025-12-13 23:30:41,908 | INFO |    AUC for fold 1: 0.5574
2025-12-13 23:30:42,868 | INFO |    AUC for fold 2: 0.5376
2025-12-13 23:30:43,814 | INFO |    AUC for fold 3: 0.5374
2025-12-13 23:30:44,729 | INFO |    AUC for fold 4: 0.5422
2025-12-13 23:30:45,613 | INFO |    AUC for fold 5: 0.5540
2025-12-13 23:30:45,660 | INFO | [deq] knn FINAL OOF AUC: 0.5457
2025-12-13 23:30:45,660 | INFO | [deq] ✅ Top 3 Models by AUC: ['lgb', 'xgb', 'logreg']

2025-12-13 23:30:45,696 | INFO | ✅ Completed: Training Base Models on Delinquency Features in 113.86 seconds
2025-12-13 23:30:45,696 | INFO | 🔄 Starting: Training Base Models on Vintage Features
2025-12-13 23:30:45,927 | INFO |    AUC for fold 1: 0.6147
2025-12-13 23:30:46,122 | INFO |    AUC for fold 2: 0.6241
2025-12-13 23:30:46,309 | INFO |    AUC for fold 3: 0.6295
2025-12-13 23:30:46,494 | INFO |    AUC for fold 4: 0.6322
2025-12-13 23:30:46,677 | INFO |    AUC for fold 5: 0.6043
2025-12-13 23:30:46,684 | INFO | [vin] xgb FINAL OOF AUC: 0.6209
2025-12-13 23:30:47,037 | INFO |    AUC for fold 1: 0.6456
2025-12-13 23:30:47,391 | INFO |    AUC for fold 2: 0.6445
2025-12-13 23:30:47,743 | INFO |    AUC for fold 3: 0.6426
2025-12-13 23:30:48,093 | INFO |    AUC for fold 4: 0.6670
2025-12-13 23:30:48,446 | INFO |    AUC for fold 5: 0.6473
2025-12-13 23:30:48,453 | INFO | [vin] lgb FINAL OOF AUC: 0.6491
2025-12-13 23:30:48,653 | INFO |    AUC for fold 1: 0.6144
2025-12-13 23:30:48,816 | INFO |    AUC for fold 2: 0.6364
2025-12-13 23:30:48,942 | INFO |    AUC for fold 3: 0.6232
2025-12-13 23:30:49,084 | INFO |    AUC for fold 4: 0.6213
2025-12-13 23:30:49,289 | INFO |    AUC for fold 5: 0.6243
2025-12-13 23:30:49,298 | INFO | [vin] logreg FINAL OOF AUC: 0.6238
2025-12-13 23:30:56,153 | INFO |    AUC for fold 1: 0.6179
2025-12-13 23:31:02,726 | INFO |    AUC for fold 2: 0.6130
2025-12-13 23:31:09,472 | INFO |    AUC for fold 3: 0.6138
2025-12-13 23:31:16,021 | INFO |    AUC for fold 4: 0.6208
2025-12-13 23:31:22,550 | INFO |    AUC for fold 5: 0.6227
2025-12-13 23:31:22,588 | INFO | [vin] rf FINAL OOF AUC: 0.6176
2025-12-13 23:31:22,797 | INFO |    AUC for fold 1: 0.5203
2025-12-13 23:31:23,018 | INFO |    AUC for fold 2: 0.5232
2025-12-13 23:31:23,234 | INFO |    AUC for fold 3: 0.5136
2025-12-13 23:31:23,453 | INFO |    AUC for fold 4: 0.5336
2025-12-13 23:31:23,654 | INFO |    AUC for fold 5: 0.5205
2025-12-13 23:31:23,663 | INFO | [vin] knn FINAL OOF AUC: 0.5223
2025-12-13 23:31:23,663 | INFO | [vin] ✅ Top 3 Models by AUC: ['lgb', 'logreg', 'xgb']

2025-12-13 23:31:23,683 | INFO | ✅ Completed: Training Base Models on Vintage Features in 37.99 seconds
2025-12-13 23:31:23,683 | INFO | 🔄 Starting: Creating Meta-Model Training Set
2025-12-13 23:31:23,688 | INFO | ✅ Completed: Creating Meta-Model Training Set in 0.01 seconds
2025-12-13 23:31:23,688 | INFO | 🔄 Starting: Training Meta-Model
2025-12-13 23:31:23,893 | INFO | [META] Logistic Regression AUC (CV): 0.7425
2025-12-13 23:31:23,927 | INFO | ✅ Completed: Training Meta-Model in 0.24 seconds
2025-12-13 23:31:23,927 | INFO | 🎯 STRIKE Home Credit pipeline completed successfully.
