2025-04-20 11:34:37,218 | INFO | 🚀 Starting model stacking pipeline
2025-04-20 11:34:37,218 | INFO | 🔄 Starting: Loading Processed Datasets
2025-04-20 11:34:43,478 | INFO | ✅ Completed: Loading Processed Datasets in 6.26 seconds

2025-04-20 11:34:43,479 | INFO | 🔄 Starting: Demographic Base Models Training
2025-04-20 11:35:35,062 | INFO | 🚀 Starting model stacking pipeline
2025-04-20 11:35:35,062 | INFO | 🔄 Starting: Loading Processed Datasets
2025-04-20 11:35:41,353 | INFO | ✅ Completed: Loading Processed Datasets in 6.29 seconds
2025-04-20 11:35:41,353 | INFO | 🔄 Starting: Demographic Base Models Training
2025-04-20 11:35:44,003 | INFO |    AUC for fold 1: 0.7439
2025-04-20 11:35:46,205 | INFO |    AUC for fold 2: 0.7524
2025-04-20 11:35:48,622 | INFO |    AUC for fold 3: 0.7477
2025-04-20 11:35:50,822 | INFO |    AUC for fold 4: 0.7504
2025-04-20 11:35:52,894 | INFO |    AUC for fold 5: 0.7459
2025-04-20 11:35:52,947 | INFO | [demog] xgb FINAL OOF AUC: 0.7481
2025-04-20 11:35:54,533 | INFO |    AUC for fold 1: 0.7520
2025-04-20 11:35:56,033 | INFO |    AUC for fold 2: 0.7614
2025-04-20 11:35:57,515 | INFO |    AUC for fold 3: 0.7547
2025-04-20 11:35:58,980 | INFO |    AUC for fold 4: 0.7608
2025-04-20 11:36:00,495 | INFO |    AUC for fold 5: 0.7526
2025-04-20 11:36:00,549 | INFO | [demog] lgb FINAL OOF AUC: 0.7563
2025-04-20 11:36:09,410 | INFO |    AUC for fold 1: 0.6675
2025-04-20 11:36:19,483 | INFO |    AUC for fold 2: 0.6780
2025-04-20 11:36:29,415 | INFO |    AUC for fold 3: 0.6776
2025-04-20 11:36:38,184 | INFO |    AUC for fold 4: 0.6840
2025-04-20 11:36:47,811 | INFO |    AUC for fold 5: 0.6774
2025-04-20 11:36:47,876 | INFO | [demog] logreg FINAL OOF AUC: 0.6769
2025-04-20 11:37:43,922 | INFO |    AUC for fold 1: 0.7042
2025-04-20 11:38:40,843 | INFO |    AUC for fold 2: 0.7097
2025-04-20 11:39:37,283 | INFO |    AUC for fold 3: 0.6996
2025-04-20 11:40:34,544 | INFO |    AUC for fold 4: 0.7080
2025-04-20 11:41:30,753 | INFO |    AUC for fold 5: 0.7017
2025-04-20 11:41:30,895 | INFO | [demog] rf FINAL OOF AUC: 0.7046
2025-04-20 11:41:52,426 | INFO |    AUC for fold 1: 0.5397
2025-04-20 11:42:14,892 | INFO |    AUC for fold 2: 0.5460
2025-04-20 11:42:38,180 | INFO |    AUC for fold 3: 0.5396
2025-04-20 11:42:58,877 | INFO |    AUC for fold 4: 0.5440
2025-04-20 11:43:20,058 | INFO |    AUC for fold 5: 0.5426
2025-04-20 11:43:20,207 | INFO | [demog] knn FINAL OOF AUC: 0.5424
2025-04-20 11:43:20,207 | INFO | [demog] ✅ Top 3 Models by AUC: ['lgb', 'xgb', 'rf']

2025-04-20 11:43:20,508 | INFO | ✅ Completed: Demographic Base Models Training in 459.15 seconds

2025-04-20 11:43:20,508 | INFO | 🔄 Starting: Delinquency Base Models Training
2025-04-20 11:43:23,828 | INFO |    AUC for fold 1: 0.6709
2025-04-20 11:43:26,781 | INFO |    AUC for fold 2: 0.6725
2025-04-20 11:43:29,652 | INFO |    AUC for fold 3: 0.6655
2025-04-20 11:43:32,504 | INFO |    AUC for fold 4: 0.6769
2025-04-20 11:43:35,467 | INFO |    AUC for fold 5: 0.6697
2025-04-20 11:43:35,509 | INFO | [deq] xgb FINAL OOF AUC: 0.6711
2025-04-20 11:43:38,933 | INFO |    AUC for fold 1: 0.6831
2025-04-20 11:43:42,307 | INFO |    AUC for fold 2: 0.6886
2025-04-20 11:43:45,864 | INFO |    AUC for fold 3: 0.6799
2025-04-20 11:43:49,418 | INFO |    AUC for fold 4: 0.6965
2025-04-20 11:43:52,893 | INFO |    AUC for fold 5: 0.6851
2025-04-20 11:43:52,936 | INFO | [deq] lgb FINAL OOF AUC: 0.6866
2025-04-20 11:44:05,341 | INFO |    AUC for fold 1: 0.6346
2025-04-20 11:44:15,254 | INFO |    AUC for fold 2: 0.6351
2025-04-20 11:44:26,339 | INFO |    AUC for fold 3: 0.6297
2025-04-20 11:44:38,074 | INFO |    AUC for fold 4: 0.6357
2025-04-20 11:44:52,339 | INFO |    AUC for fold 5: 0.6335
2025-04-20 11:44:52,391 | INFO | [deq] logreg FINAL OOF AUC: 0.6338
2025-04-20 11:47:41,886 | INFO |    AUC for fold 1: 0.6421
2025-04-20 11:50:27,626 | INFO |    AUC for fold 2: 0.6523
2025-04-20 11:53:15,888 | INFO |    AUC for fold 3: 0.6376
2025-04-20 11:56:05,753 | INFO |    AUC for fold 4: 0.6599
2025-04-20 11:59:28,558 | INFO |    AUC for fold 5: 0.6489
2025-04-20 11:59:28,673 | INFO | [deq] rf FINAL OOF AUC: 0.6481
2025-04-20 11:59:51,175 | INFO |    AUC for fold 1: 0.5355
2025-04-20 12:00:13,381 | INFO |    AUC for fold 2: 0.5381
2025-04-20 12:00:35,923 | INFO |    AUC for fold 3: 0.5299
2025-04-20 12:00:58,458 | INFO |    AUC for fold 4: 0.5391
2025-04-20 12:01:21,602 | INFO |    AUC for fold 5: 0.5446
2025-04-20 12:01:21,756 | INFO | [deq] knn FINAL OOF AUC: 0.5374
2025-04-20 12:01:21,765 | INFO | [deq] ✅ Top 3 Models by AUC: ['lgb', 'xgb', 'rf']

2025-04-20 12:01:22,254 | INFO | ✅ Completed: Delinquency Base Models Training in 1081.75 seconds

2025-04-20 12:01:22,254 | INFO | 🔄 Starting: Vintage Base Models Training
2025-04-20 12:01:22,836 | INFO |    AUC for fold 1: 0.6320
2025-04-20 12:01:23,299 | INFO |    AUC for fold 2: 0.6288
2025-04-20 12:01:23,761 | INFO |    AUC for fold 3: 0.6328
2025-04-20 12:01:24,221 | INFO |    AUC for fold 4: 0.6313
2025-04-20 12:01:24,691 | INFO |    AUC for fold 5: 0.6274
2025-04-20 12:01:24,730 | INFO | [vin] xgb FINAL OOF AUC: 0.6304
2025-04-20 12:01:25,215 | INFO |    AUC for fold 1: 0.6479
2025-04-20 12:01:25,681 | INFO |    AUC for fold 2: 0.6418
2025-04-20 12:01:26,156 | INFO |    AUC for fold 3: 0.6393
2025-04-20 12:01:26,622 | INFO |    AUC for fold 4: 0.6445
2025-04-20 12:01:27,089 | INFO |    AUC for fold 5: 0.6374
2025-04-20 12:01:27,128 | INFO | [vin] lgb FINAL OOF AUC: 0.6421
2025-04-20 12:01:28,075 | INFO |    AUC for fold 1: 0.6200
2025-04-20 12:01:28,744 | INFO |    AUC for fold 2: 0.6196
2025-04-20 12:01:29,702 | INFO |    AUC for fold 3: 0.6225
2025-04-20 12:01:30,565 | INFO |    AUC for fold 4: 0.6237
2025-04-20 12:01:31,408 | INFO |    AUC for fold 5: 0.6168
2025-04-20 12:01:31,457 | INFO | [vin] logreg FINAL OOF AUC: 0.6205
2025-04-20 12:02:00,477 | INFO |    AUC for fold 1: 0.6079
2025-04-20 12:02:29,179 | INFO |    AUC for fold 2: 0.6078
2025-04-20 12:02:57,940 | INFO |    AUC for fold 3: 0.6107
2025-04-20 12:03:26,849 | INFO |    AUC for fold 4: 0.6102
2025-04-20 12:03:55,536 | INFO |    AUC for fold 5: 0.6015
2025-04-20 12:03:55,658 | INFO | [vin] rf FINAL OOF AUC: 0.6076
2025-04-20 12:04:00,016 | INFO |    AUC for fold 1: 0.5347
2025-04-20 12:04:04,378 | INFO |    AUC for fold 2: 0.5387
2025-04-20 12:04:08,682 | INFO |    AUC for fold 3: 0.5321
2025-04-20 12:04:12,964 | INFO |    AUC for fold 4: 0.5398
2025-04-20 12:04:17,310 | INFO |    AUC for fold 5: 0.5420
2025-04-20 12:04:17,356 | INFO | [vin] knn FINAL OOF AUC: 0.5375
2025-04-20 12:04:17,356 | INFO | [vin] ✅ Top 3 Models by AUC: ['lgb', 'xgb', 'logreg']

2025-04-20 12:04:17,416 | INFO | ✅ Completed: Vintage Base Models Training in 175.16 seconds

2025-04-20 12:04:17,417 | INFO | 🔄 Starting: Target Table Creation
2025-04-20 12:04:17,453 | INFO | ✅ Completed: Target Table Creation in 0.04 seconds

2025-04-20 12:04:17,453 | INFO | 🔄 Starting: Meta Model Training
2025-04-20 12:04:17,995 | INFO | [META] Logistic Regression AUC (CV): 0.7661
2025-04-20 12:04:18,101 | INFO | ✅ Completed: Meta Model Training in 0.65 seconds
2025-12-13 22:46:02,229 | INFO | 🚀 Starting STRIKE Home Credit Model Stacking Pipeline
2025-12-13 22:46:02,229 | INFO | 🔄 Starting: Preprocessing DEMOG Features
2025-12-13 22:46:03,563 | INFO | ✅ Completed: Preprocessing DEMOG Features in 1.33 seconds
2025-12-13 22:46:03,563 | INFO | 🔄 Starting: Preprocessing DEQ Features
2025-12-13 22:46:08,937 | INFO | ✅ Completed: Preprocessing DEQ Features in 5.37 seconds
2025-12-13 22:46:08,938 | INFO | 🔄 Starting: Preprocessing Vintage Features
2025-12-13 22:46:09,599 | INFO | ✅ Completed: Preprocessing Vintage Features in 0.66 seconds
2025-12-13 22:46:09,599 | INFO | 🔄 Starting: Training Base Models on Demographic Features
2025-12-13 22:46:09,932 | INFO |    AUC for fold 1: 0.6807
2025-12-13 22:46:10,191 | INFO |    AUC for fold 2: 0.7005
2025-12-13 22:46:10,497 | INFO |    AUC for fold 3: 0.7091
2025-12-13 22:46:10,748 | INFO |    AUC for fold 4: 0.7124
2025-12-13 22:46:11,002 | INFO |    AUC for fold 5: 0.6965
2025-12-13 22:46:11,006 | INFO | [demog] xgb FINAL OOF AUC: 0.6997
2025-12-13 22:46:11,399 | INFO |    AUC for fold 1: 0.7068
2025-12-13 22:46:11,770 | INFO |    AUC for fold 2: 0.7271
2025-12-13 22:46:12,142 | INFO |    AUC for fold 3: 0.7120
2025-12-13 22:46:12,552 | INFO |    AUC for fold 4: 0.7250
2025-12-13 22:46:12,928 | INFO |    AUC for fold 5: 0.7406
2025-12-13 22:46:12,933 | INFO | [demog] lgb FINAL OOF AUC: 0.7221
2025-12-13 22:46:13,343 | INFO |    AUC for fold 1: 0.6390
2025-12-13 22:46:13,772 | INFO |    AUC for fold 2: 0.6604
2025-12-13 22:46:14,071 | INFO |    AUC for fold 3: 0.6657
2025-12-13 22:46:14,514 | INFO |    AUC for fold 4: 0.6580
2025-12-13 22:46:14,875 | INFO |    AUC for fold 5: 0.6698
2025-12-13 22:46:14,879 | INFO | [demog] logreg FINAL OOF AUC: 0.6586
2025-12-13 22:46:18,510 | INFO |    AUC for fold 1: 0.6567
2025-12-13 22:46:22,224 | INFO |    AUC for fold 2: 0.6845
2025-12-13 22:46:25,894 | INFO |    AUC for fold 3: 0.6711
2025-12-13 22:46:29,846 | INFO |    AUC for fold 4: 0.6760
2025-12-13 22:46:33,652 | INFO |    AUC for fold 5: 0.6915
2025-12-13 22:46:33,672 | INFO | [demog] rf FINAL OOF AUC: 0.6759
2025-12-13 22:46:33,928 | INFO |    AUC for fold 1: 0.5359
2025-12-13 22:46:34,152 | INFO |    AUC for fold 2: 0.5536
2025-12-13 22:46:34,368 | INFO |    AUC for fold 3: 0.5569
2025-12-13 22:46:34,592 | INFO |    AUC for fold 4: 0.5522
2025-12-13 22:46:34,820 | INFO |    AUC for fold 5: 0.5454
2025-12-13 22:46:34,840 | INFO | [demog] knn FINAL OOF AUC: 0.5488
2025-12-13 22:46:34,840 | INFO | [demog] ✅ Top 3 Models by AUC: ['lgb', 'xgb', 'rf']

2025-12-13 22:46:34,868 | INFO | ✅ Completed: Training Base Models on Demographic Features in 25.27 seconds
2025-12-13 22:46:34,868 | INFO | 🔄 Starting: Training Base Models on Delinquency Features
2025-12-13 22:46:35,744 | INFO |    AUC for fold 1: 0.6205
2025-12-13 22:46:36,488 | INFO |    AUC for fold 2: 0.6817
2025-12-13 22:46:37,207 | INFO |    AUC for fold 3: 0.6396
2025-12-13 22:46:37,937 | INFO |    AUC for fold 4: 0.6703
2025-12-13 22:46:38,698 | INFO |    AUC for fold 5: 0.6651
2025-12-13 22:46:38,703 | INFO | [deq] xgb FINAL OOF AUC: 0.6548
2025-12-13 22:46:39,696 | INFO |    AUC for fold 1: 0.6633
2025-12-13 22:46:40,661 | INFO |    AUC for fold 2: 0.7032
2025-12-13 22:46:41,644 | INFO |    AUC for fold 3: 0.6755
2025-12-13 22:46:42,610 | INFO |    AUC for fold 4: 0.6929
2025-12-13 22:46:43,588 | INFO |    AUC for fold 5: 0.7016
2025-12-13 22:46:43,593 | INFO | [deq] lgb FINAL OOF AUC: 0.6871
2025-12-13 22:46:45,474 | INFO |    AUC for fold 1: 0.6744
2025-12-13 22:46:47,192 | INFO |    AUC for fold 2: 0.7013
2025-12-13 22:46:48,476 | INFO |    AUC for fold 3: 0.6956
2025-12-13 22:46:49,969 | INFO |    AUC for fold 4: 0.6971
2025-12-13 22:46:51,622 | INFO |    AUC for fold 5: 0.7066
2025-12-13 22:46:51,629 | INFO | [deq] logreg FINAL OOF AUC: 0.6948
2025-12-13 22:47:03,361 | INFO |    AUC for fold 1: 0.6228
2025-12-13 22:47:15,476 | INFO |    AUC for fold 2: 0.6510
2025-12-13 22:47:27,168 | INFO |    AUC for fold 3: 0.6401
2025-12-13 22:47:39,184 | INFO |    AUC for fold 4: 0.6446
2025-12-13 22:47:50,964 | INFO |    AUC for fold 5: 0.6601
2025-12-13 22:47:51,001 | INFO | [deq] rf FINAL OOF AUC: 0.6438
2025-12-13 22:47:51,572 | INFO |    AUC for fold 1: 0.5312
2025-12-13 22:47:52,195 | INFO |    AUC for fold 2: 0.5439
2025-12-13 22:47:52,816 | INFO |    AUC for fold 3: 0.5273
2025-12-13 22:47:53,445 | INFO |    AUC for fold 4: 0.5374
2025-12-13 22:47:54,074 | INFO |    AUC for fold 5: 0.5332
2025-12-13 22:47:54,112 | INFO | [deq] knn FINAL OOF AUC: 0.5346
2025-12-13 22:47:54,113 | INFO | [deq] ✅ Top 3 Models by AUC: ['logreg', 'lgb', 'xgb']

2025-12-13 22:47:54,146 | INFO | ✅ Completed: Training Base Models on Delinquency Features in 79.28 seconds
2025-12-13 22:47:54,146 | INFO | 🔄 Starting: Training Base Models on Vintage Features
2025-12-13 22:47:54,345 | INFO |    AUC for fold 1: 0.5834
2025-12-13 22:47:54,488 | INFO |    AUC for fold 2: 0.5911
2025-12-13 22:47:54,632 | INFO |    AUC for fold 3: 0.5869
2025-12-13 22:47:54,776 | INFO |    AUC for fold 4: 0.6109
2025-12-13 22:47:54,922 | INFO |    AUC for fold 5: 0.6059
2025-12-13 22:47:54,928 | INFO | [vin] xgb FINAL OOF AUC: 0.5955
2025-12-13 22:47:55,249 | INFO |    AUC for fold 1: 0.5934
2025-12-13 22:47:55,568 | INFO |    AUC for fold 2: 0.6055
2025-12-13 22:47:55,894 | INFO |    AUC for fold 3: 0.6062
2025-12-13 22:47:56,220 | INFO |    AUC for fold 4: 0.6233
2025-12-13 22:47:56,545 | INFO |    AUC for fold 5: 0.6372
2025-12-13 22:47:56,550 | INFO | [vin] lgb FINAL OOF AUC: 0.6128
2025-12-13 22:47:56,663 | INFO |    AUC for fold 1: 0.5969
2025-12-13 22:47:56,762 | INFO |    AUC for fold 2: 0.5940
2025-12-13 22:47:56,875 | INFO |    AUC for fold 3: 0.5955
2025-12-13 22:47:57,038 | INFO |    AUC for fold 4: 0.6095
2025-12-13 22:47:57,245 | INFO |    AUC for fold 5: 0.6188
2025-12-13 22:47:57,251 | INFO | [vin] logreg FINAL OOF AUC: 0.6028
2025-12-13 22:48:00,376 | INFO |    AUC for fold 1: 0.5443
2025-12-13 22:48:03,416 | INFO |    AUC for fold 2: 0.5590
2025-12-13 22:48:06,516 | INFO |    AUC for fold 3: 0.5788
2025-12-13 22:48:09,586 | INFO |    AUC for fold 4: 0.6074
2025-12-13 22:48:12,690 | INFO |    AUC for fold 5: 0.5973
2025-12-13 22:48:12,729 | INFO | [vin] rf FINAL OOF AUC: 0.5772
2025-12-13 22:48:12,824 | INFO |    AUC for fold 1: 0.5219
2025-12-13 22:48:12,933 | INFO |    AUC for fold 2: 0.5229
2025-12-13 22:48:13,045 | INFO |    AUC for fold 3: 0.5054
2025-12-13 22:48:13,147 | INFO |    AUC for fold 4: 0.5177
2025-12-13 22:48:13,259 | INFO |    AUC for fold 5: 0.5038
2025-12-13 22:48:13,265 | INFO | [vin] knn FINAL OOF AUC: 0.5143
2025-12-13 22:48:13,265 | INFO | [vin] ✅ Top 3 Models by AUC: ['lgb', 'logreg', 'xgb']

2025-12-13 22:48:13,282 | INFO | ✅ Completed: Training Base Models on Vintage Features in 19.14 seconds
2025-12-13 22:48:13,282 | INFO | 🔄 Starting: Creating Meta-Model Training Set
2025-12-13 22:48:13,285 | INFO | ✅ Completed: Creating Meta-Model Training Set in 0.00 seconds
2025-12-13 22:48:13,286 | INFO | 🔄 Starting: Training Meta-Model
2025-12-13 22:48:13,413 | INFO | [META] Logistic Regression AUC (CV): 0.7385
2025-12-13 22:48:13,436 | INFO | ✅ Completed: Training Meta-Model in 0.15 seconds
2025-12-13 22:48:13,436 | INFO | 🎯 STRIKE Home Credit pipeline completed successfully.
