2025-04-20 11:34:37,218 | INFO | 🚀 Starting model stacking pipeline
2025-04-20 11:34:37,218 | INFO | 🔄 Starting: Loading Processed Datasets
2025-04-20 11:34:43,478 | INFO | ✅ Completed: Loading Processed Datasets in 6.26 seconds

2025-04-20 11:34:43,479 | INFO | 🔄 Starting: Demographic Base Models Training
2025-04-20 11:35:35,062 | INFO | 🚀 Starting model stacking pipeline
2025-04-20 11:35:35,062 | INFO | 🔄 Starting: Loading Processed Datasets
2025-04-20 11:35:41,353 | INFO | ✅ Completed: Loading Processed Datasets in 6.29 seconds
2025-04-20 11:35:41,353 | INFO | 🔄 Starting: Demographic Base Models Training
2025-04-20 11:35:44,003 | INFO |    AUC for fold 1: 0.7439
2025-04-20 11:35:46,205 | INFO |    AUC for fold 2: 0.7524
2025-04-20 11:35:48,622 | INFO |    AUC for fold 3: 0.7477
2025-04-20 11:35:50,822 | INFO |    AUC for fold 4: 0.7504
2025-04-20 11:35:52,894 | INFO |    AUC for fold 5: 0.7459
2025-04-20 11:35:52,947 | INFO | [demog] xgb FINAL OOF AUC: 0.7481
2025-04-20 11:35:54,533 | INFO |    AUC for fold 1: 0.7520
2025-04-20 11:35:56,033 | INFO |    AUC for fold 2: 0.7614
2025-04-20 11:35:57,515 | INFO |    AUC for fold 3: 0.7547
2025-04-20 11:35:58,980 | INFO |    AUC for fold 4: 0.7608
2025-04-20 11:36:00,495 | INFO |    AUC for fold 5: 0.7526
2025-04-20 11:36:00,549 | INFO | [demog] lgb FINAL OOF AUC: 0.7563
2025-04-20 11:36:09,410 | INFO |    AUC for fold 1: 0.6675
2025-04-20 11:36:19,483 | INFO |    AUC for fold 2: 0.6780
2025-04-20 11:36:29,415 | INFO |    AUC for fold 3: 0.6776
2025-04-20 11:36:38,184 | INFO |    AUC for fold 4: 0.6840
2025-04-20 11:36:47,811 | INFO |    AUC for fold 5: 0.6774
2025-04-20 11:36:47,876 | INFO | [demog] logreg FINAL OOF AUC: 0.6769
2025-04-20 11:37:43,922 | INFO |    AUC for fold 1: 0.7042
2025-04-20 11:38:40,843 | INFO |    AUC for fold 2: 0.7097
2025-04-20 11:39:37,283 | INFO |    AUC for fold 3: 0.6996
2025-04-20 11:40:34,544 | INFO |    AUC for fold 4: 0.7080
2025-04-20 11:41:30,753 | INFO |    AUC for fold 5: 0.7017
2025-04-20 11:41:30,895 | INFO | [demog] rf FINAL OOF AUC: 0.7046
2025-04-20 11:41:52,426 | INFO |    AUC for fold 1: 0.5397
2025-04-20 11:42:14,892 | INFO |    AUC for fold 2: 0.5460
2025-04-20 11:42:38,180 | INFO |    AUC for fold 3: 0.5396
2025-04-20 11:42:58,877 | INFO |    AUC for fold 4: 0.5440
2025-04-20 11:43:20,058 | INFO |    AUC for fold 5: 0.5426
2025-04-20 11:43:20,207 | INFO | [demog] knn FINAL OOF AUC: 0.5424
2025-04-20 11:43:20,207 | INFO | [demog] ✅ Top 3 Models by AUC: ['lgb', 'xgb', 'rf']

2025-04-20 11:43:20,508 | INFO | ✅ Completed: Demographic Base Models Training in 459.15 seconds

2025-04-20 11:43:20,508 | INFO | 🔄 Starting: Delinquency Base Models Training
2025-04-20 11:43:23,828 | INFO |    AUC for fold 1: 0.6709
2025-04-20 11:43:26,781 | INFO |    AUC for fold 2: 0.6725
2025-04-20 11:43:29,652 | INFO |    AUC for fold 3: 0.6655
2025-04-20 11:43:32,504 | INFO |    AUC for fold 4: 0.6769
2025-04-20 11:43:35,467 | INFO |    AUC for fold 5: 0.6697
2025-04-20 11:43:35,509 | INFO | [deq] xgb FINAL OOF AUC: 0.6711
2025-04-20 11:43:38,933 | INFO |    AUC for fold 1: 0.6831
2025-04-20 11:43:42,307 | INFO |    AUC for fold 2: 0.6886
2025-04-20 11:43:45,864 | INFO |    AUC for fold 3: 0.6799
2025-04-20 11:43:49,418 | INFO |    AUC for fold 4: 0.6965
2025-04-20 11:43:52,893 | INFO |    AUC for fold 5: 0.6851
2025-04-20 11:43:52,936 | INFO | [deq] lgb FINAL OOF AUC: 0.6866
2025-04-20 11:44:05,341 | INFO |    AUC for fold 1: 0.6346
2025-04-20 11:44:15,254 | INFO |    AUC for fold 2: 0.6351
2025-04-20 11:44:26,339 | INFO |    AUC for fold 3: 0.6297
2025-04-20 11:44:38,074 | INFO |    AUC for fold 4: 0.6357
2025-04-20 11:44:52,339 | INFO |    AUC for fold 5: 0.6335
2025-04-20 11:44:52,391 | INFO | [deq] logreg FINAL OOF AUC: 0.6338
2025-04-20 11:47:41,886 | INFO |    AUC for fold 1: 0.6421
2025-04-20 11:50:27,626 | INFO |    AUC for fold 2: 0.6523
2025-04-20 11:53:15,888 | INFO |    AUC for fold 3: 0.6376
2025-04-20 11:56:05,753 | INFO |    AUC for fold 4: 0.6599
2025-04-20 11:59:28,558 | INFO |    AUC for fold 5: 0.6489
2025-04-20 11:59:28,673 | INFO | [deq] rf FINAL OOF AUC: 0.6481
2025-04-20 11:59:51,175 | INFO |    AUC for fold 1: 0.5355
2025-04-20 12:00:13,381 | INFO |    AUC for fold 2: 0.5381
2025-04-20 12:00:35,923 | INFO |    AUC for fold 3: 0.5299
2025-04-20 12:00:58,458 | INFO |    AUC for fold 4: 0.5391
2025-04-20 12:01:21,602 | INFO |    AUC for fold 5: 0.5446
2025-04-20 12:01:21,756 | INFO | [deq] knn FINAL OOF AUC: 0.5374
2025-04-20 12:01:21,765 | INFO | [deq] ✅ Top 3 Models by AUC: ['lgb', 'xgb', 'rf']

2025-04-20 12:01:22,254 | INFO | ✅ Completed: Delinquency Base Models Training in 1081.75 seconds

2025-04-20 12:01:22,254 | INFO | 🔄 Starting: Vintage Base Models Training
2025-04-20 12:01:22,836 | INFO |    AUC for fold 1: 0.6320
2025-04-20 12:01:23,299 | INFO |    AUC for fold 2: 0.6288
2025-04-20 12:01:23,761 | INFO |    AUC for fold 3: 0.6328
2025-04-20 12:01:24,221 | INFO |    AUC for fold 4: 0.6313
2025-04-20 12:01:24,691 | INFO |    AUC for fold 5: 0.6274
2025-04-20 12:01:24,730 | INFO | [vin] xgb FINAL OOF AUC: 0.6304
2025-04-20 12:01:25,215 | INFO |    AUC for fold 1: 0.6479
2025-04-20 12:01:25,681 | INFO |    AUC for fold 2: 0.6418
2025-04-20 12:01:26,156 | INFO |    AUC for fold 3: 0.6393
2025-04-20 12:01:26,622 | INFO |    AUC for fold 4: 0.6445
2025-04-20 12:01:27,089 | INFO |    AUC for fold 5: 0.6374
2025-04-20 12:01:27,128 | INFO | [vin] lgb FINAL OOF AUC: 0.6421
2025-04-20 12:01:28,075 | INFO |    AUC for fold 1: 0.6200
2025-04-20 12:01:28,744 | INFO |    AUC for fold 2: 0.6196
2025-04-20 12:01:29,702 | INFO |    AUC for fold 3: 0.6225
2025-04-20 12:01:30,565 | INFO |    AUC for fold 4: 0.6237
2025-04-20 12:01:31,408 | INFO |    AUC for fold 5: 0.6168
2025-04-20 12:01:31,457 | INFO | [vin] logreg FINAL OOF AUC: 0.6205
2025-04-20 12:02:00,477 | INFO |    AUC for fold 1: 0.6079
2025-04-20 12:02:29,179 | INFO |    AUC for fold 2: 0.6078
2025-04-20 12:02:57,940 | INFO |    AUC for fold 3: 0.6107
2025-04-20 12:03:26,849 | INFO |    AUC for fold 4: 0.6102
2025-04-20 12:03:55,536 | INFO |    AUC for fold 5: 0.6015
2025-04-20 12:03:55,658 | INFO | [vin] rf FINAL OOF AUC: 0.6076
2025-04-20 12:04:00,016 | INFO |    AUC for fold 1: 0.5347
2025-04-20 12:04:04,378 | INFO |    AUC for fold 2: 0.5387
2025-04-20 12:04:08,682 | INFO |    AUC for fold 3: 0.5321
2025-04-20 12:04:12,964 | INFO |    AUC for fold 4: 0.5398
2025-04-20 12:04:17,310 | INFO |    AUC for fold 5: 0.5420
2025-04-20 12:04:17,356 | INFO | [vin] knn FINAL OOF AUC: 0.5375
2025-04-20 12:04:17,356 | INFO | [vin] ✅ Top 3 Models by AUC: ['lgb', 'xgb', 'logreg']

2025-04-20 12:04:17,416 | INFO | ✅ Completed: Vintage Base Models Training in 175.16 seconds

2025-04-20 12:04:17,417 | INFO | 🔄 Starting: Target Table Creation
2025-04-20 12:04:17,453 | INFO | ✅ Completed: Target Table Creation in 0.04 seconds

2025-04-20 12:04:17,453 | INFO | 🔄 Starting: Meta Model Training
2025-04-20 12:04:17,995 | INFO | [META] Logistic Regression AUC (CV): 0.7661
2025-04-20 12:04:18,101 | INFO | ✅ Completed: Meta Model Training in 0.65 seconds
2026-03-09 10:07:50,292 | INFO | 🚀 Starting STRIKE Home Credit Model Stacking Pipeline
2026-03-09 10:07:50,292 | INFO | 🔄 Starting: Preprocessing DEMOG Features
2026-03-09 10:07:54,421 | INFO | ✅ Completed: Preprocessing DEMOG Features in 4.13 seconds
2026-03-09 10:07:54,421 | INFO | 🔄 Starting: Preprocessing DEQ Features
2026-03-09 10:07:58,201 | INFO | ✅ Completed: Preprocessing DEQ Features in 3.78 seconds
2026-03-09 10:07:58,201 | INFO | 🔄 Starting: Preprocessing Vintage Features
2026-03-09 10:08:02,743 | INFO | ✅ Completed: Preprocessing Vintage Features in 4.54 seconds
2026-03-09 10:08:02,743 | INFO | 🔄 Starting: Training Base Models on Demographic Features
2026-03-09 10:08:03,312 | INFO |    AUC for fold 1: 0.6654
2026-03-09 10:08:03,814 | INFO |    AUC for fold 2: 0.6768
2026-03-09 10:08:04,517 | INFO |    AUC for fold 3: 0.6885
2026-03-09 10:08:05,035 | INFO |    AUC for fold 4: 0.6904
2026-03-09 10:08:05,552 | INFO |    AUC for fold 5: 0.6904
2026-03-09 10:08:05,560 | INFO | [demog] xgb FINAL OOF AUC: 0.6822
2026-03-09 10:08:06,476 | INFO |    AUC for fold 1: 0.7025
2026-03-09 10:08:07,285 | INFO |    AUC for fold 2: 0.7196
2026-03-09 10:08:07,906 | INFO |    AUC for fold 3: 0.7041
2026-03-09 10:08:08,520 | INFO |    AUC for fold 4: 0.7241
2026-03-09 10:08:09,326 | INFO |    AUC for fold 5: 0.7261
2026-03-09 10:08:09,334 | INFO | [demog] lgb FINAL OOF AUC: 0.7151
2026-03-09 10:08:10,240 | INFO |    AUC for fold 1: 0.6614
2026-03-09 10:08:11,212 | INFO |    AUC for fold 2: 0.6901
2026-03-09 10:08:12,285 | INFO |    AUC for fold 3: 0.6811
2026-03-09 10:08:13,418 | INFO |    AUC for fold 4: 0.6900
2026-03-09 10:08:14,423 | INFO |    AUC for fold 5: 0.6914
2026-03-09 10:08:14,465 | INFO | [demog] logreg FINAL OOF AUC: 0.6826
2026-03-09 10:08:26,706 | INFO |    AUC for fold 1: 0.6710
2026-03-09 10:08:39,365 | INFO |    AUC for fold 2: 0.6833
2026-03-09 10:08:52,524 | INFO |    AUC for fold 3: 0.6640
2026-03-09 10:09:04,787 | INFO |    AUC for fold 4: 0.6986
2026-03-09 10:09:16,978 | INFO |    AUC for fold 5: 0.6853
2026-03-09 10:09:17,026 | INFO | [demog] rf FINAL OOF AUC: 0.6803
2026-03-09 10:09:17,589 | INFO |    AUC for fold 1: 0.5552
2026-03-09 10:09:18,099 | INFO |    AUC for fold 2: 0.5612
2026-03-09 10:09:18,597 | INFO |    AUC for fold 3: 0.5570
2026-03-09 10:09:19,105 | INFO |    AUC for fold 4: 0.5708
2026-03-09 10:09:19,620 | INFO |    AUC for fold 5: 0.5445
2026-03-09 10:09:19,667 | INFO | [demog] knn FINAL OOF AUC: 0.5577
2026-03-09 10:09:19,674 | INFO | [demog] ✅ Top 3 Models by AUC: ['lgb', 'logreg', 'xgb']

2026-03-09 10:09:19,726 | INFO | ✅ Completed: Training Base Models on Demographic Features in 76.98 seconds
2026-03-09 10:09:19,726 | INFO | 🔄 Starting: Training Base Models on Delinquency Features
2026-03-09 10:09:20,311 | INFO |    AUC for fold 1: 0.6567
2026-03-09 10:09:20,792 | INFO |    AUC for fold 2: 0.6535
2026-03-09 10:09:21,240 | INFO |    AUC for fold 3: 0.6463
2026-03-09 10:09:21,686 | INFO |    AUC for fold 4: 0.6489
2026-03-09 10:09:22,128 | INFO |    AUC for fold 5: 0.6718
2026-03-09 10:09:22,136 | INFO | [deq] xgb FINAL OOF AUC: 0.6553
2026-03-09 10:09:22,703 | INFO |    AUC for fold 1: 0.6855
2026-03-09 10:09:23,263 | INFO |    AUC for fold 2: 0.6804
2026-03-09 10:09:23,832 | INFO |    AUC for fold 3: 0.6699
2026-03-09 10:09:24,407 | INFO |    AUC for fold 4: 0.6958
2026-03-09 10:09:24,966 | INFO |    AUC for fold 5: 0.6973
2026-03-09 10:09:24,973 | INFO | [deq] lgb FINAL OOF AUC: 0.6857
2026-03-09 10:09:26,118 | INFO |    AUC for fold 1: 0.6576
2026-03-09 10:09:27,268 | INFO |    AUC for fold 2: 0.6901
2026-03-09 10:09:28,346 | INFO |    AUC for fold 3: 0.6637
2026-03-09 10:09:29,439 | INFO |    AUC for fold 4: 0.6822
2026-03-09 10:09:30,568 | INFO |    AUC for fold 5: 0.6830
2026-03-09 10:09:30,575 | INFO | [deq] logreg FINAL OOF AUC: 0.6751
2026-03-09 10:09:43,439 | INFO |    AUC for fold 1: 0.6370
2026-03-09 10:09:55,640 | INFO |    AUC for fold 2: 0.6353
2026-03-09 10:10:07,851 | INFO |    AUC for fold 3: 0.6295
2026-03-09 10:10:19,767 | INFO |    AUC for fold 4: 0.6538
2026-03-09 10:10:31,733 | INFO |    AUC for fold 5: 0.6575
2026-03-09 10:10:31,782 | INFO | [deq] rf FINAL OOF AUC: 0.6426
2026-03-09 10:10:32,191 | INFO |    AUC for fold 1: 0.5357
2026-03-09 10:10:32,620 | INFO |    AUC for fold 2: 0.5280
2026-03-09 10:10:33,038 | INFO |    AUC for fold 3: 0.5286
2026-03-09 10:10:33,465 | INFO |    AUC for fold 4: 0.5450
2026-03-09 10:10:33,894 | INFO |    AUC for fold 5: 0.5373
2026-03-09 10:10:33,927 | INFO | [deq] knn FINAL OOF AUC: 0.5350
2026-03-09 10:10:33,927 | INFO | [deq] ✅ Top 3 Models by AUC: ['lgb', 'logreg', 'xgb']

2026-03-09 10:10:33,951 | INFO | ✅ Completed: Training Base Models on Delinquency Features in 74.23 seconds
2026-03-09 10:10:33,952 | INFO | 🔄 Starting: Training Base Models on Vintage Features
2026-03-09 10:10:34,546 | INFO |    AUC for fold 1: 0.6884
2026-03-09 10:10:35,056 | INFO |    AUC for fold 2: 0.6962
2026-03-09 10:10:35,565 | INFO |    AUC for fold 3: 0.6807
2026-03-09 10:10:36,086 | INFO |    AUC for fold 4: 0.7031
2026-03-09 10:10:36,612 | INFO |    AUC for fold 5: 0.6846
2026-03-09 10:10:36,620 | INFO | [vin] xgb FINAL OOF AUC: 0.6905
2026-03-09 10:10:37,209 | INFO |    AUC for fold 1: 0.6983
2026-03-09 10:10:37,793 | INFO |    AUC for fold 2: 0.7171
2026-03-09 10:10:38,380 | INFO |    AUC for fold 3: 0.7145
2026-03-09 10:10:38,968 | INFO |    AUC for fold 4: 0.7267
2026-03-09 10:10:39,557 | INFO |    AUC for fold 5: 0.7177
2026-03-09 10:10:39,565 | INFO | [vin] lgb FINAL OOF AUC: 0.7147
2026-03-09 10:10:40,222 | INFO |    AUC for fold 1: 0.6625
2026-03-09 10:10:40,953 | INFO |    AUC for fold 2: 0.6877
2026-03-09 10:10:41,923 | INFO |    AUC for fold 3: 0.6675
2026-03-09 10:10:42,803 | INFO |    AUC for fold 4: 0.6865
2026-03-09 10:10:43,482 | INFO |    AUC for fold 5: 0.6749
2026-03-09 10:10:43,490 | INFO | [vin] logreg FINAL OOF AUC: 0.6757
2026-03-09 10:10:56,271 | INFO |    AUC for fold 1: 0.6657
2026-03-09 10:11:08,949 | INFO |    AUC for fold 2: 0.6565
2026-03-09 10:11:21,578 | INFO |    AUC for fold 3: 0.6616
2026-03-09 10:11:34,026 | INFO |    AUC for fold 4: 0.6712
2026-03-09 10:11:46,694 | INFO |    AUC for fold 5: 0.6581
2026-03-09 10:11:46,735 | INFO | [vin] rf FINAL OOF AUC: 0.6626
2026-03-09 10:11:47,244 | INFO |    AUC for fold 1: 0.5383
2026-03-09 10:11:47,809 | INFO |    AUC for fold 2: 0.5345
2026-03-09 10:11:48,374 | INFO |    AUC for fold 3: 0.5288
2026-03-09 10:11:48,947 | INFO |    AUC for fold 4: 0.5388
2026-03-09 10:11:49,518 | INFO |    AUC for fold 5: 0.5514
2026-03-09 10:11:49,575 | INFO | [vin] knn FINAL OOF AUC: 0.5384
2026-03-09 10:11:49,575 | INFO | [vin] ✅ Top 3 Models by AUC: ['lgb', 'xgb', 'logreg']

2026-03-09 10:11:49,601 | INFO | ✅ Completed: Training Base Models on Vintage Features in 75.65 seconds
2026-03-09 10:11:49,601 | INFO | 🔄 Starting: Creating Meta-Model Training Set
2026-03-09 10:11:49,608 | INFO | ✅ Completed: Creating Meta-Model Training Set in 0.01 seconds
2026-03-09 10:11:49,608 | INFO | 🔄 Starting: Training Meta-Model
2026-03-09 10:11:49,708 | INFO | [META] Logistic Regression AUC (CV): 0.7392
2026-03-09 10:11:49,729 | INFO | ✅ Completed: Training Meta-Model in 0.12 seconds
2026-03-09 10:11:49,729 | INFO | 🎯 STRIKE Home Credit pipeline completed successfully.
