2025-04-20 11:34:37,218 | INFO | 🚀 Starting model stacking pipeline
2025-04-20 11:34:37,218 | INFO | 🔄 Starting: Loading Processed Datasets
2025-04-20 11:34:43,478 | INFO | ✅ Completed: Loading Processed Datasets in 6.26 seconds

2025-04-20 11:34:43,479 | INFO | 🔄 Starting: Demographic Base Models Training
2025-04-20 11:35:35,062 | INFO | 🚀 Starting model stacking pipeline
2025-04-20 11:35:35,062 | INFO | 🔄 Starting: Loading Processed Datasets
2025-04-20 11:35:41,353 | INFO | ✅ Completed: Loading Processed Datasets in 6.29 seconds
2025-04-20 11:35:41,353 | INFO | 🔄 Starting: Demographic Base Models Training
2025-04-20 11:35:44,003 | INFO |    AUC for fold 1: 0.7439
2025-04-20 11:35:46,205 | INFO |    AUC for fold 2: 0.7524
2025-04-20 11:35:48,622 | INFO |    AUC for fold 3: 0.7477
2025-04-20 11:35:50,822 | INFO |    AUC for fold 4: 0.7504
2025-04-20 11:35:52,894 | INFO |    AUC for fold 5: 0.7459
2025-04-20 11:35:52,947 | INFO | [demog] xgb FINAL OOF AUC: 0.7481
2025-04-20 11:35:54,533 | INFO |    AUC for fold 1: 0.7520
2025-04-20 11:35:56,033 | INFO |    AUC for fold 2: 0.7614
2025-04-20 11:35:57,515 | INFO |    AUC for fold 3: 0.7547
2025-04-20 11:35:58,980 | INFO |    AUC for fold 4: 0.7608
2025-04-20 11:36:00,495 | INFO |    AUC for fold 5: 0.7526
2025-04-20 11:36:00,549 | INFO | [demog] lgb FINAL OOF AUC: 0.7563
2025-04-20 11:36:09,410 | INFO |    AUC for fold 1: 0.6675
2025-04-20 11:36:19,483 | INFO |    AUC for fold 2: 0.6780
2025-04-20 11:36:29,415 | INFO |    AUC for fold 3: 0.6776
2025-04-20 11:36:38,184 | INFO |    AUC for fold 4: 0.6840
2025-04-20 11:36:47,811 | INFO |    AUC for fold 5: 0.6774
2025-04-20 11:36:47,876 | INFO | [demog] logreg FINAL OOF AUC: 0.6769
2025-04-20 11:37:43,922 | INFO |    AUC for fold 1: 0.7042
2025-04-20 11:38:40,843 | INFO |    AUC for fold 2: 0.7097
2025-04-20 11:39:37,283 | INFO |    AUC for fold 3: 0.6996
2025-04-20 11:40:34,544 | INFO |    AUC for fold 4: 0.7080
2025-04-20 11:41:30,753 | INFO |    AUC for fold 5: 0.7017
2025-04-20 11:41:30,895 | INFO | [demog] rf FINAL OOF AUC: 0.7046
2025-04-20 11:41:52,426 | INFO |    AUC for fold 1: 0.5397
2025-04-20 11:42:14,892 | INFO |    AUC for fold 2: 0.5460
2025-04-20 11:42:38,180 | INFO |    AUC for fold 3: 0.5396
2025-04-20 11:42:58,877 | INFO |    AUC for fold 4: 0.5440
2025-04-20 11:43:20,058 | INFO |    AUC for fold 5: 0.5426
2025-04-20 11:43:20,207 | INFO | [demog] knn FINAL OOF AUC: 0.5424
2025-04-20 11:43:20,207 | INFO | [demog] ✅ Top 3 Models by AUC: ['lgb', 'xgb', 'rf']

2025-04-20 11:43:20,508 | INFO | ✅ Completed: Demographic Base Models Training in 459.15 seconds

2025-04-20 11:43:20,508 | INFO | 🔄 Starting: Delinquency Base Models Training
2025-04-20 11:43:23,828 | INFO |    AUC for fold 1: 0.6709
2025-04-20 11:43:26,781 | INFO |    AUC for fold 2: 0.6725
2025-04-20 11:43:29,652 | INFO |    AUC for fold 3: 0.6655
2025-04-20 11:43:32,504 | INFO |    AUC for fold 4: 0.6769
2025-04-20 11:43:35,467 | INFO |    AUC for fold 5: 0.6697
2025-04-20 11:43:35,509 | INFO | [deq] xgb FINAL OOF AUC: 0.6711
2025-04-20 11:43:38,933 | INFO |    AUC for fold 1: 0.6831
2025-04-20 11:43:42,307 | INFO |    AUC for fold 2: 0.6886
2025-04-20 11:43:45,864 | INFO |    AUC for fold 3: 0.6799
2025-04-20 11:43:49,418 | INFO |    AUC for fold 4: 0.6965
2025-04-20 11:43:52,893 | INFO |    AUC for fold 5: 0.6851
2025-04-20 11:43:52,936 | INFO | [deq] lgb FINAL OOF AUC: 0.6866
2025-04-20 11:44:05,341 | INFO |    AUC for fold 1: 0.6346
2025-04-20 11:44:15,254 | INFO |    AUC for fold 2: 0.6351
2025-04-20 11:44:26,339 | INFO |    AUC for fold 3: 0.6297
2025-04-20 11:44:38,074 | INFO |    AUC for fold 4: 0.6357
2025-04-20 11:44:52,339 | INFO |    AUC for fold 5: 0.6335
2025-04-20 11:44:52,391 | INFO | [deq] logreg FINAL OOF AUC: 0.6338
2025-04-20 11:47:41,886 | INFO |    AUC for fold 1: 0.6421
2025-04-20 11:50:27,626 | INFO |    AUC for fold 2: 0.6523
2025-04-20 11:53:15,888 | INFO |    AUC for fold 3: 0.6376
2025-04-20 11:56:05,753 | INFO |    AUC for fold 4: 0.6599
2025-04-20 11:59:28,558 | INFO |    AUC for fold 5: 0.6489
2025-04-20 11:59:28,673 | INFO | [deq] rf FINAL OOF AUC: 0.6481
2025-04-20 11:59:51,175 | INFO |    AUC for fold 1: 0.5355
2025-04-20 12:00:13,381 | INFO |    AUC for fold 2: 0.5381
2025-04-20 12:00:35,923 | INFO |    AUC for fold 3: 0.5299
2025-04-20 12:00:58,458 | INFO |    AUC for fold 4: 0.5391
2025-04-20 12:01:21,602 | INFO |    AUC for fold 5: 0.5446
2025-04-20 12:01:21,756 | INFO | [deq] knn FINAL OOF AUC: 0.5374
2025-04-20 12:01:21,765 | INFO | [deq] ✅ Top 3 Models by AUC: ['lgb', 'xgb', 'rf']

2025-04-20 12:01:22,254 | INFO | ✅ Completed: Delinquency Base Models Training in 1081.75 seconds

2025-04-20 12:01:22,254 | INFO | 🔄 Starting: Vintage Base Models Training
2025-04-20 12:01:22,836 | INFO |    AUC for fold 1: 0.6320
2025-04-20 12:01:23,299 | INFO |    AUC for fold 2: 0.6288
2025-04-20 12:01:23,761 | INFO |    AUC for fold 3: 0.6328
2025-04-20 12:01:24,221 | INFO |    AUC for fold 4: 0.6313
2025-04-20 12:01:24,691 | INFO |    AUC for fold 5: 0.6274
2025-04-20 12:01:24,730 | INFO | [vin] xgb FINAL OOF AUC: 0.6304
2025-04-20 12:01:25,215 | INFO |    AUC for fold 1: 0.6479
2025-04-20 12:01:25,681 | INFO |    AUC for fold 2: 0.6418
2025-04-20 12:01:26,156 | INFO |    AUC for fold 3: 0.6393
2025-04-20 12:01:26,622 | INFO |    AUC for fold 4: 0.6445
2025-04-20 12:01:27,089 | INFO |    AUC for fold 5: 0.6374
2025-04-20 12:01:27,128 | INFO | [vin] lgb FINAL OOF AUC: 0.6421
2025-04-20 12:01:28,075 | INFO |    AUC for fold 1: 0.6200
2025-04-20 12:01:28,744 | INFO |    AUC for fold 2: 0.6196
2025-04-20 12:01:29,702 | INFO |    AUC for fold 3: 0.6225
2025-04-20 12:01:30,565 | INFO |    AUC for fold 4: 0.6237
2025-04-20 12:01:31,408 | INFO |    AUC for fold 5: 0.6168
2025-04-20 12:01:31,457 | INFO | [vin] logreg FINAL OOF AUC: 0.6205
2025-04-20 12:02:00,477 | INFO |    AUC for fold 1: 0.6079
2025-04-20 12:02:29,179 | INFO |    AUC for fold 2: 0.6078
2025-04-20 12:02:57,940 | INFO |    AUC for fold 3: 0.6107
2025-04-20 12:03:26,849 | INFO |    AUC for fold 4: 0.6102
2025-04-20 12:03:55,536 | INFO |    AUC for fold 5: 0.6015
2025-04-20 12:03:55,658 | INFO | [vin] rf FINAL OOF AUC: 0.6076
2025-04-20 12:04:00,016 | INFO |    AUC for fold 1: 0.5347
2025-04-20 12:04:04,378 | INFO |    AUC for fold 2: 0.5387
2025-04-20 12:04:08,682 | INFO |    AUC for fold 3: 0.5321
2025-04-20 12:04:12,964 | INFO |    AUC for fold 4: 0.5398
2025-04-20 12:04:17,310 | INFO |    AUC for fold 5: 0.5420
2025-04-20 12:04:17,356 | INFO | [vin] knn FINAL OOF AUC: 0.5375
2025-04-20 12:04:17,356 | INFO | [vin] ✅ Top 3 Models by AUC: ['lgb', 'xgb', 'logreg']

2025-04-20 12:04:17,416 | INFO | ✅ Completed: Vintage Base Models Training in 175.16 seconds

2025-04-20 12:04:17,417 | INFO | 🔄 Starting: Target Table Creation
2025-04-20 12:04:17,453 | INFO | ✅ Completed: Target Table Creation in 0.04 seconds

2025-04-20 12:04:17,453 | INFO | 🔄 Starting: Meta Model Training
2025-04-20 12:04:17,995 | INFO | [META] Logistic Regression AUC (CV): 0.7661
2025-04-20 12:04:18,101 | INFO | ✅ Completed: Meta Model Training in 0.65 seconds
2025-12-13 22:25:11,382 | INFO | 🚀 Starting STRIKE Home Credit Model Stacking Pipeline
2025-12-13 22:25:11,382 | INFO | 🔄 Starting: Preprocessing DEMOG Features
2025-12-13 22:25:13,364 | INFO | ✅ Completed: Preprocessing DEMOG Features in 1.98 seconds
2025-12-13 22:25:13,364 | INFO | 🔄 Starting: Preprocessing DEQ Features
2025-12-13 22:25:17,827 | INFO | ✅ Completed: Preprocessing DEQ Features in 4.46 seconds
2025-12-13 22:25:17,830 | INFO | 🔄 Starting: Preprocessing Vintage Features
2025-12-13 22:25:18,443 | INFO | ✅ Completed: Preprocessing Vintage Features in 0.61 seconds
2025-12-13 22:25:18,443 | INFO | 🔄 Starting: Training Base Models on Demographic Features
2025-12-13 22:25:18,803 | INFO |    AUC for fold 1: 0.6602
2025-12-13 22:25:19,119 | INFO |    AUC for fold 2: 0.6851
2025-12-13 22:25:19,416 | INFO |    AUC for fold 3: 0.6816
2025-12-13 22:25:19,715 | INFO |    AUC for fold 4: 0.6756
2025-12-13 22:25:20,022 | INFO |    AUC for fold 5: 0.6943
2025-12-13 22:25:20,026 | INFO | [demog] xgb FINAL OOF AUC: 0.6793
2025-12-13 22:25:20,554 | INFO |    AUC for fold 1: 0.6800
2025-12-13 22:25:20,963 | INFO |    AUC for fold 2: 0.7076
2025-12-13 22:25:21,364 | INFO |    AUC for fold 3: 0.6988
2025-12-13 22:25:21,874 | INFO |    AUC for fold 4: 0.6979
2025-12-13 22:25:22,279 | INFO |    AUC for fold 5: 0.7136
2025-12-13 22:25:22,284 | INFO | [demog] lgb FINAL OOF AUC: 0.6994
2025-12-13 22:25:22,671 | INFO |    AUC for fold 1: 0.6528
2025-12-13 22:25:22,983 | INFO |    AUC for fold 2: 0.6732
2025-12-13 22:25:23,414 | INFO |    AUC for fold 3: 0.6798
2025-12-13 22:25:23,731 | INFO |    AUC for fold 4: 0.6707
2025-12-13 22:25:24,013 | INFO |    AUC for fold 5: 0.6729
2025-12-13 22:25:24,017 | INFO | [demog] logreg FINAL OOF AUC: 0.6697
2025-12-13 22:25:29,420 | INFO |    AUC for fold 1: 0.6341
2025-12-13 22:25:35,064 | INFO |    AUC for fold 2: 0.6603
2025-12-13 22:25:40,560 | INFO |    AUC for fold 3: 0.6782
2025-12-13 22:25:45,994 | INFO |    AUC for fold 4: 0.6685
2025-12-13 22:25:51,448 | INFO |    AUC for fold 5: 0.6745
2025-12-13 22:25:51,479 | INFO | [demog] rf FINAL OOF AUC: 0.6630
2025-12-13 22:25:51,811 | INFO |    AUC for fold 1: 0.5232
2025-12-13 22:25:52,076 | INFO |    AUC for fold 2: 0.5581
2025-12-13 22:25:52,320 | INFO |    AUC for fold 3: 0.5455
2025-12-13 22:25:52,600 | INFO |    AUC for fold 4: 0.5394
2025-12-13 22:25:52,896 | INFO |    AUC for fold 5: 0.5190
2025-12-13 22:25:52,923 | INFO | [demog] knn FINAL OOF AUC: 0.5370
2025-12-13 22:25:52,923 | INFO | [demog] ✅ Top 3 Models by AUC: ['lgb', 'xgb', 'logreg']

2025-12-13 22:25:52,942 | INFO | ✅ Completed: Training Base Models on Demographic Features in 34.50 seconds
2025-12-13 22:25:52,942 | INFO | 🔄 Starting: Training Base Models on Delinquency Features
2025-12-13 22:25:53,774 | INFO |    AUC for fold 1: 0.6518
2025-12-13 22:25:54,419 | INFO |    AUC for fold 2: 0.6937
2025-12-13 22:25:55,222 | INFO |    AUC for fold 3: 0.6707
2025-12-13 22:25:56,086 | INFO |    AUC for fold 4: 0.6913
2025-12-13 22:25:56,791 | INFO |    AUC for fold 5: 0.7077
2025-12-13 22:25:56,796 | INFO | [deq] xgb FINAL OOF AUC: 0.6822
2025-12-13 22:25:57,659 | INFO |    AUC for fold 1: 0.6808
2025-12-13 22:25:58,533 | INFO |    AUC for fold 2: 0.7178
2025-12-13 22:25:59,399 | INFO |    AUC for fold 3: 0.7062
2025-12-13 22:26:00,255 | INFO |    AUC for fold 4: 0.7179
2025-12-13 22:26:01,116 | INFO |    AUC for fold 5: 0.7349
2025-12-13 22:26:01,121 | INFO | [deq] lgb FINAL OOF AUC: 0.7111
2025-12-13 22:26:02,722 | INFO |    AUC for fold 1: 0.6648
2025-12-13 22:26:04,577 | INFO |    AUC for fold 2: 0.6963
2025-12-13 22:26:05,918 | INFO |    AUC for fold 3: 0.6969
2025-12-13 22:26:07,097 | INFO |    AUC for fold 4: 0.6902
2025-12-13 22:26:08,304 | INFO |    AUC for fold 5: 0.7081
2025-12-13 22:26:08,311 | INFO | [deq] logreg FINAL OOF AUC: 0.6910
2025-12-13 22:26:18,607 | INFO |    AUC for fold 1: 0.6365
2025-12-13 22:26:29,172 | INFO |    AUC for fold 2: 0.6693
2025-12-13 22:26:39,426 | INFO |    AUC for fold 3: 0.6502
2025-12-13 22:26:50,327 | INFO |    AUC for fold 4: 0.6577
2025-12-13 22:27:01,223 | INFO |    AUC for fold 5: 0.6876
2025-12-13 22:27:01,249 | INFO | [deq] rf FINAL OOF AUC: 0.6602
2025-12-13 22:27:01,857 | INFO |    AUC for fold 1: 0.5286
2025-12-13 22:27:02,401 | INFO |    AUC for fold 2: 0.5204
2025-12-13 22:27:03,096 | INFO |    AUC for fold 3: 0.5415
2025-12-13 22:27:03,597 | INFO |    AUC for fold 4: 0.5352
2025-12-13 22:27:04,105 | INFO |    AUC for fold 5: 0.5436
2025-12-13 22:27:04,134 | INFO | [deq] knn FINAL OOF AUC: 0.5339
2025-12-13 22:27:04,134 | INFO | [deq] ✅ Top 3 Models by AUC: ['lgb', 'logreg', 'xgb']

2025-12-13 22:27:04,170 | INFO | ✅ Completed: Training Base Models on Delinquency Features in 71.23 seconds
2025-12-13 22:27:04,170 | INFO | 🔄 Starting: Training Base Models on Vintage Features
2025-12-13 22:27:04,389 | INFO |    AUC for fold 1: 0.6139
2025-12-13 22:27:04,580 | INFO |    AUC for fold 2: 0.6335
2025-12-13 22:27:04,760 | INFO |    AUC for fold 3: 0.6058
2025-12-13 22:27:04,921 | INFO |    AUC for fold 4: 0.6277
2025-12-13 22:27:05,067 | INFO |    AUC for fold 5: 0.6161
2025-12-13 22:27:05,072 | INFO | [vin] xgb FINAL OOF AUC: 0.6192
2025-12-13 22:27:05,384 | INFO |    AUC for fold 1: 0.6267
2025-12-13 22:27:05,693 | INFO |    AUC for fold 2: 0.6469
2025-12-13 22:27:06,043 | INFO |    AUC for fold 3: 0.6244
2025-12-13 22:27:06,384 | INFO |    AUC for fold 4: 0.6495
2025-12-13 22:27:06,700 | INFO |    AUC for fold 5: 0.6586
2025-12-13 22:27:06,705 | INFO | [vin] lgb FINAL OOF AUC: 0.6409
2025-12-13 22:27:06,806 | INFO |    AUC for fold 1: 0.6118
2025-12-13 22:27:06,917 | INFO |    AUC for fold 2: 0.6194
2025-12-13 22:27:07,202 | INFO |    AUC for fold 3: 0.6119
2025-12-13 22:27:07,288 | INFO |    AUC for fold 4: 0.6218
2025-12-13 22:27:07,418 | INFO |    AUC for fold 5: 0.6396
2025-12-13 22:27:07,424 | INFO | [vin] logreg FINAL OOF AUC: 0.6207
2025-12-13 22:27:10,263 | INFO |    AUC for fold 1: 0.5722
2025-12-13 22:27:13,061 | INFO |    AUC for fold 2: 0.5972
2025-12-13 22:27:16,144 | INFO |    AUC for fold 3: 0.5946
2025-12-13 22:27:19,019 | INFO |    AUC for fold 4: 0.6026
2025-12-13 22:27:21,850 | INFO |    AUC for fold 5: 0.6082
2025-12-13 22:27:21,875 | INFO | [vin] rf FINAL OOF AUC: 0.5949
2025-12-13 22:27:21,968 | INFO |    AUC for fold 1: 0.5236
2025-12-13 22:27:22,064 | INFO |    AUC for fold 2: 0.5166
2025-12-13 22:27:22,157 | INFO |    AUC for fold 3: 0.5405
2025-12-13 22:27:22,249 | INFO |    AUC for fold 4: 0.5331
2025-12-13 22:27:22,336 | INFO |    AUC for fold 5: 0.5262
2025-12-13 22:27:22,341 | INFO | [vin] knn FINAL OOF AUC: 0.5280
2025-12-13 22:27:22,341 | INFO | [vin] ✅ Top 3 Models by AUC: ['lgb', 'logreg', 'xgb']

2025-12-13 22:27:22,358 | INFO | ✅ Completed: Training Base Models on Vintage Features in 18.19 seconds
2025-12-13 22:27:22,358 | INFO | 🔄 Starting: Creating Meta-Model Training Set
2025-12-13 22:27:22,363 | INFO | ✅ Completed: Creating Meta-Model Training Set in 0.00 seconds
2025-12-13 22:27:22,363 | INFO | 🔄 Starting: Training Meta-Model
2025-12-13 22:27:22,470 | INFO | [META] Logistic Regression AUC (CV): 0.7330
2025-12-13 22:27:22,493 | INFO | ✅ Completed: Training Meta-Model in 0.13 seconds
2025-12-13 22:27:22,493 | INFO | 🎯 STRIKE Home Credit pipeline completed successfully.
