2025-04-20 11:34:37,218 | INFO | 🚀 Starting model stacking pipeline
2025-04-20 11:34:37,218 | INFO | 🔄 Starting: Loading Processed Datasets
2025-04-20 11:34:43,478 | INFO | ✅ Completed: Loading Processed Datasets in 6.26 seconds

2025-04-20 11:34:43,479 | INFO | 🔄 Starting: Demographic Base Models Training
2025-04-20 11:35:35,062 | INFO | 🚀 Starting model stacking pipeline
2025-04-20 11:35:35,062 | INFO | 🔄 Starting: Loading Processed Datasets
2025-04-20 11:35:41,353 | INFO | ✅ Completed: Loading Processed Datasets in 6.29 seconds
2025-04-20 11:35:41,353 | INFO | 🔄 Starting: Demographic Base Models Training
2025-04-20 11:35:44,003 | INFO |    AUC for fold 1: 0.7439
2025-04-20 11:35:46,205 | INFO |    AUC for fold 2: 0.7524
2025-04-20 11:35:48,622 | INFO |    AUC for fold 3: 0.7477
2025-04-20 11:35:50,822 | INFO |    AUC for fold 4: 0.7504
2025-04-20 11:35:52,894 | INFO |    AUC for fold 5: 0.7459
2025-04-20 11:35:52,947 | INFO | [demog] xgb FINAL OOF AUC: 0.7481
2025-04-20 11:35:54,533 | INFO |    AUC for fold 1: 0.7520
2025-04-20 11:35:56,033 | INFO |    AUC for fold 2: 0.7614
2025-04-20 11:35:57,515 | INFO |    AUC for fold 3: 0.7547
2025-04-20 11:35:58,980 | INFO |    AUC for fold 4: 0.7608
2025-04-20 11:36:00,495 | INFO |    AUC for fold 5: 0.7526
2025-04-20 11:36:00,549 | INFO | [demog] lgb FINAL OOF AUC: 0.7563
2025-04-20 11:36:09,410 | INFO |    AUC for fold 1: 0.6675
2025-04-20 11:36:19,483 | INFO |    AUC for fold 2: 0.6780
2025-04-20 11:36:29,415 | INFO |    AUC for fold 3: 0.6776
2025-04-20 11:36:38,184 | INFO |    AUC for fold 4: 0.6840
2025-04-20 11:36:47,811 | INFO |    AUC for fold 5: 0.6774
2025-04-20 11:36:47,876 | INFO | [demog] logreg FINAL OOF AUC: 0.6769
2025-04-20 11:37:43,922 | INFO |    AUC for fold 1: 0.7042
2025-04-20 11:38:40,843 | INFO |    AUC for fold 2: 0.7097
2025-04-20 11:39:37,283 | INFO |    AUC for fold 3: 0.6996
2025-04-20 11:40:34,544 | INFO |    AUC for fold 4: 0.7080
2025-04-20 11:41:30,753 | INFO |    AUC for fold 5: 0.7017
2025-04-20 11:41:30,895 | INFO | [demog] rf FINAL OOF AUC: 0.7046
2025-04-20 11:41:52,426 | INFO |    AUC for fold 1: 0.5397
2025-04-20 11:42:14,892 | INFO |    AUC for fold 2: 0.5460
2025-04-20 11:42:38,180 | INFO |    AUC for fold 3: 0.5396
2025-04-20 11:42:58,877 | INFO |    AUC for fold 4: 0.5440
2025-04-20 11:43:20,058 | INFO |    AUC for fold 5: 0.5426
2025-04-20 11:43:20,207 | INFO | [demog] knn FINAL OOF AUC: 0.5424
2025-04-20 11:43:20,207 | INFO | [demog] ✅ Top 3 Models by AUC: ['lgb', 'xgb', 'rf']

2025-04-20 11:43:20,508 | INFO | ✅ Completed: Demographic Base Models Training in 459.15 seconds

2025-04-20 11:43:20,508 | INFO | 🔄 Starting: Delinquency Base Models Training
2025-04-20 11:43:23,828 | INFO |    AUC for fold 1: 0.6709
2025-04-20 11:43:26,781 | INFO |    AUC for fold 2: 0.6725
2025-04-20 11:43:29,652 | INFO |    AUC for fold 3: 0.6655
2025-04-20 11:43:32,504 | INFO |    AUC for fold 4: 0.6769
2025-04-20 11:43:35,467 | INFO |    AUC for fold 5: 0.6697
2025-04-20 11:43:35,509 | INFO | [deq] xgb FINAL OOF AUC: 0.6711
2025-04-20 11:43:38,933 | INFO |    AUC for fold 1: 0.6831
2025-04-20 11:43:42,307 | INFO |    AUC for fold 2: 0.6886
2025-04-20 11:43:45,864 | INFO |    AUC for fold 3: 0.6799
2025-04-20 11:43:49,418 | INFO |    AUC for fold 4: 0.6965
2025-04-20 11:43:52,893 | INFO |    AUC for fold 5: 0.6851
2025-04-20 11:43:52,936 | INFO | [deq] lgb FINAL OOF AUC: 0.6866
2025-04-20 11:44:05,341 | INFO |    AUC for fold 1: 0.6346
2025-04-20 11:44:15,254 | INFO |    AUC for fold 2: 0.6351
2025-04-20 11:44:26,339 | INFO |    AUC for fold 3: 0.6297
2025-04-20 11:44:38,074 | INFO |    AUC for fold 4: 0.6357
2025-04-20 11:44:52,339 | INFO |    AUC for fold 5: 0.6335
2025-04-20 11:44:52,391 | INFO | [deq] logreg FINAL OOF AUC: 0.6338
2025-04-20 11:47:41,886 | INFO |    AUC for fold 1: 0.6421
2025-04-20 11:50:27,626 | INFO |    AUC for fold 2: 0.6523
2025-04-20 11:53:15,888 | INFO |    AUC for fold 3: 0.6376
2025-04-20 11:56:05,753 | INFO |    AUC for fold 4: 0.6599
2025-04-20 11:59:28,558 | INFO |    AUC for fold 5: 0.6489
2025-04-20 11:59:28,673 | INFO | [deq] rf FINAL OOF AUC: 0.6481
2025-04-20 11:59:51,175 | INFO |    AUC for fold 1: 0.5355
2025-04-20 12:00:13,381 | INFO |    AUC for fold 2: 0.5381
2025-04-20 12:00:35,923 | INFO |    AUC for fold 3: 0.5299
2025-04-20 12:00:58,458 | INFO |    AUC for fold 4: 0.5391
2025-04-20 12:01:21,602 | INFO |    AUC for fold 5: 0.5446
2025-04-20 12:01:21,756 | INFO | [deq] knn FINAL OOF AUC: 0.5374
2025-04-20 12:01:21,765 | INFO | [deq] ✅ Top 3 Models by AUC: ['lgb', 'xgb', 'rf']

2025-04-20 12:01:22,254 | INFO | ✅ Completed: Delinquency Base Models Training in 1081.75 seconds

2025-04-20 12:01:22,254 | INFO | 🔄 Starting: Vintage Base Models Training
2025-04-20 12:01:22,836 | INFO |    AUC for fold 1: 0.6320
2025-04-20 12:01:23,299 | INFO |    AUC for fold 2: 0.6288
2025-04-20 12:01:23,761 | INFO |    AUC for fold 3: 0.6328
2025-04-20 12:01:24,221 | INFO |    AUC for fold 4: 0.6313
2025-04-20 12:01:24,691 | INFO |    AUC for fold 5: 0.6274
2025-04-20 12:01:24,730 | INFO | [vin] xgb FINAL OOF AUC: 0.6304
2025-04-20 12:01:25,215 | INFO |    AUC for fold 1: 0.6479
2025-04-20 12:01:25,681 | INFO |    AUC for fold 2: 0.6418
2025-04-20 12:01:26,156 | INFO |    AUC for fold 3: 0.6393
2025-04-20 12:01:26,622 | INFO |    AUC for fold 4: 0.6445
2025-04-20 12:01:27,089 | INFO |    AUC for fold 5: 0.6374
2025-04-20 12:01:27,128 | INFO | [vin] lgb FINAL OOF AUC: 0.6421
2025-04-20 12:01:28,075 | INFO |    AUC for fold 1: 0.6200
2025-04-20 12:01:28,744 | INFO |    AUC for fold 2: 0.6196
2025-04-20 12:01:29,702 | INFO |    AUC for fold 3: 0.6225
2025-04-20 12:01:30,565 | INFO |    AUC for fold 4: 0.6237
2025-04-20 12:01:31,408 | INFO |    AUC for fold 5: 0.6168
2025-04-20 12:01:31,457 | INFO | [vin] logreg FINAL OOF AUC: 0.6205
2025-04-20 12:02:00,477 | INFO |    AUC for fold 1: 0.6079
2025-04-20 12:02:29,179 | INFO |    AUC for fold 2: 0.6078
2025-04-20 12:02:57,940 | INFO |    AUC for fold 3: 0.6107
2025-04-20 12:03:26,849 | INFO |    AUC for fold 4: 0.6102
2025-04-20 12:03:55,536 | INFO |    AUC for fold 5: 0.6015
2025-04-20 12:03:55,658 | INFO | [vin] rf FINAL OOF AUC: 0.6076
2025-04-20 12:04:00,016 | INFO |    AUC for fold 1: 0.5347
2025-04-20 12:04:04,378 | INFO |    AUC for fold 2: 0.5387
2025-04-20 12:04:08,682 | INFO |    AUC for fold 3: 0.5321
2025-04-20 12:04:12,964 | INFO |    AUC for fold 4: 0.5398
2025-04-20 12:04:17,310 | INFO |    AUC for fold 5: 0.5420
2025-04-20 12:04:17,356 | INFO | [vin] knn FINAL OOF AUC: 0.5375
2025-04-20 12:04:17,356 | INFO | [vin] ✅ Top 3 Models by AUC: ['lgb', 'xgb', 'logreg']

2025-04-20 12:04:17,416 | INFO | ✅ Completed: Vintage Base Models Training in 175.16 seconds

2025-04-20 12:04:17,417 | INFO | 🔄 Starting: Target Table Creation
2025-04-20 12:04:17,453 | INFO | ✅ Completed: Target Table Creation in 0.04 seconds

2025-04-20 12:04:17,453 | INFO | 🔄 Starting: Meta Model Training
2025-04-20 12:04:17,995 | INFO | [META] Logistic Regression AUC (CV): 0.7661
2025-04-20 12:04:18,101 | INFO | ✅ Completed: Meta Model Training in 0.65 seconds
2026-03-09 10:12:07,502 | INFO | 🚀 Starting STRIKE Home Credit Model Stacking Pipeline
2026-03-09 10:12:07,502 | INFO | 🔄 Starting: Preprocessing DEMOG Features
2026-03-09 10:12:11,534 | INFO | ✅ Completed: Preprocessing DEMOG Features in 4.03 seconds
2026-03-09 10:12:11,538 | INFO | 🔄 Starting: Preprocessing DEQ Features
2026-03-09 10:12:15,882 | INFO | ✅ Completed: Preprocessing DEQ Features in 4.34 seconds
2026-03-09 10:12:15,882 | INFO | 🔄 Starting: Preprocessing Vintage Features
2026-03-09 10:12:19,735 | INFO | ✅ Completed: Preprocessing Vintage Features in 3.85 seconds
2026-03-09 10:12:19,740 | INFO | 🔄 Starting: Training Base Models on Demographic Features
2026-03-09 10:12:20,297 | INFO |    AUC for fold 1: 0.6910
2026-03-09 10:12:20,753 | INFO |    AUC for fold 2: 0.6963
2026-03-09 10:12:21,198 | INFO |    AUC for fold 3: 0.6907
2026-03-09 10:12:21,648 | INFO |    AUC for fold 4: 0.6924
2026-03-09 10:12:22,095 | INFO |    AUC for fold 5: 0.6872
2026-03-09 10:12:22,102 | INFO | [demog] xgb FINAL OOF AUC: 0.6914
2026-03-09 10:12:22,700 | INFO |    AUC for fold 1: 0.7075
2026-03-09 10:12:23,264 | INFO |    AUC for fold 2: 0.7178
2026-03-09 10:12:23,825 | INFO |    AUC for fold 3: 0.7069
2026-03-09 10:12:24,392 | INFO |    AUC for fold 4: 0.7240
2026-03-09 10:12:24,956 | INFO |    AUC for fold 5: 0.7263
2026-03-09 10:12:24,965 | INFO | [demog] lgb FINAL OOF AUC: 0.7164
2026-03-09 10:12:25,684 | INFO |    AUC for fold 1: 0.6569
2026-03-09 10:12:26,425 | INFO |    AUC for fold 2: 0.6870
2026-03-09 10:12:27,200 | INFO |    AUC for fold 3: 0.6746
2026-03-09 10:12:27,981 | INFO |    AUC for fold 4: 0.6949
2026-03-09 10:12:28,686 | INFO |    AUC for fold 5: 0.6919
2026-03-09 10:12:28,697 | INFO | [demog] logreg FINAL OOF AUC: 0.6807
2026-03-09 10:12:41,081 | INFO |    AUC for fold 1: 0.6714
2026-03-09 10:12:53,355 | INFO |    AUC for fold 2: 0.6741
2026-03-09 10:13:05,804 | INFO |    AUC for fold 3: 0.6562
2026-03-09 10:13:18,376 | INFO |    AUC for fold 4: 0.6913
2026-03-09 10:13:30,756 | INFO |    AUC for fold 5: 0.6834
2026-03-09 10:13:30,793 | INFO | [demog] rf FINAL OOF AUC: 0.6752
2026-03-09 10:13:31,440 | INFO |    AUC for fold 1: 0.5436
2026-03-09 10:13:31,904 | INFO |    AUC for fold 2: 0.5397
2026-03-09 10:13:32,357 | INFO |    AUC for fold 3: 0.5403
2026-03-09 10:13:32,818 | INFO |    AUC for fold 4: 0.5388
2026-03-09 10:13:33,309 | INFO |    AUC for fold 5: 0.5394
2026-03-09 10:13:33,348 | INFO | [demog] knn FINAL OOF AUC: 0.5403
2026-03-09 10:13:33,352 | INFO | [demog] ✅ Top 3 Models by AUC: ['lgb', 'xgb', 'logreg']

2026-03-09 10:13:33,407 | INFO | ✅ Completed: Training Base Models on Demographic Features in 73.67 seconds
2026-03-09 10:13:33,407 | INFO | 🔄 Starting: Training Base Models on Delinquency Features
2026-03-09 10:13:33,999 | INFO |    AUC for fold 1: 0.6643
2026-03-09 10:13:34,506 | INFO |    AUC for fold 2: 0.6847
2026-03-09 10:13:35,001 | INFO |    AUC for fold 3: 0.6884
2026-03-09 10:13:35,518 | INFO |    AUC for fold 4: 0.6856
2026-03-09 10:13:36,031 | INFO |    AUC for fold 5: 0.6747
2026-03-09 10:13:36,039 | INFO | [deq] xgb FINAL OOF AUC: 0.6795
2026-03-09 10:13:36,705 | INFO |    AUC for fold 1: 0.6853
2026-03-09 10:13:37,324 | INFO |    AUC for fold 2: 0.7056
2026-03-09 10:13:37,944 | INFO |    AUC for fold 3: 0.7035
2026-03-09 10:13:38,759 | INFO |    AUC for fold 4: 0.7172
2026-03-09 10:13:39,368 | INFO |    AUC for fold 5: 0.7033
2026-03-09 10:13:39,376 | INFO | [deq] lgb FINAL OOF AUC: 0.7028
2026-03-09 10:13:40,160 | INFO |    AUC for fold 1: 0.6644
2026-03-09 10:13:41,299 | INFO |    AUC for fold 2: 0.6943
2026-03-09 10:13:42,095 | INFO |    AUC for fold 3: 0.6825
2026-03-09 10:13:42,806 | INFO |    AUC for fold 4: 0.6967
2026-03-09 10:13:43,455 | INFO |    AUC for fold 5: 0.6843
2026-03-09 10:13:43,467 | INFO | [deq] logreg FINAL OOF AUC: 0.6843
2026-03-09 10:13:55,066 | INFO |    AUC for fold 1: 0.6634
2026-03-09 10:14:06,750 | INFO |    AUC for fold 2: 0.6681
2026-03-09 10:14:18,485 | INFO |    AUC for fold 3: 0.6476
2026-03-09 10:14:30,024 | INFO |    AUC for fold 4: 0.6815
2026-03-09 10:14:41,642 | INFO |    AUC for fold 5: 0.6534
2026-03-09 10:14:41,698 | INFO | [deq] rf FINAL OOF AUC: 0.6628
2026-03-09 10:14:42,282 | INFO |    AUC for fold 1: 0.5664
2026-03-09 10:14:42,832 | INFO |    AUC for fold 2: 0.5650
2026-03-09 10:14:43,381 | INFO |    AUC for fold 3: 0.5351
2026-03-09 10:14:43,905 | INFO |    AUC for fold 4: 0.5509
2026-03-09 10:14:44,475 | INFO |    AUC for fold 5: 0.5546
2026-03-09 10:14:44,518 | INFO | [deq] knn FINAL OOF AUC: 0.5544
2026-03-09 10:14:44,522 | INFO | [deq] ✅ Top 3 Models by AUC: ['lgb', 'logreg', 'xgb']

2026-03-09 10:14:44,584 | INFO | ✅ Completed: Training Base Models on Delinquency Features in 71.18 seconds
2026-03-09 10:14:44,585 | INFO | 🔄 Starting: Training Base Models on Vintage Features
2026-03-09 10:14:45,086 | INFO |    AUC for fold 1: 0.6509
2026-03-09 10:14:45,552 | INFO |    AUC for fold 2: 0.6663
2026-03-09 10:14:45,996 | INFO |    AUC for fold 3: 0.6625
2026-03-09 10:14:46,453 | INFO |    AUC for fold 4: 0.6771
2026-03-09 10:14:46,903 | INFO |    AUC for fold 5: 0.6939
2026-03-09 10:14:46,910 | INFO | [vin] xgb FINAL OOF AUC: 0.6700
2026-03-09 10:14:47,473 | INFO |    AUC for fold 1: 0.6910
2026-03-09 10:14:48,024 | INFO |    AUC for fold 2: 0.7016
2026-03-09 10:14:48,584 | INFO |    AUC for fold 3: 0.6860
2026-03-09 10:14:49,184 | INFO |    AUC for fold 4: 0.7059
2026-03-09 10:14:49,747 | INFO |    AUC for fold 5: 0.7168
2026-03-09 10:14:49,754 | INFO | [vin] lgb FINAL OOF AUC: 0.7001
2026-03-09 10:14:50,247 | INFO |    AUC for fold 1: 0.6575
2026-03-09 10:14:50,922 | INFO |    AUC for fold 2: 0.6864
2026-03-09 10:14:51,382 | INFO |    AUC for fold 3: 0.6588
2026-03-09 10:14:52,105 | INFO |    AUC for fold 4: 0.6696
2026-03-09 10:14:52,767 | INFO |    AUC for fold 5: 0.6816
2026-03-09 10:14:52,773 | INFO | [vin] logreg FINAL OOF AUC: 0.6706
2026-03-09 10:15:05,590 | INFO |    AUC for fold 1: 0.6439
2026-03-09 10:15:18,109 | INFO |    AUC for fold 2: 0.6583
2026-03-09 10:15:30,744 | INFO |    AUC for fold 3: 0.6420
2026-03-09 10:15:43,223 | INFO |    AUC for fold 4: 0.6637
2026-03-09 10:15:55,618 | INFO |    AUC for fold 5: 0.6698
2026-03-09 10:15:55,659 | INFO | [vin] rf FINAL OOF AUC: 0.6555
2026-03-09 10:15:56,111 | INFO |    AUC for fold 1: 0.5406
2026-03-09 10:15:56,552 | INFO |    AUC for fold 2: 0.5332
2026-03-09 10:15:56,963 | INFO |    AUC for fold 3: 0.5390
2026-03-09 10:15:57,383 | INFO |    AUC for fold 4: 0.5452
2026-03-09 10:15:57,799 | INFO |    AUC for fold 5: 0.5430
2026-03-09 10:15:57,833 | INFO | [vin] knn FINAL OOF AUC: 0.5402
2026-03-09 10:15:57,833 | INFO | [vin] ✅ Top 3 Models by AUC: ['lgb', 'logreg', 'xgb']

2026-03-09 10:15:57,902 | INFO | ✅ Completed: Training Base Models on Vintage Features in 73.32 seconds
2026-03-09 10:15:57,902 | INFO | 🔄 Starting: Creating Meta-Model Training Set
2026-03-09 10:15:57,908 | INFO | ✅ Completed: Creating Meta-Model Training Set in 0.01 seconds
2026-03-09 10:15:57,908 | INFO | 🔄 Starting: Training Meta-Model
2026-03-09 10:15:58,036 | INFO | [META] Logistic Regression AUC (CV): 0.7367
2026-03-09 10:15:58,057 | INFO | ✅ Completed: Training Meta-Model in 0.15 seconds
2026-03-09 10:15:58,057 | INFO | 🎯 STRIKE Home Credit pipeline completed successfully.
