2025-04-20 11:34:37,218 | INFO | 🚀 Starting model stacking pipeline
2025-04-20 11:34:37,218 | INFO | 🔄 Starting: Loading Processed Datasets
2025-04-20 11:34:43,478 | INFO | ✅ Completed: Loading Processed Datasets in 6.26 seconds

2025-04-20 11:34:43,479 | INFO | 🔄 Starting: Demographic Base Models Training
2025-04-20 11:35:35,062 | INFO | 🚀 Starting model stacking pipeline
2025-04-20 11:35:35,062 | INFO | 🔄 Starting: Loading Processed Datasets
2025-04-20 11:35:41,353 | INFO | ✅ Completed: Loading Processed Datasets in 6.29 seconds
2025-04-20 11:35:41,353 | INFO | 🔄 Starting: Demographic Base Models Training
2025-04-20 11:35:44,003 | INFO |    AUC for fold 1: 0.7439
2025-04-20 11:35:46,205 | INFO |    AUC for fold 2: 0.7524
2025-04-20 11:35:48,622 | INFO |    AUC for fold 3: 0.7477
2025-04-20 11:35:50,822 | INFO |    AUC for fold 4: 0.7504
2025-04-20 11:35:52,894 | INFO |    AUC for fold 5: 0.7459
2025-04-20 11:35:52,947 | INFO | [demog] xgb FINAL OOF AUC: 0.7481
2025-04-20 11:35:54,533 | INFO |    AUC for fold 1: 0.7520
2025-04-20 11:35:56,033 | INFO |    AUC for fold 2: 0.7614
2025-04-20 11:35:57,515 | INFO |    AUC for fold 3: 0.7547
2025-04-20 11:35:58,980 | INFO |    AUC for fold 4: 0.7608
2025-04-20 11:36:00,495 | INFO |    AUC for fold 5: 0.7526
2025-04-20 11:36:00,549 | INFO | [demog] lgb FINAL OOF AUC: 0.7563
2025-04-20 11:36:09,410 | INFO |    AUC for fold 1: 0.6675
2025-04-20 11:36:19,483 | INFO |    AUC for fold 2: 0.6780
2025-04-20 11:36:29,415 | INFO |    AUC for fold 3: 0.6776
2025-04-20 11:36:38,184 | INFO |    AUC for fold 4: 0.6840
2025-04-20 11:36:47,811 | INFO |    AUC for fold 5: 0.6774
2025-04-20 11:36:47,876 | INFO | [demog] logreg FINAL OOF AUC: 0.6769
2025-04-20 11:37:43,922 | INFO |    AUC for fold 1: 0.7042
2025-04-20 11:38:40,843 | INFO |    AUC for fold 2: 0.7097
2025-04-20 11:39:37,283 | INFO |    AUC for fold 3: 0.6996
2025-04-20 11:40:34,544 | INFO |    AUC for fold 4: 0.7080
2025-04-20 11:41:30,753 | INFO |    AUC for fold 5: 0.7017
2025-04-20 11:41:30,895 | INFO | [demog] rf FINAL OOF AUC: 0.7046
2025-04-20 11:41:52,426 | INFO |    AUC for fold 1: 0.5397
2025-04-20 11:42:14,892 | INFO |    AUC for fold 2: 0.5460
2025-04-20 11:42:38,180 | INFO |    AUC for fold 3: 0.5396
2025-04-20 11:42:58,877 | INFO |    AUC for fold 4: 0.5440
2025-04-20 11:43:20,058 | INFO |    AUC for fold 5: 0.5426
2025-04-20 11:43:20,207 | INFO | [demog] knn FINAL OOF AUC: 0.5424
2025-04-20 11:43:20,207 | INFO | [demog] ✅ Top 3 Models by AUC: ['lgb', 'xgb', 'rf']

2025-04-20 11:43:20,508 | INFO | ✅ Completed: Demographic Base Models Training in 459.15 seconds

2025-04-20 11:43:20,508 | INFO | 🔄 Starting: Delinquency Base Models Training
2025-04-20 11:43:23,828 | INFO |    AUC for fold 1: 0.6709
2025-04-20 11:43:26,781 | INFO |    AUC for fold 2: 0.6725
2025-04-20 11:43:29,652 | INFO |    AUC for fold 3: 0.6655
2025-04-20 11:43:32,504 | INFO |    AUC for fold 4: 0.6769
2025-04-20 11:43:35,467 | INFO |    AUC for fold 5: 0.6697
2025-04-20 11:43:35,509 | INFO | [deq] xgb FINAL OOF AUC: 0.6711
2025-04-20 11:43:38,933 | INFO |    AUC for fold 1: 0.6831
2025-04-20 11:43:42,307 | INFO |    AUC for fold 2: 0.6886
2025-04-20 11:43:45,864 | INFO |    AUC for fold 3: 0.6799
2025-04-20 11:43:49,418 | INFO |    AUC for fold 4: 0.6965
2025-04-20 11:43:52,893 | INFO |    AUC for fold 5: 0.6851
2025-04-20 11:43:52,936 | INFO | [deq] lgb FINAL OOF AUC: 0.6866
2025-04-20 11:44:05,341 | INFO |    AUC for fold 1: 0.6346
2025-04-20 11:44:15,254 | INFO |    AUC for fold 2: 0.6351
2025-04-20 11:44:26,339 | INFO |    AUC for fold 3: 0.6297
2025-04-20 11:44:38,074 | INFO |    AUC for fold 4: 0.6357
2025-04-20 11:44:52,339 | INFO |    AUC for fold 5: 0.6335
2025-04-20 11:44:52,391 | INFO | [deq] logreg FINAL OOF AUC: 0.6338
2025-04-20 11:47:41,886 | INFO |    AUC for fold 1: 0.6421
2025-04-20 11:50:27,626 | INFO |    AUC for fold 2: 0.6523
2025-04-20 11:53:15,888 | INFO |    AUC for fold 3: 0.6376
2025-04-20 11:56:05,753 | INFO |    AUC for fold 4: 0.6599
2025-04-20 11:59:28,558 | INFO |    AUC for fold 5: 0.6489
2025-04-20 11:59:28,673 | INFO | [deq] rf FINAL OOF AUC: 0.6481
2025-04-20 11:59:51,175 | INFO |    AUC for fold 1: 0.5355
2025-04-20 12:00:13,381 | INFO |    AUC for fold 2: 0.5381
2025-04-20 12:00:35,923 | INFO |    AUC for fold 3: 0.5299
2025-04-20 12:00:58,458 | INFO |    AUC for fold 4: 0.5391
2025-04-20 12:01:21,602 | INFO |    AUC for fold 5: 0.5446
2025-04-20 12:01:21,756 | INFO | [deq] knn FINAL OOF AUC: 0.5374
2025-04-20 12:01:21,765 | INFO | [deq] ✅ Top 3 Models by AUC: ['lgb', 'xgb', 'rf']

2025-04-20 12:01:22,254 | INFO | ✅ Completed: Delinquency Base Models Training in 1081.75 seconds

2025-04-20 12:01:22,254 | INFO | 🔄 Starting: Vintage Base Models Training
2025-04-20 12:01:22,836 | INFO |    AUC for fold 1: 0.6320
2025-04-20 12:01:23,299 | INFO |    AUC for fold 2: 0.6288
2025-04-20 12:01:23,761 | INFO |    AUC for fold 3: 0.6328
2025-04-20 12:01:24,221 | INFO |    AUC for fold 4: 0.6313
2025-04-20 12:01:24,691 | INFO |    AUC for fold 5: 0.6274
2025-04-20 12:01:24,730 | INFO | [vin] xgb FINAL OOF AUC: 0.6304
2025-04-20 12:01:25,215 | INFO |    AUC for fold 1: 0.6479
2025-04-20 12:01:25,681 | INFO |    AUC for fold 2: 0.6418
2025-04-20 12:01:26,156 | INFO |    AUC for fold 3: 0.6393
2025-04-20 12:01:26,622 | INFO |    AUC for fold 4: 0.6445
2025-04-20 12:01:27,089 | INFO |    AUC for fold 5: 0.6374
2025-04-20 12:01:27,128 | INFO | [vin] lgb FINAL OOF AUC: 0.6421
2025-04-20 12:01:28,075 | INFO |    AUC for fold 1: 0.6200
2025-04-20 12:01:28,744 | INFO |    AUC for fold 2: 0.6196
2025-04-20 12:01:29,702 | INFO |    AUC for fold 3: 0.6225
2025-04-20 12:01:30,565 | INFO |    AUC for fold 4: 0.6237
2025-04-20 12:01:31,408 | INFO |    AUC for fold 5: 0.6168
2025-04-20 12:01:31,457 | INFO | [vin] logreg FINAL OOF AUC: 0.6205
2025-04-20 12:02:00,477 | INFO |    AUC for fold 1: 0.6079
2025-04-20 12:02:29,179 | INFO |    AUC for fold 2: 0.6078
2025-04-20 12:02:57,940 | INFO |    AUC for fold 3: 0.6107
2025-04-20 12:03:26,849 | INFO |    AUC for fold 4: 0.6102
2025-04-20 12:03:55,536 | INFO |    AUC for fold 5: 0.6015
2025-04-20 12:03:55,658 | INFO | [vin] rf FINAL OOF AUC: 0.6076
2025-04-20 12:04:00,016 | INFO |    AUC for fold 1: 0.5347
2025-04-20 12:04:04,378 | INFO |    AUC for fold 2: 0.5387
2025-04-20 12:04:08,682 | INFO |    AUC for fold 3: 0.5321
2025-04-20 12:04:12,964 | INFO |    AUC for fold 4: 0.5398
2025-04-20 12:04:17,310 | INFO |    AUC for fold 5: 0.5420
2025-04-20 12:04:17,356 | INFO | [vin] knn FINAL OOF AUC: 0.5375
2025-04-20 12:04:17,356 | INFO | [vin] ✅ Top 3 Models by AUC: ['lgb', 'xgb', 'logreg']

2025-04-20 12:04:17,416 | INFO | ✅ Completed: Vintage Base Models Training in 175.16 seconds

2025-04-20 12:04:17,417 | INFO | 🔄 Starting: Target Table Creation
2025-04-20 12:04:17,453 | INFO | ✅ Completed: Target Table Creation in 0.04 seconds

2025-04-20 12:04:17,453 | INFO | 🔄 Starting: Meta Model Training
2025-04-20 12:04:17,995 | INFO | [META] Logistic Regression AUC (CV): 0.7661
2025-04-20 12:04:18,101 | INFO | ✅ Completed: Meta Model Training in 0.65 seconds
2025-12-13 23:23:21,786 | INFO | 🚀 Starting STRIKE Home Credit Model Stacking Pipeline
2025-12-13 23:23:21,786 | INFO | 🔄 Starting: Preprocessing DEMOG Features
2025-12-13 23:23:24,794 | INFO | ✅ Completed: Preprocessing DEMOG Features in 3.01 seconds
2025-12-13 23:23:24,795 | INFO | 🔄 Starting: Preprocessing DEQ Features
2025-12-13 23:23:32,995 | INFO | ✅ Completed: Preprocessing DEQ Features in 8.20 seconds
2025-12-13 23:23:32,996 | INFO | 🔄 Starting: Preprocessing Vintage Features
2025-12-13 23:23:34,059 | INFO | ✅ Completed: Preprocessing Vintage Features in 1.06 seconds
2025-12-13 23:23:34,060 | INFO | 🔄 Starting: Training Base Models on Demographic Features
2025-12-13 23:23:34,483 | INFO |    AUC for fold 1: 0.6466
2025-12-13 23:23:34,824 | INFO |    AUC for fold 2: 0.6593
2025-12-13 23:23:35,184 | INFO |    AUC for fold 3: 0.6453
2025-12-13 23:23:35,536 | INFO |    AUC for fold 4: 0.6587
2025-12-13 23:23:35,882 | INFO |    AUC for fold 5: 0.6609
2025-12-13 23:23:35,889 | INFO | [demog] xgb FINAL OOF AUC: 0.6542
2025-12-13 23:23:36,420 | INFO |    AUC for fold 1: 0.6838
2025-12-13 23:23:36,956 | INFO |    AUC for fold 2: 0.6839
2025-12-13 23:23:37,456 | INFO |    AUC for fold 3: 0.6750
2025-12-13 23:23:37,937 | INFO |    AUC for fold 4: 0.6981
2025-12-13 23:23:38,493 | INFO |    AUC for fold 5: 0.7016
2025-12-13 23:23:38,501 | INFO | [demog] lgb FINAL OOF AUC: 0.6883
2025-12-13 23:23:39,296 | INFO |    AUC for fold 1: 0.6498
2025-12-13 23:23:40,133 | INFO |    AUC for fold 2: 0.6796
2025-12-13 23:23:41,136 | INFO |    AUC for fold 3: 0.6687
2025-12-13 23:23:41,807 | INFO |    AUC for fold 4: 0.6776
2025-12-13 23:23:42,374 | INFO |    AUC for fold 5: 0.6760
2025-12-13 23:23:42,390 | INFO | [demog] logreg FINAL OOF AUC: 0.6702
2025-12-13 23:23:53,262 | INFO |    AUC for fold 1: 0.6396
2025-12-13 23:24:03,955 | INFO |    AUC for fold 2: 0.6252
2025-12-13 23:24:15,349 | INFO |    AUC for fold 3: 0.6283
2025-12-13 23:24:26,902 | INFO |    AUC for fold 4: 0.6714
2025-12-13 23:24:37,836 | INFO |    AUC for fold 5: 0.6339
2025-12-13 23:24:37,895 | INFO | [demog] rf FINAL OOF AUC: 0.6396
2025-12-13 23:24:38,330 | INFO |    AUC for fold 1: 0.5562
2025-12-13 23:24:38,735 | INFO |    AUC for fold 2: 0.5465
2025-12-13 23:24:39,155 | INFO |    AUC for fold 3: 0.5453
2025-12-13 23:24:39,638 | INFO |    AUC for fold 4: 0.5514
2025-12-13 23:24:40,063 | INFO |    AUC for fold 5: 0.5343
2025-12-13 23:24:40,091 | INFO | [demog] knn FINAL OOF AUC: 0.5467
2025-12-13 23:24:40,093 | INFO | [demog] ✅ Top 3 Models by AUC: ['lgb', 'logreg', 'xgb']

2025-12-13 23:24:40,142 | INFO | ✅ Completed: Training Base Models on Demographic Features in 66.08 seconds
2025-12-13 23:24:40,142 | INFO | 🔄 Starting: Training Base Models on Delinquency Features
2025-12-13 23:24:41,362 | INFO |    AUC for fold 1: 0.6840
2025-12-13 23:24:42,365 | INFO |    AUC for fold 2: 0.6942
2025-12-13 23:24:43,345 | INFO |    AUC for fold 3: 0.6976
2025-12-13 23:24:44,292 | INFO |    AUC for fold 4: 0.6928
2025-12-13 23:24:45,272 | INFO |    AUC for fold 5: 0.6975
2025-12-13 23:24:45,280 | INFO | [deq] xgb FINAL OOF AUC: 0.6932
2025-12-13 23:24:46,315 | INFO |    AUC for fold 1: 0.7104
2025-12-13 23:24:47,574 | INFO |    AUC for fold 2: 0.7240
2025-12-13 23:24:48,518 | INFO |    AUC for fold 3: 0.7093
2025-12-13 23:24:49,707 | INFO |    AUC for fold 4: 0.7300
2025-12-13 23:24:50,894 | INFO |    AUC for fold 5: 0.7326
2025-12-13 23:24:50,902 | INFO | [deq] lgb FINAL OOF AUC: 0.7211
2025-12-13 23:24:53,298 | INFO |    AUC for fold 1: 0.6753
2025-12-13 23:24:55,804 | INFO |    AUC for fold 2: 0.7023
2025-12-13 23:24:58,039 | INFO |    AUC for fold 3: 0.6869
2025-12-13 23:25:00,733 | INFO |    AUC for fold 4: 0.7059
2025-12-13 23:25:03,323 | INFO |    AUC for fold 5: 0.7025
2025-12-13 23:25:03,331 | INFO | [deq] logreg FINAL OOF AUC: 0.6944
2025-12-13 23:25:22,486 | INFO |    AUC for fold 1: 0.6629
2025-12-13 23:25:41,220 | INFO |    AUC for fold 2: 0.6600
2025-12-13 23:25:59,736 | INFO |    AUC for fold 3: 0.6596
2025-12-13 23:26:18,397 | INFO |    AUC for fold 4: 0.6760
2025-12-13 23:26:37,055 | INFO |    AUC for fold 5: 0.6723
2025-12-13 23:26:37,104 | INFO | [deq] rf FINAL OOF AUC: 0.6661
2025-12-13 23:26:38,075 | INFO |    AUC for fold 1: 0.5342
2025-12-13 23:26:39,061 | INFO |    AUC for fold 2: 0.5542
2025-12-13 23:26:40,042 | INFO |    AUC for fold 3: 0.5449
2025-12-13 23:26:41,056 | INFO |    AUC for fold 4: 0.5502
2025-12-13 23:26:42,173 | INFO |    AUC for fold 5: 0.5498
2025-12-13 23:26:42,243 | INFO | [deq] knn FINAL OOF AUC: 0.5466
2025-12-13 23:26:42,243 | INFO | [deq] ✅ Top 3 Models by AUC: ['lgb', 'logreg', 'xgb']

2025-12-13 23:26:42,303 | INFO | ✅ Completed: Training Base Models on Delinquency Features in 122.16 seconds
2025-12-13 23:26:42,303 | INFO | 🔄 Starting: Training Base Models on Vintage Features
2025-12-13 23:26:42,502 | INFO |    AUC for fold 1: 0.6611
2025-12-13 23:26:42,679 | INFO |    AUC for fold 2: 0.6881
2025-12-13 23:26:42,852 | INFO |    AUC for fold 3: 0.6703
2025-12-13 23:26:43,026 | INFO |    AUC for fold 4: 0.6798
2025-12-13 23:26:43,201 | INFO |    AUC for fold 5: 0.6799
2025-12-13 23:26:43,208 | INFO | [vin] xgb FINAL OOF AUC: 0.6759
2025-12-13 23:26:43,594 | INFO |    AUC for fold 1: 0.6793
2025-12-13 23:26:43,950 | INFO |    AUC for fold 2: 0.7030
2025-12-13 23:26:44,351 | INFO |    AUC for fold 3: 0.6916
2025-12-13 23:26:44,726 | INFO |    AUC for fold 4: 0.7026
2025-12-13 23:26:45,082 | INFO |    AUC for fold 5: 0.7055
2025-12-13 23:26:45,090 | INFO | [vin] lgb FINAL OOF AUC: 0.6963
2025-12-13 23:26:45,350 | INFO |    AUC for fold 1: 0.6167
2025-12-13 23:26:45,567 | INFO |    AUC for fold 2: 0.6394
2025-12-13 23:26:45,750 | INFO |    AUC for fold 3: 0.6242
2025-12-13 23:26:45,876 | INFO |    AUC for fold 4: 0.6243
2025-12-13 23:26:46,073 | INFO |    AUC for fold 5: 0.6316
2025-12-13 23:26:46,080 | INFO | [vin] logreg FINAL OOF AUC: 0.6270
2025-12-13 23:26:51,063 | INFO |    AUC for fold 1: 0.6404
2025-12-13 23:26:55,872 | INFO |    AUC for fold 2: 0.6537
2025-12-13 23:27:00,672 | INFO |    AUC for fold 3: 0.6308
2025-12-13 23:27:05,710 | INFO |    AUC for fold 4: 0.6519
2025-12-13 23:27:10,606 | INFO |    AUC for fold 5: 0.6564
2025-12-13 23:27:10,650 | INFO | [vin] rf FINAL OOF AUC: 0.6465
2025-12-13 23:27:10,856 | INFO |    AUC for fold 1: 0.5469
2025-12-13 23:27:11,059 | INFO |    AUC for fold 2: 0.5376
2025-12-13 23:27:11,300 | INFO |    AUC for fold 3: 0.5323
2025-12-13 23:27:11,511 | INFO |    AUC for fold 4: 0.5310
2025-12-13 23:27:11,720 | INFO |    AUC for fold 5: 0.5521
2025-12-13 23:27:11,729 | INFO | [vin] knn FINAL OOF AUC: 0.5400
2025-12-13 23:27:11,729 | INFO | [vin] ✅ Top 3 Models by AUC: ['lgb', 'xgb', 'rf']

2025-12-13 23:27:11,758 | INFO | ✅ Completed: Training Base Models on Vintage Features in 29.46 seconds
2025-12-13 23:27:11,758 | INFO | 🔄 Starting: Creating Meta-Model Training Set
2025-12-13 23:27:11,764 | INFO | ✅ Completed: Creating Meta-Model Training Set in 0.01 seconds
2025-12-13 23:27:11,764 | INFO | 🔄 Starting: Training Meta-Model
2025-12-13 23:27:11,956 | INFO | [META] Logistic Regression AUC (CV): 0.7398
2025-12-13 23:27:11,991 | INFO | ✅ Completed: Training Meta-Model in 0.23 seconds
2025-12-13 23:27:11,991 | INFO | 🎯 STRIKE Home Credit pipeline completed successfully.
