2025-04-20 11:34:37,218 | INFO | 🚀 Starting model stacking pipeline
2025-04-20 11:34:37,218 | INFO | 🔄 Starting: Loading Processed Datasets
2025-04-20 11:34:43,478 | INFO | ✅ Completed: Loading Processed Datasets in 6.26 seconds

2025-04-20 11:34:43,479 | INFO | 🔄 Starting: Demographic Base Models Training
2025-04-20 11:35:35,062 | INFO | 🚀 Starting model stacking pipeline
2025-04-20 11:35:35,062 | INFO | 🔄 Starting: Loading Processed Datasets
2025-04-20 11:35:41,353 | INFO | ✅ Completed: Loading Processed Datasets in 6.29 seconds
2025-04-20 11:35:41,353 | INFO | 🔄 Starting: Demographic Base Models Training
2025-04-20 11:35:44,003 | INFO |    AUC for fold 1: 0.7439
2025-04-20 11:35:46,205 | INFO |    AUC for fold 2: 0.7524
2025-04-20 11:35:48,622 | INFO |    AUC for fold 3: 0.7477
2025-04-20 11:35:50,822 | INFO |    AUC for fold 4: 0.7504
2025-04-20 11:35:52,894 | INFO |    AUC for fold 5: 0.7459
2025-04-20 11:35:52,947 | INFO | [demog] xgb FINAL OOF AUC: 0.7481
2025-04-20 11:35:54,533 | INFO |    AUC for fold 1: 0.7520
2025-04-20 11:35:56,033 | INFO |    AUC for fold 2: 0.7614
2025-04-20 11:35:57,515 | INFO |    AUC for fold 3: 0.7547
2025-04-20 11:35:58,980 | INFO |    AUC for fold 4: 0.7608
2025-04-20 11:36:00,495 | INFO |    AUC for fold 5: 0.7526
2025-04-20 11:36:00,549 | INFO | [demog] lgb FINAL OOF AUC: 0.7563
2025-04-20 11:36:09,410 | INFO |    AUC for fold 1: 0.6675
2025-04-20 11:36:19,483 | INFO |    AUC for fold 2: 0.6780
2025-04-20 11:36:29,415 | INFO |    AUC for fold 3: 0.6776
2025-04-20 11:36:38,184 | INFO |    AUC for fold 4: 0.6840
2025-04-20 11:36:47,811 | INFO |    AUC for fold 5: 0.6774
2025-04-20 11:36:47,876 | INFO | [demog] logreg FINAL OOF AUC: 0.6769
2025-04-20 11:37:43,922 | INFO |    AUC for fold 1: 0.7042
2025-04-20 11:38:40,843 | INFO |    AUC for fold 2: 0.7097
2025-04-20 11:39:37,283 | INFO |    AUC for fold 3: 0.6996
2025-04-20 11:40:34,544 | INFO |    AUC for fold 4: 0.7080
2025-04-20 11:41:30,753 | INFO |    AUC for fold 5: 0.7017
2025-04-20 11:41:30,895 | INFO | [demog] rf FINAL OOF AUC: 0.7046
2025-04-20 11:41:52,426 | INFO |    AUC for fold 1: 0.5397
2025-04-20 11:42:14,892 | INFO |    AUC for fold 2: 0.5460
2025-04-20 11:42:38,180 | INFO |    AUC for fold 3: 0.5396
2025-04-20 11:42:58,877 | INFO |    AUC for fold 4: 0.5440
2025-04-20 11:43:20,058 | INFO |    AUC for fold 5: 0.5426
2025-04-20 11:43:20,207 | INFO | [demog] knn FINAL OOF AUC: 0.5424
2025-04-20 11:43:20,207 | INFO | [demog] ✅ Top 3 Models by AUC: ['lgb', 'xgb', 'rf']

2025-04-20 11:43:20,508 | INFO | ✅ Completed: Demographic Base Models Training in 459.15 seconds

2025-04-20 11:43:20,508 | INFO | 🔄 Starting: Delinquency Base Models Training
2025-04-20 11:43:23,828 | INFO |    AUC for fold 1: 0.6709
2025-04-20 11:43:26,781 | INFO |    AUC for fold 2: 0.6725
2025-04-20 11:43:29,652 | INFO |    AUC for fold 3: 0.6655
2025-04-20 11:43:32,504 | INFO |    AUC for fold 4: 0.6769
2025-04-20 11:43:35,467 | INFO |    AUC for fold 5: 0.6697
2025-04-20 11:43:35,509 | INFO | [deq] xgb FINAL OOF AUC: 0.6711
2025-04-20 11:43:38,933 | INFO |    AUC for fold 1: 0.6831
2025-04-20 11:43:42,307 | INFO |    AUC for fold 2: 0.6886
2025-04-20 11:43:45,864 | INFO |    AUC for fold 3: 0.6799
2025-04-20 11:43:49,418 | INFO |    AUC for fold 4: 0.6965
2025-04-20 11:43:52,893 | INFO |    AUC for fold 5: 0.6851
2025-04-20 11:43:52,936 | INFO | [deq] lgb FINAL OOF AUC: 0.6866
2025-04-20 11:44:05,341 | INFO |    AUC for fold 1: 0.6346
2025-04-20 11:44:15,254 | INFO |    AUC for fold 2: 0.6351
2025-04-20 11:44:26,339 | INFO |    AUC for fold 3: 0.6297
2025-04-20 11:44:38,074 | INFO |    AUC for fold 4: 0.6357
2025-04-20 11:44:52,339 | INFO |    AUC for fold 5: 0.6335
2025-04-20 11:44:52,391 | INFO | [deq] logreg FINAL OOF AUC: 0.6338
2025-04-20 11:47:41,886 | INFO |    AUC for fold 1: 0.6421
2025-04-20 11:50:27,626 | INFO |    AUC for fold 2: 0.6523
2025-04-20 11:53:15,888 | INFO |    AUC for fold 3: 0.6376
2025-04-20 11:56:05,753 | INFO |    AUC for fold 4: 0.6599
2025-04-20 11:59:28,558 | INFO |    AUC for fold 5: 0.6489
2025-04-20 11:59:28,673 | INFO | [deq] rf FINAL OOF AUC: 0.6481
2025-04-20 11:59:51,175 | INFO |    AUC for fold 1: 0.5355
2025-04-20 12:00:13,381 | INFO |    AUC for fold 2: 0.5381
2025-04-20 12:00:35,923 | INFO |    AUC for fold 3: 0.5299
2025-04-20 12:00:58,458 | INFO |    AUC for fold 4: 0.5391
2025-04-20 12:01:21,602 | INFO |    AUC for fold 5: 0.5446
2025-04-20 12:01:21,756 | INFO | [deq] knn FINAL OOF AUC: 0.5374
2025-04-20 12:01:21,765 | INFO | [deq] ✅ Top 3 Models by AUC: ['lgb', 'xgb', 'rf']

2025-04-20 12:01:22,254 | INFO | ✅ Completed: Delinquency Base Models Training in 1081.75 seconds

2025-04-20 12:01:22,254 | INFO | 🔄 Starting: Vintage Base Models Training
2025-04-20 12:01:22,836 | INFO |    AUC for fold 1: 0.6320
2025-04-20 12:01:23,299 | INFO |    AUC for fold 2: 0.6288
2025-04-20 12:01:23,761 | INFO |    AUC for fold 3: 0.6328
2025-04-20 12:01:24,221 | INFO |    AUC for fold 4: 0.6313
2025-04-20 12:01:24,691 | INFO |    AUC for fold 5: 0.6274
2025-04-20 12:01:24,730 | INFO | [vin] xgb FINAL OOF AUC: 0.6304
2025-04-20 12:01:25,215 | INFO |    AUC for fold 1: 0.6479
2025-04-20 12:01:25,681 | INFO |    AUC for fold 2: 0.6418
2025-04-20 12:01:26,156 | INFO |    AUC for fold 3: 0.6393
2025-04-20 12:01:26,622 | INFO |    AUC for fold 4: 0.6445
2025-04-20 12:01:27,089 | INFO |    AUC for fold 5: 0.6374
2025-04-20 12:01:27,128 | INFO | [vin] lgb FINAL OOF AUC: 0.6421
2025-04-20 12:01:28,075 | INFO |    AUC for fold 1: 0.6200
2025-04-20 12:01:28,744 | INFO |    AUC for fold 2: 0.6196
2025-04-20 12:01:29,702 | INFO |    AUC for fold 3: 0.6225
2025-04-20 12:01:30,565 | INFO |    AUC for fold 4: 0.6237
2025-04-20 12:01:31,408 | INFO |    AUC for fold 5: 0.6168
2025-04-20 12:01:31,457 | INFO | [vin] logreg FINAL OOF AUC: 0.6205
2025-04-20 12:02:00,477 | INFO |    AUC for fold 1: 0.6079
2025-04-20 12:02:29,179 | INFO |    AUC for fold 2: 0.6078
2025-04-20 12:02:57,940 | INFO |    AUC for fold 3: 0.6107
2025-04-20 12:03:26,849 | INFO |    AUC for fold 4: 0.6102
2025-04-20 12:03:55,536 | INFO |    AUC for fold 5: 0.6015
2025-04-20 12:03:55,658 | INFO | [vin] rf FINAL OOF AUC: 0.6076
2025-04-20 12:04:00,016 | INFO |    AUC for fold 1: 0.5347
2025-04-20 12:04:04,378 | INFO |    AUC for fold 2: 0.5387
2025-04-20 12:04:08,682 | INFO |    AUC for fold 3: 0.5321
2025-04-20 12:04:12,964 | INFO |    AUC for fold 4: 0.5398
2025-04-20 12:04:17,310 | INFO |    AUC for fold 5: 0.5420
2025-04-20 12:04:17,356 | INFO | [vin] knn FINAL OOF AUC: 0.5375
2025-04-20 12:04:17,356 | INFO | [vin] ✅ Top 3 Models by AUC: ['lgb', 'xgb', 'logreg']

2025-04-20 12:04:17,416 | INFO | ✅ Completed: Vintage Base Models Training in 175.16 seconds

2025-04-20 12:04:17,417 | INFO | 🔄 Starting: Target Table Creation
2025-04-20 12:04:17,453 | INFO | ✅ Completed: Target Table Creation in 0.04 seconds

2025-04-20 12:04:17,453 | INFO | 🔄 Starting: Meta Model Training
2025-04-20 12:04:17,995 | INFO | [META] Logistic Regression AUC (CV): 0.7661
2025-04-20 12:04:18,101 | INFO | ✅ Completed: Meta Model Training in 0.65 seconds
2025-12-13 22:35:16,440 | INFO | 🚀 Starting STRIKE Home Credit Model Stacking Pipeline
2025-12-13 22:35:16,441 | INFO | 🔄 Starting: Preprocessing DEMOG Features
2025-12-13 22:35:18,518 | INFO | ✅ Completed: Preprocessing DEMOG Features in 2.08 seconds
2025-12-13 22:35:18,518 | INFO | 🔄 Starting: Preprocessing DEQ Features
2025-12-13 22:35:23,470 | INFO | ✅ Completed: Preprocessing DEQ Features in 4.95 seconds
2025-12-13 22:35:23,472 | INFO | 🔄 Starting: Preprocessing Vintage Features
2025-12-13 22:35:24,145 | INFO | ✅ Completed: Preprocessing Vintage Features in 0.67 seconds
2025-12-13 22:35:24,145 | INFO | 🔄 Starting: Training Base Models on Demographic Features
2025-12-13 22:35:24,530 | INFO |    AUC for fold 1: 0.6456
2025-12-13 22:35:24,887 | INFO |    AUC for fold 2: 0.6702
2025-12-13 22:35:25,216 | INFO |    AUC for fold 3: 0.6575
2025-12-13 22:35:25,541 | INFO |    AUC for fold 4: 0.6702
2025-12-13 22:35:25,860 | INFO |    AUC for fold 5: 0.6741
2025-12-13 22:35:25,864 | INFO | [demog] xgb FINAL OOF AUC: 0.6633
2025-12-13 22:35:26,424 | INFO |    AUC for fold 1: 0.6800
2025-12-13 22:35:27,161 | INFO |    AUC for fold 2: 0.6946
2025-12-13 22:35:27,707 | INFO |    AUC for fold 3: 0.6918
2025-12-13 22:35:28,127 | INFO |    AUC for fold 4: 0.6841
2025-12-13 22:35:28,545 | INFO |    AUC for fold 5: 0.6996
2025-12-13 22:35:28,551 | INFO | [demog] lgb FINAL OOF AUC: 0.6897
2025-12-13 22:35:28,955 | INFO |    AUC for fold 1: 0.6458
2025-12-13 22:35:29,473 | INFO |    AUC for fold 2: 0.6677
2025-12-13 22:35:29,972 | INFO |    AUC for fold 3: 0.6691
2025-12-13 22:35:30,391 | INFO |    AUC for fold 4: 0.6616
2025-12-13 22:35:30,934 | INFO |    AUC for fold 5: 0.6717
2025-12-13 22:35:30,938 | INFO | [demog] logreg FINAL OOF AUC: 0.6632
2025-12-13 22:35:37,114 | INFO |    AUC for fold 1: 0.6027
2025-12-13 22:35:42,849 | INFO |    AUC for fold 2: 0.6302
2025-12-13 22:35:48,585 | INFO |    AUC for fold 3: 0.6392
2025-12-13 22:35:54,283 | INFO |    AUC for fold 4: 0.6514
2025-12-13 22:35:59,769 | INFO |    AUC for fold 5: 0.6721
2025-12-13 22:35:59,806 | INFO | [demog] rf FINAL OOF AUC: 0.6389
2025-12-13 22:36:00,162 | INFO |    AUC for fold 1: 0.5228
2025-12-13 22:36:00,516 | INFO |    AUC for fold 2: 0.5539
2025-12-13 22:36:00,864 | INFO |    AUC for fold 3: 0.5219
2025-12-13 22:36:01,198 | INFO |    AUC for fold 4: 0.5207
2025-12-13 22:36:01,554 | INFO |    AUC for fold 5: 0.5413
2025-12-13 22:36:01,582 | INFO | [demog] knn FINAL OOF AUC: 0.5321
2025-12-13 22:36:01,583 | INFO | [demog] ✅ Top 3 Models by AUC: ['lgb', 'xgb', 'logreg']

2025-12-13 22:36:01,667 | INFO | ✅ Completed: Training Base Models on Demographic Features in 37.52 seconds
2025-12-13 22:36:01,668 | INFO | 🔄 Starting: Training Base Models on Delinquency Features
2025-12-13 22:36:02,341 | INFO |    AUC for fold 1: 0.6838
2025-12-13 22:36:02,943 | INFO |    AUC for fold 2: 0.6976
2025-12-13 22:36:03,546 | INFO |    AUC for fold 3: 0.6934
2025-12-13 22:36:04,227 | INFO |    AUC for fold 4: 0.6843
2025-12-13 22:36:04,832 | INFO |    AUC for fold 5: 0.7111
2025-12-13 22:36:04,836 | INFO | [deq] xgb FINAL OOF AUC: 0.6938
2025-12-13 22:36:05,546 | INFO |    AUC for fold 1: 0.6971
2025-12-13 22:36:06,213 | INFO |    AUC for fold 2: 0.7322
2025-12-13 22:36:07,078 | INFO |    AUC for fold 3: 0.7212
2025-12-13 22:36:07,737 | INFO |    AUC for fold 4: 0.7286
2025-12-13 22:36:08,403 | INFO |    AUC for fold 5: 0.7403
2025-12-13 22:36:08,409 | INFO | [deq] lgb FINAL OOF AUC: 0.7238
2025-12-13 22:36:09,599 | INFO |    AUC for fold 1: 0.6792
2025-12-13 22:36:10,612 | INFO |    AUC for fold 2: 0.6989
2025-12-13 22:36:11,516 | INFO |    AUC for fold 3: 0.6979
2025-12-13 22:36:12,540 | INFO |    AUC for fold 4: 0.7054
2025-12-13 22:36:13,404 | INFO |    AUC for fold 5: 0.7118
2025-12-13 22:36:13,411 | INFO | [deq] logreg FINAL OOF AUC: 0.6985
2025-12-13 22:36:23,316 | INFO |    AUC for fold 1: 0.6476
2025-12-13 22:36:33,226 | INFO |    AUC for fold 2: 0.6770
2025-12-13 22:36:42,941 | INFO |    AUC for fold 3: 0.6700
2025-12-13 22:36:53,114 | INFO |    AUC for fold 4: 0.6633
2025-12-13 22:37:03,162 | INFO |    AUC for fold 5: 0.6862
2025-12-13 22:37:03,194 | INFO | [deq] rf FINAL OOF AUC: 0.6687
2025-12-13 22:37:03,737 | INFO |    AUC for fold 1: 0.5308
2025-12-13 22:37:04,293 | INFO |    AUC for fold 2: 0.5281
2025-12-13 22:37:04,774 | INFO |    AUC for fold 3: 0.5624
2025-12-13 22:37:05,349 | INFO |    AUC for fold 4: 0.5202
2025-12-13 22:37:05,940 | INFO |    AUC for fold 5: 0.5614
2025-12-13 22:37:05,970 | INFO | [deq] knn FINAL OOF AUC: 0.5405
2025-12-13 22:37:05,970 | INFO | [deq] ✅ Top 3 Models by AUC: ['lgb', 'logreg', 'xgb']

2025-12-13 22:37:06,007 | INFO | ✅ Completed: Training Base Models on Delinquency Features in 64.34 seconds
2025-12-13 22:37:06,007 | INFO | 🔄 Starting: Training Base Models on Vintage Features
2025-12-13 22:37:06,221 | INFO |    AUC for fold 1: 0.5887
2025-12-13 22:37:06,396 | INFO |    AUC for fold 2: 0.6131
2025-12-13 22:37:06,554 | INFO |    AUC for fold 3: 0.5922
2025-12-13 22:37:06,708 | INFO |    AUC for fold 4: 0.6164
2025-12-13 22:37:06,865 | INFO |    AUC for fold 5: 0.6200
2025-12-13 22:37:06,869 | INFO | [vin] xgb FINAL OOF AUC: 0.6055
2025-12-13 22:37:07,190 | INFO |    AUC for fold 1: 0.6192
2025-12-13 22:37:07,510 | INFO |    AUC for fold 2: 0.6392
2025-12-13 22:37:07,830 | INFO |    AUC for fold 3: 0.6268
2025-12-13 22:37:08,155 | INFO |    AUC for fold 4: 0.6478
2025-12-13 22:37:08,478 | INFO |    AUC for fold 5: 0.6559
2025-12-13 22:37:08,483 | INFO | [vin] lgb FINAL OOF AUC: 0.6375
2025-12-13 22:37:08,601 | INFO |    AUC for fold 1: 0.5905
2025-12-13 22:37:08,687 | INFO |    AUC for fold 2: 0.6312
2025-12-13 22:37:08,756 | INFO |    AUC for fold 3: 0.6284
2025-12-13 22:37:08,845 | INFO |    AUC for fold 4: 0.6196
2025-12-13 22:37:08,934 | INFO |    AUC for fold 5: 0.6210
2025-12-13 22:37:08,938 | INFO | [vin] logreg FINAL OOF AUC: 0.6179
2025-12-13 22:37:12,635 | INFO |    AUC for fold 1: 0.5717
2025-12-13 22:37:16,298 | INFO |    AUC for fold 2: 0.6077
2025-12-13 22:37:20,061 | INFO |    AUC for fold 3: 0.5915
2025-12-13 22:37:23,843 | INFO |    AUC for fold 4: 0.6284
2025-12-13 22:37:27,475 | INFO |    AUC for fold 5: 0.6375
2025-12-13 22:37:27,501 | INFO | [vin] rf FINAL OOF AUC: 0.6072
2025-12-13 22:37:27,592 | INFO |    AUC for fold 1: 0.5436
2025-12-13 22:37:27,691 | INFO |    AUC for fold 2: 0.5297
2025-12-13 22:37:27,788 | INFO |    AUC for fold 3: 0.5129
2025-12-13 22:37:27,888 | INFO |    AUC for fold 4: 0.5194
2025-12-13 22:37:27,985 | INFO |    AUC for fold 5: 0.5339
2025-12-13 22:37:27,991 | INFO | [vin] knn FINAL OOF AUC: 0.5279
2025-12-13 22:37:27,991 | INFO | [vin] ✅ Top 3 Models by AUC: ['lgb', 'logreg', 'rf']

2025-12-13 22:37:28,001 | INFO | ✅ Completed: Training Base Models on Vintage Features in 21.99 seconds
2025-12-13 22:37:28,001 | INFO | 🔄 Starting: Creating Meta-Model Training Set
2025-12-13 22:37:28,006 | INFO | ✅ Completed: Creating Meta-Model Training Set in 0.01 seconds
2025-12-13 22:37:28,006 | INFO | 🔄 Starting: Training Meta-Model
2025-12-13 22:37:28,102 | INFO | [META] Logistic Regression AUC (CV): 0.7337
2025-12-13 22:37:28,123 | INFO | ✅ Completed: Training Meta-Model in 0.12 seconds
2025-12-13 22:37:28,123 | INFO | 🎯 STRIKE Home Credit pipeline completed successfully.
