2025-04-20 11:34:37,218 | INFO | 🚀 Starting model stacking pipeline
2025-04-20 11:34:37,218 | INFO | 🔄 Starting: Loading Processed Datasets
2025-04-20 11:34:43,478 | INFO | ✅ Completed: Loading Processed Datasets in 6.26 seconds

2025-04-20 11:34:43,479 | INFO | 🔄 Starting: Demographic Base Models Training
2025-04-20 11:35:35,062 | INFO | 🚀 Starting model stacking pipeline
2025-04-20 11:35:35,062 | INFO | 🔄 Starting: Loading Processed Datasets
2025-04-20 11:35:41,353 | INFO | ✅ Completed: Loading Processed Datasets in 6.29 seconds
2025-04-20 11:35:41,353 | INFO | 🔄 Starting: Demographic Base Models Training
2025-04-20 11:35:44,003 | INFO |    AUC for fold 1: 0.7439
2025-04-20 11:35:46,205 | INFO |    AUC for fold 2: 0.7524
2025-04-20 11:35:48,622 | INFO |    AUC for fold 3: 0.7477
2025-04-20 11:35:50,822 | INFO |    AUC for fold 4: 0.7504
2025-04-20 11:35:52,894 | INFO |    AUC for fold 5: 0.7459
2025-04-20 11:35:52,947 | INFO | [demog] xgb FINAL OOF AUC: 0.7481
2025-04-20 11:35:54,533 | INFO |    AUC for fold 1: 0.7520
2025-04-20 11:35:56,033 | INFO |    AUC for fold 2: 0.7614
2025-04-20 11:35:57,515 | INFO |    AUC for fold 3: 0.7547
2025-04-20 11:35:58,980 | INFO |    AUC for fold 4: 0.7608
2025-04-20 11:36:00,495 | INFO |    AUC for fold 5: 0.7526
2025-04-20 11:36:00,549 | INFO | [demog] lgb FINAL OOF AUC: 0.7563
2025-04-20 11:36:09,410 | INFO |    AUC for fold 1: 0.6675
2025-04-20 11:36:19,483 | INFO |    AUC for fold 2: 0.6780
2025-04-20 11:36:29,415 | INFO |    AUC for fold 3: 0.6776
2025-04-20 11:36:38,184 | INFO |    AUC for fold 4: 0.6840
2025-04-20 11:36:47,811 | INFO |    AUC for fold 5: 0.6774
2025-04-20 11:36:47,876 | INFO | [demog] logreg FINAL OOF AUC: 0.6769
2025-04-20 11:37:43,922 | INFO |    AUC for fold 1: 0.7042
2025-04-20 11:38:40,843 | INFO |    AUC for fold 2: 0.7097
2025-04-20 11:39:37,283 | INFO |    AUC for fold 3: 0.6996
2025-04-20 11:40:34,544 | INFO |    AUC for fold 4: 0.7080
2025-04-20 11:41:30,753 | INFO |    AUC for fold 5: 0.7017
2025-04-20 11:41:30,895 | INFO | [demog] rf FINAL OOF AUC: 0.7046
2025-04-20 11:41:52,426 | INFO |    AUC for fold 1: 0.5397
2025-04-20 11:42:14,892 | INFO |    AUC for fold 2: 0.5460
2025-04-20 11:42:38,180 | INFO |    AUC for fold 3: 0.5396
2025-04-20 11:42:58,877 | INFO |    AUC for fold 4: 0.5440
2025-04-20 11:43:20,058 | INFO |    AUC for fold 5: 0.5426
2025-04-20 11:43:20,207 | INFO | [demog] knn FINAL OOF AUC: 0.5424
2025-04-20 11:43:20,207 | INFO | [demog] ✅ Top 3 Models by AUC: ['lgb', 'xgb', 'rf']

2025-04-20 11:43:20,508 | INFO | ✅ Completed: Demographic Base Models Training in 459.15 seconds

2025-04-20 11:43:20,508 | INFO | 🔄 Starting: Delinquency Base Models Training
2025-04-20 11:43:23,828 | INFO |    AUC for fold 1: 0.6709
2025-04-20 11:43:26,781 | INFO |    AUC for fold 2: 0.6725
2025-04-20 11:43:29,652 | INFO |    AUC for fold 3: 0.6655
2025-04-20 11:43:32,504 | INFO |    AUC for fold 4: 0.6769
2025-04-20 11:43:35,467 | INFO |    AUC for fold 5: 0.6697
2025-04-20 11:43:35,509 | INFO | [deq] xgb FINAL OOF AUC: 0.6711
2025-04-20 11:43:38,933 | INFO |    AUC for fold 1: 0.6831
2025-04-20 11:43:42,307 | INFO |    AUC for fold 2: 0.6886
2025-04-20 11:43:45,864 | INFO |    AUC for fold 3: 0.6799
2025-04-20 11:43:49,418 | INFO |    AUC for fold 4: 0.6965
2025-04-20 11:43:52,893 | INFO |    AUC for fold 5: 0.6851
2025-04-20 11:43:52,936 | INFO | [deq] lgb FINAL OOF AUC: 0.6866
2025-04-20 11:44:05,341 | INFO |    AUC for fold 1: 0.6346
2025-04-20 11:44:15,254 | INFO |    AUC for fold 2: 0.6351
2025-04-20 11:44:26,339 | INFO |    AUC for fold 3: 0.6297
2025-04-20 11:44:38,074 | INFO |    AUC for fold 4: 0.6357
2025-04-20 11:44:52,339 | INFO |    AUC for fold 5: 0.6335
2025-04-20 11:44:52,391 | INFO | [deq] logreg FINAL OOF AUC: 0.6338
2025-04-20 11:47:41,886 | INFO |    AUC for fold 1: 0.6421
2025-04-20 11:50:27,626 | INFO |    AUC for fold 2: 0.6523
2025-04-20 11:53:15,888 | INFO |    AUC for fold 3: 0.6376
2025-04-20 11:56:05,753 | INFO |    AUC for fold 4: 0.6599
2025-04-20 11:59:28,558 | INFO |    AUC for fold 5: 0.6489
2025-04-20 11:59:28,673 | INFO | [deq] rf FINAL OOF AUC: 0.6481
2025-04-20 11:59:51,175 | INFO |    AUC for fold 1: 0.5355
2025-04-20 12:00:13,381 | INFO |    AUC for fold 2: 0.5381
2025-04-20 12:00:35,923 | INFO |    AUC for fold 3: 0.5299
2025-04-20 12:00:58,458 | INFO |    AUC for fold 4: 0.5391
2025-04-20 12:01:21,602 | INFO |    AUC for fold 5: 0.5446
2025-04-20 12:01:21,756 | INFO | [deq] knn FINAL OOF AUC: 0.5374
2025-04-20 12:01:21,765 | INFO | [deq] ✅ Top 3 Models by AUC: ['lgb', 'xgb', 'rf']

2025-04-20 12:01:22,254 | INFO | ✅ Completed: Delinquency Base Models Training in 1081.75 seconds

2025-04-20 12:01:22,254 | INFO | 🔄 Starting: Vintage Base Models Training
2025-04-20 12:01:22,836 | INFO |    AUC for fold 1: 0.6320
2025-04-20 12:01:23,299 | INFO |    AUC for fold 2: 0.6288
2025-04-20 12:01:23,761 | INFO |    AUC for fold 3: 0.6328
2025-04-20 12:01:24,221 | INFO |    AUC for fold 4: 0.6313
2025-04-20 12:01:24,691 | INFO |    AUC for fold 5: 0.6274
2025-04-20 12:01:24,730 | INFO | [vin] xgb FINAL OOF AUC: 0.6304
2025-04-20 12:01:25,215 | INFO |    AUC for fold 1: 0.6479
2025-04-20 12:01:25,681 | INFO |    AUC for fold 2: 0.6418
2025-04-20 12:01:26,156 | INFO |    AUC for fold 3: 0.6393
2025-04-20 12:01:26,622 | INFO |    AUC for fold 4: 0.6445
2025-04-20 12:01:27,089 | INFO |    AUC for fold 5: 0.6374
2025-04-20 12:01:27,128 | INFO | [vin] lgb FINAL OOF AUC: 0.6421
2025-04-20 12:01:28,075 | INFO |    AUC for fold 1: 0.6200
2025-04-20 12:01:28,744 | INFO |    AUC for fold 2: 0.6196
2025-04-20 12:01:29,702 | INFO |    AUC for fold 3: 0.6225
2025-04-20 12:01:30,565 | INFO |    AUC for fold 4: 0.6237
2025-04-20 12:01:31,408 | INFO |    AUC for fold 5: 0.6168
2025-04-20 12:01:31,457 | INFO | [vin] logreg FINAL OOF AUC: 0.6205
2025-04-20 12:02:00,477 | INFO |    AUC for fold 1: 0.6079
2025-04-20 12:02:29,179 | INFO |    AUC for fold 2: 0.6078
2025-04-20 12:02:57,940 | INFO |    AUC for fold 3: 0.6107
2025-04-20 12:03:26,849 | INFO |    AUC for fold 4: 0.6102
2025-04-20 12:03:55,536 | INFO |    AUC for fold 5: 0.6015
2025-04-20 12:03:55,658 | INFO | [vin] rf FINAL OOF AUC: 0.6076
2025-04-20 12:04:00,016 | INFO |    AUC for fold 1: 0.5347
2025-04-20 12:04:04,378 | INFO |    AUC for fold 2: 0.5387
2025-04-20 12:04:08,682 | INFO |    AUC for fold 3: 0.5321
2025-04-20 12:04:12,964 | INFO |    AUC for fold 4: 0.5398
2025-04-20 12:04:17,310 | INFO |    AUC for fold 5: 0.5420
2025-04-20 12:04:17,356 | INFO | [vin] knn FINAL OOF AUC: 0.5375
2025-04-20 12:04:17,356 | INFO | [vin] ✅ Top 3 Models by AUC: ['lgb', 'xgb', 'logreg']

2025-04-20 12:04:17,416 | INFO | ✅ Completed: Vintage Base Models Training in 175.16 seconds

2025-04-20 12:04:17,417 | INFO | 🔄 Starting: Target Table Creation
2025-04-20 12:04:17,453 | INFO | ✅ Completed: Target Table Creation in 0.04 seconds

2025-04-20 12:04:17,453 | INFO | 🔄 Starting: Meta Model Training
2025-04-20 12:04:17,995 | INFO | [META] Logistic Regression AUC (CV): 0.7661
2025-04-20 12:04:18,101 | INFO | ✅ Completed: Meta Model Training in 0.65 seconds
2025-12-13 23:32:26,042 | INFO | 🚀 Starting STRIKE Home Credit Model Stacking Pipeline
2025-12-13 23:32:26,042 | INFO | 🔄 Starting: Preprocessing DEMOG Features
2025-12-13 23:32:28,450 | INFO | ✅ Completed: Preprocessing DEMOG Features in 2.41 seconds
2025-12-13 23:32:28,450 | INFO | 🔄 Starting: Preprocessing DEQ Features
2025-12-13 23:32:36,498 | INFO | ✅ Completed: Preprocessing DEQ Features in 8.05 seconds
2025-12-13 23:32:36,500 | INFO | 🔄 Starting: Preprocessing Vintage Features
2025-12-13 23:32:38,468 | INFO | ✅ Completed: Preprocessing Vintage Features in 1.97 seconds
2025-12-13 23:32:38,468 | INFO | 🔄 Starting: Training Base Models on Demographic Features
2025-12-13 23:32:38,914 | INFO |    AUC for fold 1: 0.6214
2025-12-13 23:32:39,282 | INFO |    AUC for fold 2: 0.6330
2025-12-13 23:32:39,661 | INFO |    AUC for fold 3: 0.6252
2025-12-13 23:32:40,017 | INFO |    AUC for fold 4: 0.6343
2025-12-13 23:32:40,377 | INFO |    AUC for fold 5: 0.6238
2025-12-13 23:32:40,383 | INFO | [demog] xgb FINAL OOF AUC: 0.6274
2025-12-13 23:32:41,022 | INFO |    AUC for fold 1: 0.6382
2025-12-13 23:32:41,493 | INFO |    AUC for fold 2: 0.6509
2025-12-13 23:32:41,951 | INFO |    AUC for fold 3: 0.6485
2025-12-13 23:32:42,404 | INFO |    AUC for fold 4: 0.6652
2025-12-13 23:32:42,915 | INFO |    AUC for fold 5: 0.6503
2025-12-13 23:32:42,924 | INFO | [demog] lgb FINAL OOF AUC: 0.6502
2025-12-13 23:32:43,385 | INFO |    AUC for fold 1: 0.5993
2025-12-13 23:32:43,720 | INFO |    AUC for fold 2: 0.6323
2025-12-13 23:32:44,091 | INFO |    AUC for fold 3: 0.6170
2025-12-13 23:32:44,476 | INFO |    AUC for fold 4: 0.6162
2025-12-13 23:32:44,863 | INFO |    AUC for fold 5: 0.6337
2025-12-13 23:32:44,874 | INFO | [demog] logreg FINAL OOF AUC: 0.6195
2025-12-13 23:32:54,759 | INFO |    AUC for fold 1: 0.6134
2025-12-13 23:33:04,708 | INFO |    AUC for fold 2: 0.6056
2025-12-13 23:33:14,685 | INFO |    AUC for fold 3: 0.6060
2025-12-13 23:33:24,628 | INFO |    AUC for fold 4: 0.6122
2025-12-13 23:33:34,617 | INFO |    AUC for fold 5: 0.6169
2025-12-13 23:33:34,670 | INFO | [demog] rf FINAL OOF AUC: 0.6108
2025-12-13 23:33:35,112 | INFO |    AUC for fold 1: 0.5368
2025-12-13 23:33:35,466 | INFO |    AUC for fold 2: 0.5240
2025-12-13 23:33:35,832 | INFO |    AUC for fold 3: 0.5003
2025-12-13 23:33:36,259 | INFO |    AUC for fold 4: 0.5269
2025-12-13 23:33:36,663 | INFO |    AUC for fold 5: 0.5213
2025-12-13 23:33:36,685 | INFO | [demog] knn FINAL OOF AUC: 0.5219
2025-12-13 23:33:36,685 | INFO | [demog] ✅ Top 3 Models by AUC: ['lgb', 'xgb', 'logreg']

2025-12-13 23:33:36,745 | INFO | ✅ Completed: Training Base Models on Demographic Features in 58.28 seconds
2025-12-13 23:33:36,745 | INFO | 🔄 Starting: Training Base Models on Delinquency Features
2025-12-13 23:33:37,683 | INFO |    AUC for fold 1: 0.6390
2025-12-13 23:33:38,498 | INFO |    AUC for fold 2: 0.6446
2025-12-13 23:33:39,304 | INFO |    AUC for fold 3: 0.6491
2025-12-13 23:33:40,118 | INFO |    AUC for fold 4: 0.6523
2025-12-13 23:33:40,918 | INFO |    AUC for fold 5: 0.6563
2025-12-13 23:33:40,926 | INFO | [deq] xgb FINAL OOF AUC: 0.6478
2025-12-13 23:33:41,846 | INFO |    AUC for fold 1: 0.6634
2025-12-13 23:33:42,796 | INFO |    AUC for fold 2: 0.6720
2025-12-13 23:33:44,011 | INFO |    AUC for fold 3: 0.6660
2025-12-13 23:33:44,936 | INFO |    AUC for fold 4: 0.6926
2025-12-13 23:33:45,842 | INFO |    AUC for fold 5: 0.6825
2025-12-13 23:33:45,851 | INFO | [deq] lgb FINAL OOF AUC: 0.6745
2025-12-13 23:33:47,915 | INFO |    AUC for fold 1: 0.6395
2025-12-13 23:33:49,777 | INFO |    AUC for fold 2: 0.6584
2025-12-13 23:33:51,501 | INFO |    AUC for fold 3: 0.6434
2025-12-13 23:33:53,140 | INFO |    AUC for fold 4: 0.6624
2025-12-13 23:33:55,182 | INFO |    AUC for fold 5: 0.6503
2025-12-13 23:33:55,192 | INFO | [deq] logreg FINAL OOF AUC: 0.6499
2025-12-13 23:34:15,776 | INFO |    AUC for fold 1: 0.6333
2025-12-13 23:34:35,455 | INFO |    AUC for fold 2: 0.6451
2025-12-13 23:34:55,782 | INFO |    AUC for fold 3: 0.6213
2025-12-13 23:35:16,402 | INFO |    AUC for fold 4: 0.6611
2025-12-13 23:35:36,249 | INFO |    AUC for fold 5: 0.6484
2025-12-13 23:35:36,291 | INFO | [deq] rf FINAL OOF AUC: 0.6413
2025-12-13 23:35:37,038 | INFO |    AUC for fold 1: 0.5234
2025-12-13 23:35:37,857 | INFO |    AUC for fold 2: 0.5073
2025-12-13 23:35:38,669 | INFO |    AUC for fold 3: 0.5250
2025-12-13 23:35:39,489 | INFO |    AUC for fold 4: 0.5138
2025-12-13 23:35:40,274 | INFO |    AUC for fold 5: 0.5252
2025-12-13 23:35:40,324 | INFO | [deq] knn FINAL OOF AUC: 0.5189
2025-12-13 23:35:40,330 | INFO | [deq] ✅ Top 3 Models by AUC: ['lgb', 'logreg', 'xgb']

2025-12-13 23:35:40,448 | INFO | ✅ Completed: Training Base Models on Delinquency Features in 123.70 seconds
2025-12-13 23:35:40,448 | INFO | 🔄 Starting: Training Base Models on Vintage Features
2025-12-13 23:35:40,771 | INFO |    AUC for fold 1: 0.6746
2025-12-13 23:35:41,054 | INFO |    AUC for fold 2: 0.6863
2025-12-13 23:35:41,354 | INFO |    AUC for fold 3: 0.6702
2025-12-13 23:35:41,638 | INFO |    AUC for fold 4: 0.6916
2025-12-13 23:35:41,921 | INFO |    AUC for fold 5: 0.6939
2025-12-13 23:35:41,929 | INFO | [vin] xgb FINAL OOF AUC: 0.6832
2025-12-13 23:35:42,309 | INFO |    AUC for fold 1: 0.6935
2025-12-13 23:35:42,777 | INFO |    AUC for fold 2: 0.7163
2025-12-13 23:35:43,156 | INFO |    AUC for fold 3: 0.6942
2025-12-13 23:35:43,555 | INFO |    AUC for fold 4: 0.7060
2025-12-13 23:35:43,936 | INFO |    AUC for fold 5: 0.7172
2025-12-13 23:35:43,945 | INFO | [vin] lgb FINAL OOF AUC: 0.7052
2025-12-13 23:35:44,269 | INFO |    AUC for fold 1: 0.6487
2025-12-13 23:35:44,567 | INFO |    AUC for fold 2: 0.6759
2025-12-13 23:35:45,043 | INFO |    AUC for fold 3: 0.6653
2025-12-13 23:35:45,389 | INFO |    AUC for fold 4: 0.6729
2025-12-13 23:35:45,851 | INFO |    AUC for fold 5: 0.6840
2025-12-13 23:35:45,858 | INFO | [vin] logreg FINAL OOF AUC: 0.6693
2025-12-13 23:35:50,785 | INFO |    AUC for fold 1: 0.6634
2025-12-13 23:35:55,626 | INFO |    AUC for fold 2: 0.6780
2025-12-13 23:36:00,457 | INFO |    AUC for fold 3: 0.6651
2025-12-13 23:36:05,495 | INFO |    AUC for fold 4: 0.6778
2025-12-13 23:36:10,441 | INFO |    AUC for fold 5: 0.6763
2025-12-13 23:36:10,484 | INFO | [vin] rf FINAL OOF AUC: 0.6721
2025-12-13 23:36:10,866 | INFO |    AUC for fold 1: 0.5508
2025-12-13 23:36:11,302 | INFO |    AUC for fold 2: 0.5409
2025-12-13 23:36:11,702 | INFO |    AUC for fold 3: 0.5338
2025-12-13 23:36:12,148 | INFO |    AUC for fold 4: 0.5399
2025-12-13 23:36:12,557 | INFO |    AUC for fold 5: 0.5464
2025-12-13 23:36:12,587 | INFO | [vin] knn FINAL OOF AUC: 0.5424
2025-12-13 23:36:12,588 | INFO | [vin] ✅ Top 3 Models by AUC: ['lgb', 'xgb', 'rf']

2025-12-13 23:36:12,611 | INFO | ✅ Completed: Training Base Models on Vintage Features in 32.16 seconds
2025-12-13 23:36:12,611 | INFO | 🔄 Starting: Creating Meta-Model Training Set
2025-12-13 23:36:12,619 | INFO | ✅ Completed: Creating Meta-Model Training Set in 0.01 seconds
2025-12-13 23:36:12,619 | INFO | 🔄 Starting: Training Meta-Model
2025-12-13 23:36:12,805 | INFO | [META] Logistic Regression AUC (CV): 0.7407
2025-12-13 23:36:12,838 | INFO | ✅ Completed: Training Meta-Model in 0.22 seconds
2025-12-13 23:36:12,838 | INFO | 🎯 STRIKE Home Credit pipeline completed successfully.
