2025-04-20 11:34:37,218 | INFO | 🚀 Starting model stacking pipeline
2025-04-20 11:34:37,218 | INFO | 🔄 Starting: Loading Processed Datasets
2025-04-20 11:34:43,478 | INFO | ✅ Completed: Loading Processed Datasets in 6.26 seconds

2025-04-20 11:34:43,479 | INFO | 🔄 Starting: Demographic Base Models Training
2025-04-20 11:35:35,062 | INFO | 🚀 Starting model stacking pipeline
2025-04-20 11:35:35,062 | INFO | 🔄 Starting: Loading Processed Datasets
2025-04-20 11:35:41,353 | INFO | ✅ Completed: Loading Processed Datasets in 6.29 seconds
2025-04-20 11:35:41,353 | INFO | 🔄 Starting: Demographic Base Models Training
2025-04-20 11:35:44,003 | INFO |    AUC for fold 1: 0.7439
2025-04-20 11:35:46,205 | INFO |    AUC for fold 2: 0.7524
2025-04-20 11:35:48,622 | INFO |    AUC for fold 3: 0.7477
2025-04-20 11:35:50,822 | INFO |    AUC for fold 4: 0.7504
2025-04-20 11:35:52,894 | INFO |    AUC for fold 5: 0.7459
2025-04-20 11:35:52,947 | INFO | [demog] xgb FINAL OOF AUC: 0.7481
2025-04-20 11:35:54,533 | INFO |    AUC for fold 1: 0.7520
2025-04-20 11:35:56,033 | INFO |    AUC for fold 2: 0.7614
2025-04-20 11:35:57,515 | INFO |    AUC for fold 3: 0.7547
2025-04-20 11:35:58,980 | INFO |    AUC for fold 4: 0.7608
2025-04-20 11:36:00,495 | INFO |    AUC for fold 5: 0.7526
2025-04-20 11:36:00,549 | INFO | [demog] lgb FINAL OOF AUC: 0.7563
2025-04-20 11:36:09,410 | INFO |    AUC for fold 1: 0.6675
2025-04-20 11:36:19,483 | INFO |    AUC for fold 2: 0.6780
2025-04-20 11:36:29,415 | INFO |    AUC for fold 3: 0.6776
2025-04-20 11:36:38,184 | INFO |    AUC for fold 4: 0.6840
2025-04-20 11:36:47,811 | INFO |    AUC for fold 5: 0.6774
2025-04-20 11:36:47,876 | INFO | [demog] logreg FINAL OOF AUC: 0.6769
2025-04-20 11:37:43,922 | INFO |    AUC for fold 1: 0.7042
2025-04-20 11:38:40,843 | INFO |    AUC for fold 2: 0.7097
2025-04-20 11:39:37,283 | INFO |    AUC for fold 3: 0.6996
2025-04-20 11:40:34,544 | INFO |    AUC for fold 4: 0.7080
2025-04-20 11:41:30,753 | INFO |    AUC for fold 5: 0.7017
2025-04-20 11:41:30,895 | INFO | [demog] rf FINAL OOF AUC: 0.7046
2025-04-20 11:41:52,426 | INFO |    AUC for fold 1: 0.5397
2025-04-20 11:42:14,892 | INFO |    AUC for fold 2: 0.5460
2025-04-20 11:42:38,180 | INFO |    AUC for fold 3: 0.5396
2025-04-20 11:42:58,877 | INFO |    AUC for fold 4: 0.5440
2025-04-20 11:43:20,058 | INFO |    AUC for fold 5: 0.5426
2025-04-20 11:43:20,207 | INFO | [demog] knn FINAL OOF AUC: 0.5424
2025-04-20 11:43:20,207 | INFO | [demog] ✅ Top 3 Models by AUC: ['lgb', 'xgb', 'rf']

2025-04-20 11:43:20,508 | INFO | ✅ Completed: Demographic Base Models Training in 459.15 seconds

2025-04-20 11:43:20,508 | INFO | 🔄 Starting: Delinquency Base Models Training
2025-04-20 11:43:23,828 | INFO |    AUC for fold 1: 0.6709
2025-04-20 11:43:26,781 | INFO |    AUC for fold 2: 0.6725
2025-04-20 11:43:29,652 | INFO |    AUC for fold 3: 0.6655
2025-04-20 11:43:32,504 | INFO |    AUC for fold 4: 0.6769
2025-04-20 11:43:35,467 | INFO |    AUC for fold 5: 0.6697
2025-04-20 11:43:35,509 | INFO | [deq] xgb FINAL OOF AUC: 0.6711
2025-04-20 11:43:38,933 | INFO |    AUC for fold 1: 0.6831
2025-04-20 11:43:42,307 | INFO |    AUC for fold 2: 0.6886
2025-04-20 11:43:45,864 | INFO |    AUC for fold 3: 0.6799
2025-04-20 11:43:49,418 | INFO |    AUC for fold 4: 0.6965
2025-04-20 11:43:52,893 | INFO |    AUC for fold 5: 0.6851
2025-04-20 11:43:52,936 | INFO | [deq] lgb FINAL OOF AUC: 0.6866
2025-04-20 11:44:05,341 | INFO |    AUC for fold 1: 0.6346
2025-04-20 11:44:15,254 | INFO |    AUC for fold 2: 0.6351
2025-04-20 11:44:26,339 | INFO |    AUC for fold 3: 0.6297
2025-04-20 11:44:38,074 | INFO |    AUC for fold 4: 0.6357
2025-04-20 11:44:52,339 | INFO |    AUC for fold 5: 0.6335
2025-04-20 11:44:52,391 | INFO | [deq] logreg FINAL OOF AUC: 0.6338
2025-04-20 11:47:41,886 | INFO |    AUC for fold 1: 0.6421
2025-04-20 11:50:27,626 | INFO |    AUC for fold 2: 0.6523
2025-04-20 11:53:15,888 | INFO |    AUC for fold 3: 0.6376
2025-04-20 11:56:05,753 | INFO |    AUC for fold 4: 0.6599
2025-04-20 11:59:28,558 | INFO |    AUC for fold 5: 0.6489
2025-04-20 11:59:28,673 | INFO | [deq] rf FINAL OOF AUC: 0.6481
2025-04-20 11:59:51,175 | INFO |    AUC for fold 1: 0.5355
2025-04-20 12:00:13,381 | INFO |    AUC for fold 2: 0.5381
2025-04-20 12:00:35,923 | INFO |    AUC for fold 3: 0.5299
2025-04-20 12:00:58,458 | INFO |    AUC for fold 4: 0.5391
2025-04-20 12:01:21,602 | INFO |    AUC for fold 5: 0.5446
2025-04-20 12:01:21,756 | INFO | [deq] knn FINAL OOF AUC: 0.5374
2025-04-20 12:01:21,765 | INFO | [deq] ✅ Top 3 Models by AUC: ['lgb', 'xgb', 'rf']

2025-04-20 12:01:22,254 | INFO | ✅ Completed: Delinquency Base Models Training in 1081.75 seconds

2025-04-20 12:01:22,254 | INFO | 🔄 Starting: Vintage Base Models Training
2025-04-20 12:01:22,836 | INFO |    AUC for fold 1: 0.6320
2025-04-20 12:01:23,299 | INFO |    AUC for fold 2: 0.6288
2025-04-20 12:01:23,761 | INFO |    AUC for fold 3: 0.6328
2025-04-20 12:01:24,221 | INFO |    AUC for fold 4: 0.6313
2025-04-20 12:01:24,691 | INFO |    AUC for fold 5: 0.6274
2025-04-20 12:01:24,730 | INFO | [vin] xgb FINAL OOF AUC: 0.6304
2025-04-20 12:01:25,215 | INFO |    AUC for fold 1: 0.6479
2025-04-20 12:01:25,681 | INFO |    AUC for fold 2: 0.6418
2025-04-20 12:01:26,156 | INFO |    AUC for fold 3: 0.6393
2025-04-20 12:01:26,622 | INFO |    AUC for fold 4: 0.6445
2025-04-20 12:01:27,089 | INFO |    AUC for fold 5: 0.6374
2025-04-20 12:01:27,128 | INFO | [vin] lgb FINAL OOF AUC: 0.6421
2025-04-20 12:01:28,075 | INFO |    AUC for fold 1: 0.6200
2025-04-20 12:01:28,744 | INFO |    AUC for fold 2: 0.6196
2025-04-20 12:01:29,702 | INFO |    AUC for fold 3: 0.6225
2025-04-20 12:01:30,565 | INFO |    AUC for fold 4: 0.6237
2025-04-20 12:01:31,408 | INFO |    AUC for fold 5: 0.6168
2025-04-20 12:01:31,457 | INFO | [vin] logreg FINAL OOF AUC: 0.6205
2025-04-20 12:02:00,477 | INFO |    AUC for fold 1: 0.6079
2025-04-20 12:02:29,179 | INFO |    AUC for fold 2: 0.6078
2025-04-20 12:02:57,940 | INFO |    AUC for fold 3: 0.6107
2025-04-20 12:03:26,849 | INFO |    AUC for fold 4: 0.6102
2025-04-20 12:03:55,536 | INFO |    AUC for fold 5: 0.6015
2025-04-20 12:03:55,658 | INFO | [vin] rf FINAL OOF AUC: 0.6076
2025-04-20 12:04:00,016 | INFO |    AUC for fold 1: 0.5347
2025-04-20 12:04:04,378 | INFO |    AUC for fold 2: 0.5387
2025-04-20 12:04:08,682 | INFO |    AUC for fold 3: 0.5321
2025-04-20 12:04:12,964 | INFO |    AUC for fold 4: 0.5398
2025-04-20 12:04:17,310 | INFO |    AUC for fold 5: 0.5420
2025-04-20 12:04:17,356 | INFO | [vin] knn FINAL OOF AUC: 0.5375
2025-04-20 12:04:17,356 | INFO | [vin] ✅ Top 3 Models by AUC: ['lgb', 'xgb', 'logreg']

2025-04-20 12:04:17,416 | INFO | ✅ Completed: Vintage Base Models Training in 175.16 seconds

2025-04-20 12:04:17,417 | INFO | 🔄 Starting: Target Table Creation
2025-04-20 12:04:17,453 | INFO | ✅ Completed: Target Table Creation in 0.04 seconds

2025-04-20 12:04:17,453 | INFO | 🔄 Starting: Meta Model Training
2025-04-20 12:04:17,995 | INFO | [META] Logistic Regression AUC (CV): 0.7661
2025-04-20 12:04:18,101 | INFO | ✅ Completed: Meta Model Training in 0.65 seconds
2026-03-09 10:03:21,601 | INFO | 🚀 Starting STRIKE Home Credit Model Stacking Pipeline
2026-03-09 10:03:21,601 | INFO | 🔄 Starting: Preprocessing DEMOG Features
2026-03-09 10:03:25,763 | INFO | ✅ Completed: Preprocessing DEMOG Features in 4.16 seconds
2026-03-09 10:03:25,763 | INFO | 🔄 Starting: Preprocessing DEQ Features
2026-03-09 10:03:30,375 | INFO | ✅ Completed: Preprocessing DEQ Features in 4.61 seconds
2026-03-09 10:03:30,376 | INFO | 🔄 Starting: Preprocessing Vintage Features
2026-03-09 10:03:34,648 | INFO | ✅ Completed: Preprocessing Vintage Features in 4.27 seconds
2026-03-09 10:03:34,650 | INFO | 🔄 Starting: Training Base Models on Demographic Features
2026-03-09 10:03:35,623 | INFO |    AUC for fold 1: 0.6859
2026-03-09 10:03:36,220 | INFO |    AUC for fold 2: 0.6900
2026-03-09 10:03:36,726 | INFO |    AUC for fold 3: 0.6961
2026-03-09 10:03:37,375 | INFO |    AUC for fold 4: 0.7052
2026-03-09 10:03:37,919 | INFO |    AUC for fold 5: 0.7072
2026-03-09 10:03:37,926 | INFO | [demog] xgb FINAL OOF AUC: 0.6968
2026-03-09 10:03:39,028 | INFO |    AUC for fold 1: 0.7142
2026-03-09 10:03:39,665 | INFO |    AUC for fold 2: 0.7274
2026-03-09 10:03:40,502 | INFO |    AUC for fold 3: 0.7225
2026-03-09 10:03:41,594 | INFO |    AUC for fold 4: 0.7303
2026-03-09 10:03:42,273 | INFO |    AUC for fold 5: 0.7371
2026-03-09 10:03:42,282 | INFO | [demog] lgb FINAL OOF AUC: 0.7262
2026-03-09 10:03:43,009 | INFO |    AUC for fold 1: 0.6632
2026-03-09 10:03:43,640 | INFO |    AUC for fold 2: 0.6935
2026-03-09 10:03:44,259 | INFO |    AUC for fold 3: 0.6746
2026-03-09 10:03:44,904 | INFO |    AUC for fold 4: 0.6926
2026-03-09 10:03:45,489 | INFO |    AUC for fold 5: 0.6870
2026-03-09 10:03:45,498 | INFO | [demog] logreg FINAL OOF AUC: 0.6821
2026-03-09 10:03:57,364 | INFO |    AUC for fold 1: 0.6807
2026-03-09 10:04:09,443 | INFO |    AUC for fold 2: 0.6802
2026-03-09 10:04:21,760 | INFO |    AUC for fold 3: 0.6800
2026-03-09 10:04:33,982 | INFO |    AUC for fold 4: 0.7002
2026-03-09 10:04:45,793 | INFO |    AUC for fold 5: 0.7053
2026-03-09 10:04:45,835 | INFO | [demog] rf FINAL OOF AUC: 0.6892
2026-03-09 10:04:46,315 | INFO |    AUC for fold 1: 0.5631
2026-03-09 10:04:46,763 | INFO |    AUC for fold 2: 0.5406
2026-03-09 10:04:47,192 | INFO |    AUC for fold 3: 0.5372
2026-03-09 10:04:47,631 | INFO |    AUC for fold 4: 0.5556
2026-03-09 10:04:48,087 | INFO |    AUC for fold 5: 0.5483
2026-03-09 10:04:48,124 | INFO | [demog] knn FINAL OOF AUC: 0.5490
2026-03-09 10:04:48,128 | INFO | [demog] ✅ Top 3 Models by AUC: ['lgb', 'xgb', 'rf']

2026-03-09 10:04:48,174 | INFO | ✅ Completed: Training Base Models on Demographic Features in 73.52 seconds
2026-03-09 10:04:48,174 | INFO | 🔄 Starting: Training Base Models on Delinquency Features
2026-03-09 10:04:48,729 | INFO |    AUC for fold 1: 0.6642
2026-03-09 10:04:49,206 | INFO |    AUC for fold 2: 0.6748
2026-03-09 10:04:49,675 | INFO |    AUC for fold 3: 0.6804
2026-03-09 10:04:50,144 | INFO |    AUC for fold 4: 0.6840
2026-03-09 10:04:50,608 | INFO |    AUC for fold 5: 0.6718
2026-03-09 10:04:50,617 | INFO | [deq] xgb FINAL OOF AUC: 0.6749
2026-03-09 10:04:51,177 | INFO |    AUC for fold 1: 0.6819
2026-03-09 10:04:51,731 | INFO |    AUC for fold 2: 0.7032
2026-03-09 10:04:52,287 | INFO |    AUC for fold 3: 0.6948
2026-03-09 10:04:52,842 | INFO |    AUC for fold 4: 0.7080
2026-03-09 10:04:53,395 | INFO |    AUC for fold 5: 0.7047
2026-03-09 10:04:53,402 | INFO | [deq] lgb FINAL OOF AUC: 0.6983
2026-03-09 10:04:54,165 | INFO |    AUC for fold 1: 0.6581
2026-03-09 10:04:55,160 | INFO |    AUC for fold 2: 0.6852
2026-03-09 10:04:56,950 | INFO |    AUC for fold 3: 0.6755
2026-03-09 10:04:58,791 | INFO |    AUC for fold 4: 0.6821
2026-03-09 10:05:00,012 | INFO |    AUC for fold 5: 0.6843
2026-03-09 10:05:00,020 | INFO | [deq] logreg FINAL OOF AUC: 0.6769
2026-03-09 10:05:11,731 | INFO |    AUC for fold 1: 0.6442
2026-03-09 10:05:23,460 | INFO |    AUC for fold 2: 0.6568
2026-03-09 10:05:35,061 | INFO |    AUC for fold 3: 0.6436
2026-03-09 10:05:46,623 | INFO |    AUC for fold 4: 0.6667
2026-03-09 10:05:58,740 | INFO |    AUC for fold 5: 0.6539
2026-03-09 10:05:58,778 | INFO | [deq] rf FINAL OOF AUC: 0.6530
2026-03-09 10:05:59,492 | INFO |    AUC for fold 1: 0.5417
2026-03-09 10:06:00,074 | INFO |    AUC for fold 2: 0.5501
2026-03-09 10:06:00,675 | INFO |    AUC for fold 3: 0.5347
2026-03-09 10:06:01,296 | INFO |    AUC for fold 4: 0.5462
2026-03-09 10:06:01,958 | INFO |    AUC for fold 5: 0.5432
2026-03-09 10:06:02,008 | INFO | [deq] knn FINAL OOF AUC: 0.5432
2026-03-09 10:06:02,013 | INFO | [deq] ✅ Top 3 Models by AUC: ['lgb', 'logreg', 'xgb']

2026-03-09 10:06:02,213 | INFO | ✅ Completed: Training Base Models on Delinquency Features in 74.03 seconds
2026-03-09 10:06:02,213 | INFO | 🔄 Starting: Training Base Models on Vintage Features
2026-03-09 10:06:02,904 | INFO |    AUC for fold 1: 0.6584
2026-03-09 10:06:03,460 | INFO |    AUC for fold 2: 0.6770
2026-03-09 10:06:03,945 | INFO |    AUC for fold 3: 0.6572
2026-03-09 10:06:04,456 | INFO |    AUC for fold 4: 0.6679
2026-03-09 10:06:04,955 | INFO |    AUC for fold 5: 0.6739
2026-03-09 10:06:04,964 | INFO | [vin] xgb FINAL OOF AUC: 0.6668
2026-03-09 10:06:05,666 | INFO |    AUC for fold 1: 0.6774
2026-03-09 10:06:06,348 | INFO |    AUC for fold 2: 0.7032
2026-03-09 10:06:07,025 | INFO |    AUC for fold 3: 0.6693
2026-03-09 10:06:07,839 | INFO |    AUC for fold 4: 0.6990
2026-03-09 10:06:08,503 | INFO |    AUC for fold 5: 0.6961
2026-03-09 10:06:08,512 | INFO | [vin] lgb FINAL OOF AUC: 0.6888
2026-03-09 10:06:10,005 | INFO |    AUC for fold 1: 0.6575
2026-03-09 10:06:11,188 | INFO |    AUC for fold 2: 0.6854
2026-03-09 10:06:12,439 | INFO |    AUC for fold 3: 0.6527
2026-03-09 10:06:13,631 | INFO |    AUC for fold 4: 0.6732
2026-03-09 10:06:14,941 | INFO |    AUC for fold 5: 0.6578
2026-03-09 10:06:14,951 | INFO | [vin] logreg FINAL OOF AUC: 0.6650
2026-03-09 10:06:30,001 | INFO |    AUC for fold 1: 0.6443
2026-03-09 10:06:44,626 | INFO |    AUC for fold 2: 0.6373
2026-03-09 10:06:59,121 | INFO |    AUC for fold 3: 0.6307
2026-03-09 10:07:13,890 | INFO |    AUC for fold 4: 0.6615
2026-03-09 10:07:28,516 | INFO |    AUC for fold 5: 0.6457
2026-03-09 10:07:28,554 | INFO | [vin] rf FINAL OOF AUC: 0.6438
2026-03-09 10:07:29,001 | INFO |    AUC for fold 1: 0.5391
2026-03-09 10:07:29,474 | INFO |    AUC for fold 2: 0.5409
2026-03-09 10:07:29,927 | INFO |    AUC for fold 3: 0.5342
2026-03-09 10:07:30,376 | INFO |    AUC for fold 4: 0.5335
2026-03-09 10:07:30,830 | INFO |    AUC for fold 5: 0.5287
2026-03-09 10:07:30,868 | INFO | [vin] knn FINAL OOF AUC: 0.5353
2026-03-09 10:07:30,868 | INFO | [vin] ✅ Top 3 Models by AUC: ['lgb', 'xgb', 'logreg']

2026-03-09 10:07:30,896 | INFO | ✅ Completed: Training Base Models on Vintage Features in 88.68 seconds
2026-03-09 10:07:30,896 | INFO | 🔄 Starting: Creating Meta-Model Training Set
2026-03-09 10:07:30,903 | INFO | ✅ Completed: Creating Meta-Model Training Set in 0.01 seconds
2026-03-09 10:07:30,903 | INFO | 🔄 Starting: Training Meta-Model
2026-03-09 10:07:31,141 | INFO | [META] Logistic Regression AUC (CV): 0.7380
2026-03-09 10:07:31,198 | INFO | ✅ Completed: Training Meta-Model in 0.29 seconds
2026-03-09 10:07:31,198 | INFO | 🎯 STRIKE Home Credit pipeline completed successfully.
