2025-04-20 11:34:37,218 | INFO | 🚀 Starting model stacking pipeline
2025-04-20 11:34:37,218 | INFO | 🔄 Starting: Loading Processed Datasets
2025-04-20 11:34:43,478 | INFO | ✅ Completed: Loading Processed Datasets in 6.26 seconds

2025-04-20 11:34:43,479 | INFO | 🔄 Starting: Demographic Base Models Training
2025-04-20 11:35:35,062 | INFO | 🚀 Starting model stacking pipeline
2025-04-20 11:35:35,062 | INFO | 🔄 Starting: Loading Processed Datasets
2025-04-20 11:35:41,353 | INFO | ✅ Completed: Loading Processed Datasets in 6.29 seconds
2025-04-20 11:35:41,353 | INFO | 🔄 Starting: Demographic Base Models Training
2025-04-20 11:35:44,003 | INFO |    AUC for fold 1: 0.7439
2025-04-20 11:35:46,205 | INFO |    AUC for fold 2: 0.7524
2025-04-20 11:35:48,622 | INFO |    AUC for fold 3: 0.7477
2025-04-20 11:35:50,822 | INFO |    AUC for fold 4: 0.7504
2025-04-20 11:35:52,894 | INFO |    AUC for fold 5: 0.7459
2025-04-20 11:35:52,947 | INFO | [demog] xgb FINAL OOF AUC: 0.7481
2025-04-20 11:35:54,533 | INFO |    AUC for fold 1: 0.7520
2025-04-20 11:35:56,033 | INFO |    AUC for fold 2: 0.7614
2025-04-20 11:35:57,515 | INFO |    AUC for fold 3: 0.7547
2025-04-20 11:35:58,980 | INFO |    AUC for fold 4: 0.7608
2025-04-20 11:36:00,495 | INFO |    AUC for fold 5: 0.7526
2025-04-20 11:36:00,549 | INFO | [demog] lgb FINAL OOF AUC: 0.7563
2025-04-20 11:36:09,410 | INFO |    AUC for fold 1: 0.6675
2025-04-20 11:36:19,483 | INFO |    AUC for fold 2: 0.6780
2025-04-20 11:36:29,415 | INFO |    AUC for fold 3: 0.6776
2025-04-20 11:36:38,184 | INFO |    AUC for fold 4: 0.6840
2025-04-20 11:36:47,811 | INFO |    AUC for fold 5: 0.6774
2025-04-20 11:36:47,876 | INFO | [demog] logreg FINAL OOF AUC: 0.6769
2025-04-20 11:37:43,922 | INFO |    AUC for fold 1: 0.7042
2025-04-20 11:38:40,843 | INFO |    AUC for fold 2: 0.7097
2025-04-20 11:39:37,283 | INFO |    AUC for fold 3: 0.6996
2025-04-20 11:40:34,544 | INFO |    AUC for fold 4: 0.7080
2025-04-20 11:41:30,753 | INFO |    AUC for fold 5: 0.7017
2025-04-20 11:41:30,895 | INFO | [demog] rf FINAL OOF AUC: 0.7046
2025-04-20 11:41:52,426 | INFO |    AUC for fold 1: 0.5397
2025-04-20 11:42:14,892 | INFO |    AUC for fold 2: 0.5460
2025-04-20 11:42:38,180 | INFO |    AUC for fold 3: 0.5396
2025-04-20 11:42:58,877 | INFO |    AUC for fold 4: 0.5440
2025-04-20 11:43:20,058 | INFO |    AUC for fold 5: 0.5426
2025-04-20 11:43:20,207 | INFO | [demog] knn FINAL OOF AUC: 0.5424
2025-04-20 11:43:20,207 | INFO | [demog] ✅ Top 3 Models by AUC: ['lgb', 'xgb', 'rf']

2025-04-20 11:43:20,508 | INFO | ✅ Completed: Demographic Base Models Training in 459.15 seconds

2025-04-20 11:43:20,508 | INFO | 🔄 Starting: Delinquency Base Models Training
2025-04-20 11:43:23,828 | INFO |    AUC for fold 1: 0.6709
2025-04-20 11:43:26,781 | INFO |    AUC for fold 2: 0.6725
2025-04-20 11:43:29,652 | INFO |    AUC for fold 3: 0.6655
2025-04-20 11:43:32,504 | INFO |    AUC for fold 4: 0.6769
2025-04-20 11:43:35,467 | INFO |    AUC for fold 5: 0.6697
2025-04-20 11:43:35,509 | INFO | [deq] xgb FINAL OOF AUC: 0.6711
2025-04-20 11:43:38,933 | INFO |    AUC for fold 1: 0.6831
2025-04-20 11:43:42,307 | INFO |    AUC for fold 2: 0.6886
2025-04-20 11:43:45,864 | INFO |    AUC for fold 3: 0.6799
2025-04-20 11:43:49,418 | INFO |    AUC for fold 4: 0.6965
2025-04-20 11:43:52,893 | INFO |    AUC for fold 5: 0.6851
2025-04-20 11:43:52,936 | INFO | [deq] lgb FINAL OOF AUC: 0.6866
2025-04-20 11:44:05,341 | INFO |    AUC for fold 1: 0.6346
2025-04-20 11:44:15,254 | INFO |    AUC for fold 2: 0.6351
2025-04-20 11:44:26,339 | INFO |    AUC for fold 3: 0.6297
2025-04-20 11:44:38,074 | INFO |    AUC for fold 4: 0.6357
2025-04-20 11:44:52,339 | INFO |    AUC for fold 5: 0.6335
2025-04-20 11:44:52,391 | INFO | [deq] logreg FINAL OOF AUC: 0.6338
2025-04-20 11:47:41,886 | INFO |    AUC for fold 1: 0.6421
2025-04-20 11:50:27,626 | INFO |    AUC for fold 2: 0.6523
2025-04-20 11:53:15,888 | INFO |    AUC for fold 3: 0.6376
2025-04-20 11:56:05,753 | INFO |    AUC for fold 4: 0.6599
2025-04-20 11:59:28,558 | INFO |    AUC for fold 5: 0.6489
2025-04-20 11:59:28,673 | INFO | [deq] rf FINAL OOF AUC: 0.6481
2025-04-20 11:59:51,175 | INFO |    AUC for fold 1: 0.5355
2025-04-20 12:00:13,381 | INFO |    AUC for fold 2: 0.5381
2025-04-20 12:00:35,923 | INFO |    AUC for fold 3: 0.5299
2025-04-20 12:00:58,458 | INFO |    AUC for fold 4: 0.5391
2025-04-20 12:01:21,602 | INFO |    AUC for fold 5: 0.5446
2025-04-20 12:01:21,756 | INFO | [deq] knn FINAL OOF AUC: 0.5374
2025-04-20 12:01:21,765 | INFO | [deq] ✅ Top 3 Models by AUC: ['lgb', 'xgb', 'rf']

2025-04-20 12:01:22,254 | INFO | ✅ Completed: Delinquency Base Models Training in 1081.75 seconds

2025-04-20 12:01:22,254 | INFO | 🔄 Starting: Vintage Base Models Training
2025-04-20 12:01:22,836 | INFO |    AUC for fold 1: 0.6320
2025-04-20 12:01:23,299 | INFO |    AUC for fold 2: 0.6288
2025-04-20 12:01:23,761 | INFO |    AUC for fold 3: 0.6328
2025-04-20 12:01:24,221 | INFO |    AUC for fold 4: 0.6313
2025-04-20 12:01:24,691 | INFO |    AUC for fold 5: 0.6274
2025-04-20 12:01:24,730 | INFO | [vin] xgb FINAL OOF AUC: 0.6304
2025-04-20 12:01:25,215 | INFO |    AUC for fold 1: 0.6479
2025-04-20 12:01:25,681 | INFO |    AUC for fold 2: 0.6418
2025-04-20 12:01:26,156 | INFO |    AUC for fold 3: 0.6393
2025-04-20 12:01:26,622 | INFO |    AUC for fold 4: 0.6445
2025-04-20 12:01:27,089 | INFO |    AUC for fold 5: 0.6374
2025-04-20 12:01:27,128 | INFO | [vin] lgb FINAL OOF AUC: 0.6421
2025-04-20 12:01:28,075 | INFO |    AUC for fold 1: 0.6200
2025-04-20 12:01:28,744 | INFO |    AUC for fold 2: 0.6196
2025-04-20 12:01:29,702 | INFO |    AUC for fold 3: 0.6225
2025-04-20 12:01:30,565 | INFO |    AUC for fold 4: 0.6237
2025-04-20 12:01:31,408 | INFO |    AUC for fold 5: 0.6168
2025-04-20 12:01:31,457 | INFO | [vin] logreg FINAL OOF AUC: 0.6205
2025-04-20 12:02:00,477 | INFO |    AUC for fold 1: 0.6079
2025-04-20 12:02:29,179 | INFO |    AUC for fold 2: 0.6078
2025-04-20 12:02:57,940 | INFO |    AUC for fold 3: 0.6107
2025-04-20 12:03:26,849 | INFO |    AUC for fold 4: 0.6102
2025-04-20 12:03:55,536 | INFO |    AUC for fold 5: 0.6015
2025-04-20 12:03:55,658 | INFO | [vin] rf FINAL OOF AUC: 0.6076
2025-04-20 12:04:00,016 | INFO |    AUC for fold 1: 0.5347
2025-04-20 12:04:04,378 | INFO |    AUC for fold 2: 0.5387
2025-04-20 12:04:08,682 | INFO |    AUC for fold 3: 0.5321
2025-04-20 12:04:12,964 | INFO |    AUC for fold 4: 0.5398
2025-04-20 12:04:17,310 | INFO |    AUC for fold 5: 0.5420
2025-04-20 12:04:17,356 | INFO | [vin] knn FINAL OOF AUC: 0.5375
2025-04-20 12:04:17,356 | INFO | [vin] ✅ Top 3 Models by AUC: ['lgb', 'xgb', 'logreg']

2025-04-20 12:04:17,416 | INFO | ✅ Completed: Vintage Base Models Training in 175.16 seconds

2025-04-20 12:04:17,417 | INFO | 🔄 Starting: Target Table Creation
2025-04-20 12:04:17,453 | INFO | ✅ Completed: Target Table Creation in 0.04 seconds

2025-04-20 12:04:17,453 | INFO | 🔄 Starting: Meta Model Training
2025-04-20 12:04:17,995 | INFO | [META] Logistic Regression AUC (CV): 0.7661
2025-04-20 12:04:18,101 | INFO | ✅ Completed: Meta Model Training in 0.65 seconds
2026-03-09 10:16:16,273 | INFO | 🚀 Starting STRIKE Home Credit Model Stacking Pipeline
2026-03-09 10:16:16,273 | INFO | 🔄 Starting: Preprocessing DEMOG Features
2026-03-09 10:16:20,154 | INFO | ✅ Completed: Preprocessing DEMOG Features in 3.88 seconds
2026-03-09 10:16:20,154 | INFO | 🔄 Starting: Preprocessing DEQ Features
2026-03-09 10:16:24,569 | INFO | ✅ Completed: Preprocessing DEQ Features in 4.42 seconds
2026-03-09 10:16:24,573 | INFO | 🔄 Starting: Preprocessing Vintage Features
2026-03-09 10:16:28,396 | INFO | ✅ Completed: Preprocessing Vintage Features in 3.82 seconds
2026-03-09 10:16:28,396 | INFO | 🔄 Starting: Training Base Models on Demographic Features
2026-03-09 10:16:28,952 | INFO |    AUC for fold 1: 0.6284
2026-03-09 10:16:29,407 | INFO |    AUC for fold 2: 0.6509
2026-03-09 10:16:29,845 | INFO |    AUC for fold 3: 0.6647
2026-03-09 10:16:30,279 | INFO |    AUC for fold 4: 0.6751
2026-03-09 10:16:30,721 | INFO |    AUC for fold 5: 0.6715
2026-03-09 10:16:30,729 | INFO | [demog] xgb FINAL OOF AUC: 0.6580
2026-03-09 10:16:31,516 | INFO |    AUC for fold 1: 0.6776
2026-03-09 10:16:32,257 | INFO |    AUC for fold 2: 0.6903
2026-03-09 10:16:32,998 | INFO |    AUC for fold 3: 0.6803
2026-03-09 10:16:33,591 | INFO |    AUC for fold 4: 0.7056
2026-03-09 10:16:34,176 | INFO |    AUC for fold 5: 0.6857
2026-03-09 10:16:34,183 | INFO | [demog] lgb FINAL OOF AUC: 0.6877
2026-03-09 10:16:34,859 | INFO |    AUC for fold 1: 0.6614
2026-03-09 10:16:35,654 | INFO |    AUC for fold 2: 0.6871
2026-03-09 10:16:36,411 | INFO |    AUC for fold 3: 0.6659
2026-03-09 10:16:37,128 | INFO |    AUC for fold 4: 0.6837
2026-03-09 10:16:37,888 | INFO |    AUC for fold 5: 0.6686
2026-03-09 10:16:37,895 | INFO | [demog] logreg FINAL OOF AUC: 0.6731
2026-03-09 10:16:52,025 | INFO |    AUC for fold 1: 0.6434
2026-03-09 10:17:06,208 | INFO |    AUC for fold 2: 0.6437
2026-03-09 10:17:20,616 | INFO |    AUC for fold 3: 0.6294
2026-03-09 10:17:34,541 | INFO |    AUC for fold 4: 0.6560
2026-03-09 10:17:48,374 | INFO |    AUC for fold 5: 0.6517
2026-03-09 10:17:48,402 | INFO | [demog] rf FINAL OOF AUC: 0.6448
2026-03-09 10:17:48,846 | INFO |    AUC for fold 1: 0.5359
2026-03-09 10:17:49,259 | INFO |    AUC for fold 2: 0.5324
2026-03-09 10:17:49,666 | INFO |    AUC for fold 3: 0.5348
2026-03-09 10:17:50,065 | INFO |    AUC for fold 4: 0.5233
2026-03-09 10:17:50,472 | INFO |    AUC for fold 5: 0.5367
2026-03-09 10:17:50,492 | INFO | [demog] knn FINAL OOF AUC: 0.5326
2026-03-09 10:17:50,492 | INFO | [demog] ✅ Top 3 Models by AUC: ['lgb', 'logreg', 'xgb']

2026-03-09 10:17:50,525 | INFO | ✅ Completed: Training Base Models on Demographic Features in 82.13 seconds
2026-03-09 10:17:50,525 | INFO | 🔄 Starting: Training Base Models on Delinquency Features
2026-03-09 10:17:51,104 | INFO |    AUC for fold 1: 0.6738
2026-03-09 10:17:51,628 | INFO |    AUC for fold 2: 0.6905
2026-03-09 10:17:52,140 | INFO |    AUC for fold 3: 0.6932
2026-03-09 10:17:52,656 | INFO |    AUC for fold 4: 0.6955
2026-03-09 10:17:53,162 | INFO |    AUC for fold 5: 0.6992
2026-03-09 10:17:53,169 | INFO | [deq] xgb FINAL OOF AUC: 0.6903
2026-03-09 10:17:53,764 | INFO |    AUC for fold 1: 0.7135
2026-03-09 10:17:54,534 | INFO |    AUC for fold 2: 0.7151
2026-03-09 10:17:55,089 | INFO |    AUC for fold 3: 0.7051
2026-03-09 10:17:55,654 | INFO |    AUC for fold 4: 0.7168
2026-03-09 10:17:56,213 | INFO |    AUC for fold 5: 0.7302
2026-03-09 10:17:56,223 | INFO | [deq] lgb FINAL OOF AUC: 0.7160
2026-03-09 10:17:57,074 | INFO |    AUC for fold 1: 0.6561
2026-03-09 10:17:58,307 | INFO |    AUC for fold 2: 0.6927
2026-03-09 10:17:59,569 | INFO |    AUC for fold 3: 0.6811
2026-03-09 10:18:00,716 | INFO |    AUC for fold 4: 0.6847
2026-03-09 10:18:01,922 | INFO |    AUC for fold 5: 0.7005
2026-03-09 10:18:01,929 | INFO | [deq] logreg FINAL OOF AUC: 0.6828
2026-03-09 10:18:12,957 | INFO |    AUC for fold 1: 0.6729
2026-03-09 10:18:24,210 | INFO |    AUC for fold 2: 0.6770
2026-03-09 10:18:35,301 | INFO |    AUC for fold 3: 0.6758
2026-03-09 10:18:46,380 | INFO |    AUC for fold 4: 0.6879
2026-03-09 10:18:57,479 | INFO |    AUC for fold 5: 0.6931
2026-03-09 10:18:57,544 | INFO | [deq] rf FINAL OOF AUC: 0.6813
2026-03-09 10:18:58,109 | INFO |    AUC for fold 1: 0.5443
2026-03-09 10:18:58,724 | INFO |    AUC for fold 2: 0.5452
2026-03-09 10:18:59,317 | INFO |    AUC for fold 3: 0.5361
2026-03-09 10:18:59,905 | INFO |    AUC for fold 4: 0.5481
2026-03-09 10:19:00,504 | INFO |    AUC for fold 5: 0.5611
2026-03-09 10:19:00,552 | INFO | [deq] knn FINAL OOF AUC: 0.5469
2026-03-09 10:19:00,556 | INFO | [deq] ✅ Top 3 Models by AUC: ['lgb', 'xgb', 'logreg']

2026-03-09 10:19:00,627 | INFO | ✅ Completed: Training Base Models on Delinquency Features in 70.10 seconds
2026-03-09 10:19:00,627 | INFO | 🔄 Starting: Training Base Models on Vintage Features
2026-03-09 10:19:01,128 | INFO |    AUC for fold 1: 0.6780
2026-03-09 10:19:01,586 | INFO |    AUC for fold 2: 0.6939
2026-03-09 10:19:02,038 | INFO |    AUC for fold 3: 0.6830
2026-03-09 10:19:02,492 | INFO |    AUC for fold 4: 0.6834
2026-03-09 10:19:02,965 | INFO |    AUC for fold 5: 0.6867
2026-03-09 10:19:02,974 | INFO | [vin] xgb FINAL OOF AUC: 0.6849
2026-03-09 10:19:03,613 | INFO |    AUC for fold 1: 0.7063
2026-03-09 10:19:04,178 | INFO |    AUC for fold 2: 0.7141
2026-03-09 10:19:04,735 | INFO |    AUC for fold 3: 0.7023
2026-03-09 10:19:05,297 | INFO |    AUC for fold 4: 0.7243
2026-03-09 10:19:05,849 | INFO |    AUC for fold 5: 0.7185
2026-03-09 10:19:05,857 | INFO | [vin] lgb FINAL OOF AUC: 0.7130
2026-03-09 10:19:06,523 | INFO |    AUC for fold 1: 0.6489
2026-03-09 10:19:07,299 | INFO |    AUC for fold 2: 0.6634
2026-03-09 10:19:07,877 | INFO |    AUC for fold 3: 0.6523
2026-03-09 10:19:08,672 | INFO |    AUC for fold 4: 0.6648
2026-03-09 10:19:09,568 | INFO |    AUC for fold 5: 0.6633
2026-03-09 10:19:09,577 | INFO | [vin] logreg FINAL OOF AUC: 0.6585
2026-03-09 10:19:21,884 | INFO |    AUC for fold 1: 0.6666
2026-03-09 10:19:34,013 | INFO |    AUC for fold 2: 0.6562
2026-03-09 10:19:45,953 | INFO |    AUC for fold 3: 0.6378
2026-03-09 10:19:57,817 | INFO |    AUC for fold 4: 0.6713
2026-03-09 10:20:09,969 | INFO |    AUC for fold 5: 0.6642
2026-03-09 10:20:10,009 | INFO | [vin] rf FINAL OOF AUC: 0.6592
2026-03-09 10:20:10,410 | INFO |    AUC for fold 1: 0.5468
2026-03-09 10:20:10,836 | INFO |    AUC for fold 2: 0.5485
2026-03-09 10:20:11,264 | INFO |    AUC for fold 3: 0.5280
2026-03-09 10:20:11,691 | INFO |    AUC for fold 4: 0.5330
2026-03-09 10:20:12,109 | INFO |    AUC for fold 5: 0.5446
2026-03-09 10:20:12,144 | INFO | [vin] knn FINAL OOF AUC: 0.5402
2026-03-09 10:20:12,147 | INFO | [vin] ✅ Top 3 Models by AUC: ['lgb', 'xgb', 'rf']

2026-03-09 10:20:12,173 | INFO | ✅ Completed: Training Base Models on Vintage Features in 71.55 seconds
2026-03-09 10:20:12,173 | INFO | 🔄 Starting: Creating Meta-Model Training Set
2026-03-09 10:20:12,179 | INFO | ✅ Completed: Creating Meta-Model Training Set in 0.01 seconds
2026-03-09 10:20:12,179 | INFO | 🔄 Starting: Training Meta-Model
2026-03-09 10:20:12,309 | INFO | [META] Logistic Regression AUC (CV): 0.7389
2026-03-09 10:20:12,334 | INFO | ✅ Completed: Training Meta-Model in 0.15 seconds
2026-03-09 10:20:12,334 | INFO | 🎯 STRIKE Home Credit pipeline completed successfully.
