2025-04-20 11:34:37,218 | INFO | 🚀 Starting model stacking pipeline
2025-04-20 11:34:37,218 | INFO | 🔄 Starting: Loading Processed Datasets
2025-04-20 11:34:43,478 | INFO | ✅ Completed: Loading Processed Datasets in 6.26 seconds

2025-04-20 11:34:43,479 | INFO | 🔄 Starting: Demographic Base Models Training
2025-04-20 11:35:35,062 | INFO | 🚀 Starting model stacking pipeline
2025-04-20 11:35:35,062 | INFO | 🔄 Starting: Loading Processed Datasets
2025-04-20 11:35:41,353 | INFO | ✅ Completed: Loading Processed Datasets in 6.29 seconds
2025-04-20 11:35:41,353 | INFO | 🔄 Starting: Demographic Base Models Training
2025-04-20 11:35:44,003 | INFO |    AUC for fold 1: 0.7439
2025-04-20 11:35:46,205 | INFO |    AUC for fold 2: 0.7524
2025-04-20 11:35:48,622 | INFO |    AUC for fold 3: 0.7477
2025-04-20 11:35:50,822 | INFO |    AUC for fold 4: 0.7504
2025-04-20 11:35:52,894 | INFO |    AUC for fold 5: 0.7459
2025-04-20 11:35:52,947 | INFO | [demog] xgb FINAL OOF AUC: 0.7481
2025-04-20 11:35:54,533 | INFO |    AUC for fold 1: 0.7520
2025-04-20 11:35:56,033 | INFO |    AUC for fold 2: 0.7614
2025-04-20 11:35:57,515 | INFO |    AUC for fold 3: 0.7547
2025-04-20 11:35:58,980 | INFO |    AUC for fold 4: 0.7608
2025-04-20 11:36:00,495 | INFO |    AUC for fold 5: 0.7526
2025-04-20 11:36:00,549 | INFO | [demog] lgb FINAL OOF AUC: 0.7563
2025-04-20 11:36:09,410 | INFO |    AUC for fold 1: 0.6675
2025-04-20 11:36:19,483 | INFO |    AUC for fold 2: 0.6780
2025-04-20 11:36:29,415 | INFO |    AUC for fold 3: 0.6776
2025-04-20 11:36:38,184 | INFO |    AUC for fold 4: 0.6840
2025-04-20 11:36:47,811 | INFO |    AUC for fold 5: 0.6774
2025-04-20 11:36:47,876 | INFO | [demog] logreg FINAL OOF AUC: 0.6769
2025-04-20 11:37:43,922 | INFO |    AUC for fold 1: 0.7042
2025-04-20 11:38:40,843 | INFO |    AUC for fold 2: 0.7097
2025-04-20 11:39:37,283 | INFO |    AUC for fold 3: 0.6996
2025-04-20 11:40:34,544 | INFO |    AUC for fold 4: 0.7080
2025-04-20 11:41:30,753 | INFO |    AUC for fold 5: 0.7017
2025-04-20 11:41:30,895 | INFO | [demog] rf FINAL OOF AUC: 0.7046
2025-04-20 11:41:52,426 | INFO |    AUC for fold 1: 0.5397
2025-04-20 11:42:14,892 | INFO |    AUC for fold 2: 0.5460
2025-04-20 11:42:38,180 | INFO |    AUC for fold 3: 0.5396
2025-04-20 11:42:58,877 | INFO |    AUC for fold 4: 0.5440
2025-04-20 11:43:20,058 | INFO |    AUC for fold 5: 0.5426
2025-04-20 11:43:20,207 | INFO | [demog] knn FINAL OOF AUC: 0.5424
2025-04-20 11:43:20,207 | INFO | [demog] ✅ Top 3 Models by AUC: ['lgb', 'xgb', 'rf']

2025-04-20 11:43:20,508 | INFO | ✅ Completed: Demographic Base Models Training in 459.15 seconds

2025-04-20 11:43:20,508 | INFO | 🔄 Starting: Delinquency Base Models Training
2025-04-20 11:43:23,828 | INFO |    AUC for fold 1: 0.6709
2025-04-20 11:43:26,781 | INFO |    AUC for fold 2: 0.6725
2025-04-20 11:43:29,652 | INFO |    AUC for fold 3: 0.6655
2025-04-20 11:43:32,504 | INFO |    AUC for fold 4: 0.6769
2025-04-20 11:43:35,467 | INFO |    AUC for fold 5: 0.6697
2025-04-20 11:43:35,509 | INFO | [deq] xgb FINAL OOF AUC: 0.6711
2025-04-20 11:43:38,933 | INFO |    AUC for fold 1: 0.6831
2025-04-20 11:43:42,307 | INFO |    AUC for fold 2: 0.6886
2025-04-20 11:43:45,864 | INFO |    AUC for fold 3: 0.6799
2025-04-20 11:43:49,418 | INFO |    AUC for fold 4: 0.6965
2025-04-20 11:43:52,893 | INFO |    AUC for fold 5: 0.6851
2025-04-20 11:43:52,936 | INFO | [deq] lgb FINAL OOF AUC: 0.6866
2025-04-20 11:44:05,341 | INFO |    AUC for fold 1: 0.6346
2025-04-20 11:44:15,254 | INFO |    AUC for fold 2: 0.6351
2025-04-20 11:44:26,339 | INFO |    AUC for fold 3: 0.6297
2025-04-20 11:44:38,074 | INFO |    AUC for fold 4: 0.6357
2025-04-20 11:44:52,339 | INFO |    AUC for fold 5: 0.6335
2025-04-20 11:44:52,391 | INFO | [deq] logreg FINAL OOF AUC: 0.6338
2025-04-20 11:47:41,886 | INFO |    AUC for fold 1: 0.6421
2025-04-20 11:50:27,626 | INFO |    AUC for fold 2: 0.6523
2025-04-20 11:53:15,888 | INFO |    AUC for fold 3: 0.6376
2025-04-20 11:56:05,753 | INFO |    AUC for fold 4: 0.6599
2025-04-20 11:59:28,558 | INFO |    AUC for fold 5: 0.6489
2025-04-20 11:59:28,673 | INFO | [deq] rf FINAL OOF AUC: 0.6481
2025-04-20 11:59:51,175 | INFO |    AUC for fold 1: 0.5355
2025-04-20 12:00:13,381 | INFO |    AUC for fold 2: 0.5381
2025-04-20 12:00:35,923 | INFO |    AUC for fold 3: 0.5299
2025-04-20 12:00:58,458 | INFO |    AUC for fold 4: 0.5391
2025-04-20 12:01:21,602 | INFO |    AUC for fold 5: 0.5446
2025-04-20 12:01:21,756 | INFO | [deq] knn FINAL OOF AUC: 0.5374
2025-04-20 12:01:21,765 | INFO | [deq] ✅ Top 3 Models by AUC: ['lgb', 'xgb', 'rf']

2025-04-20 12:01:22,254 | INFO | ✅ Completed: Delinquency Base Models Training in 1081.75 seconds

2025-04-20 12:01:22,254 | INFO | 🔄 Starting: Vintage Base Models Training
2025-04-20 12:01:22,836 | INFO |    AUC for fold 1: 0.6320
2025-04-20 12:01:23,299 | INFO |    AUC for fold 2: 0.6288
2025-04-20 12:01:23,761 | INFO |    AUC for fold 3: 0.6328
2025-04-20 12:01:24,221 | INFO |    AUC for fold 4: 0.6313
2025-04-20 12:01:24,691 | INFO |    AUC for fold 5: 0.6274
2025-04-20 12:01:24,730 | INFO | [vin] xgb FINAL OOF AUC: 0.6304
2025-04-20 12:01:25,215 | INFO |    AUC for fold 1: 0.6479
2025-04-20 12:01:25,681 | INFO |    AUC for fold 2: 0.6418
2025-04-20 12:01:26,156 | INFO |    AUC for fold 3: 0.6393
2025-04-20 12:01:26,622 | INFO |    AUC for fold 4: 0.6445
2025-04-20 12:01:27,089 | INFO |    AUC for fold 5: 0.6374
2025-04-20 12:01:27,128 | INFO | [vin] lgb FINAL OOF AUC: 0.6421
2025-04-20 12:01:28,075 | INFO |    AUC for fold 1: 0.6200
2025-04-20 12:01:28,744 | INFO |    AUC for fold 2: 0.6196
2025-04-20 12:01:29,702 | INFO |    AUC for fold 3: 0.6225
2025-04-20 12:01:30,565 | INFO |    AUC for fold 4: 0.6237
2025-04-20 12:01:31,408 | INFO |    AUC for fold 5: 0.6168
2025-04-20 12:01:31,457 | INFO | [vin] logreg FINAL OOF AUC: 0.6205
2025-04-20 12:02:00,477 | INFO |    AUC for fold 1: 0.6079
2025-04-20 12:02:29,179 | INFO |    AUC for fold 2: 0.6078
2025-04-20 12:02:57,940 | INFO |    AUC for fold 3: 0.6107
2025-04-20 12:03:26,849 | INFO |    AUC for fold 4: 0.6102
2025-04-20 12:03:55,536 | INFO |    AUC for fold 5: 0.6015
2025-04-20 12:03:55,658 | INFO | [vin] rf FINAL OOF AUC: 0.6076
2025-04-20 12:04:00,016 | INFO |    AUC for fold 1: 0.5347
2025-04-20 12:04:04,378 | INFO |    AUC for fold 2: 0.5387
2025-04-20 12:04:08,682 | INFO |    AUC for fold 3: 0.5321
2025-04-20 12:04:12,964 | INFO |    AUC for fold 4: 0.5398
2025-04-20 12:04:17,310 | INFO |    AUC for fold 5: 0.5420
2025-04-20 12:04:17,356 | INFO | [vin] knn FINAL OOF AUC: 0.5375
2025-04-20 12:04:17,356 | INFO | [vin] ✅ Top 3 Models by AUC: ['lgb', 'xgb', 'logreg']

2025-04-20 12:04:17,416 | INFO | ✅ Completed: Vintage Base Models Training in 175.16 seconds

2025-04-20 12:04:17,417 | INFO | 🔄 Starting: Target Table Creation
2025-04-20 12:04:17,453 | INFO | ✅ Completed: Target Table Creation in 0.04 seconds

2025-04-20 12:04:17,453 | INFO | 🔄 Starting: Meta Model Training
2025-04-20 12:04:17,995 | INFO | [META] Logistic Regression AUC (CV): 0.7661
2025-04-20 12:04:18,101 | INFO | ✅ Completed: Meta Model Training in 0.65 seconds
2025-12-13 22:27:43,825 | INFO | 🚀 Starting STRIKE Home Credit Model Stacking Pipeline
2025-12-13 22:27:43,826 | INFO | 🔄 Starting: Preprocessing DEMOG Features
2025-12-13 22:27:45,749 | INFO | ✅ Completed: Preprocessing DEMOG Features in 1.92 seconds
2025-12-13 22:27:45,749 | INFO | 🔄 Starting: Preprocessing DEQ Features
2025-12-13 22:27:50,547 | INFO | ✅ Completed: Preprocessing DEQ Features in 4.80 seconds
2025-12-13 22:27:50,551 | INFO | 🔄 Starting: Preprocessing Vintage Features
2025-12-13 22:27:51,213 | INFO | ✅ Completed: Preprocessing Vintage Features in 0.66 seconds
2025-12-13 22:27:51,213 | INFO | 🔄 Starting: Training Base Models on Demographic Features
2025-12-13 22:27:51,563 | INFO |    AUC for fold 1: 0.6546
2025-12-13 22:27:51,874 | INFO |    AUC for fold 2: 0.6675
2025-12-13 22:27:52,161 | INFO |    AUC for fold 3: 0.6481
2025-12-13 22:27:52,449 | INFO |    AUC for fold 4: 0.6736
2025-12-13 22:27:52,743 | INFO |    AUC for fold 5: 0.6923
2025-12-13 22:27:52,748 | INFO | [demog] xgb FINAL OOF AUC: 0.6670
2025-12-13 22:27:53,301 | INFO |    AUC for fold 1: 0.6806
2025-12-13 22:27:53,725 | INFO |    AUC for fold 2: 0.6981
2025-12-13 22:27:54,146 | INFO |    AUC for fold 3: 0.6893
2025-12-13 22:27:54,680 | INFO |    AUC for fold 4: 0.7069
2025-12-13 22:27:55,097 | INFO |    AUC for fold 5: 0.7143
2025-12-13 22:27:55,103 | INFO | [demog] lgb FINAL OOF AUC: 0.6977
2025-12-13 22:27:55,596 | INFO |    AUC for fold 1: 0.6647
2025-12-13 22:27:55,972 | INFO |    AUC for fold 2: 0.6729
2025-12-13 22:27:56,278 | INFO |    AUC for fold 3: 0.6765
2025-12-13 22:27:56,849 | INFO |    AUC for fold 4: 0.6881
2025-12-13 22:27:57,277 | INFO |    AUC for fold 5: 0.6972
2025-12-13 22:27:57,282 | INFO | [demog] logreg FINAL OOF AUC: 0.6798
2025-12-13 22:28:03,602 | INFO |    AUC for fold 1: 0.6326
2025-12-13 22:28:09,990 | INFO |    AUC for fold 2: 0.6534
2025-12-13 22:28:16,295 | INFO |    AUC for fold 3: 0.6564
2025-12-13 22:28:22,812 | INFO |    AUC for fold 4: 0.6641
2025-12-13 22:28:29,061 | INFO |    AUC for fold 5: 0.6673
2025-12-13 22:28:29,094 | INFO | [demog] rf FINAL OOF AUC: 0.6547
2025-12-13 22:28:29,345 | INFO |    AUC for fold 1: 0.5321
2025-12-13 22:28:29,598 | INFO |    AUC for fold 2: 0.5386
2025-12-13 22:28:29,841 | INFO |    AUC for fold 3: 0.5608
2025-12-13 22:28:30,090 | INFO |    AUC for fold 4: 0.5440
2025-12-13 22:28:30,343 | INFO |    AUC for fold 5: 0.5318
2025-12-13 22:28:30,366 | INFO | [demog] knn FINAL OOF AUC: 0.5415
2025-12-13 22:28:30,366 | INFO | [demog] ✅ Top 3 Models by AUC: ['lgb', 'logreg', 'xgb']

2025-12-13 22:28:30,381 | INFO | ✅ Completed: Training Base Models on Demographic Features in 39.17 seconds
2025-12-13 22:28:30,381 | INFO | 🔄 Starting: Training Base Models on Delinquency Features
2025-12-13 22:28:31,377 | INFO |    AUC for fold 1: 0.6672
2025-12-13 22:28:32,072 | INFO |    AUC for fold 2: 0.7059
2025-12-13 22:28:32,881 | INFO |    AUC for fold 3: 0.6915
2025-12-13 22:28:33,667 | INFO |    AUC for fold 4: 0.6953
2025-12-13 22:28:34,411 | INFO |    AUC for fold 5: 0.6945
2025-12-13 22:28:34,416 | INFO | [deq] xgb FINAL OOF AUC: 0.6905
2025-12-13 22:28:35,282 | INFO |    AUC for fold 1: 0.6860
2025-12-13 22:28:36,176 | INFO |    AUC for fold 2: 0.7358
2025-12-13 22:28:37,025 | INFO |    AUC for fold 3: 0.7181
2025-12-13 22:28:37,685 | INFO |    AUC for fold 4: 0.7218
2025-12-13 22:28:38,351 | INFO |    AUC for fold 5: 0.7330
2025-12-13 22:28:38,356 | INFO | [deq] lgb FINAL OOF AUC: 0.7186
2025-12-13 22:28:39,710 | INFO |    AUC for fold 1: 0.6644
2025-12-13 22:28:40,724 | INFO |    AUC for fold 2: 0.6856
2025-12-13 22:28:41,737 | INFO |    AUC for fold 3: 0.6821
2025-12-13 22:28:42,808 | INFO |    AUC for fold 4: 0.6897
2025-12-13 22:28:43,967 | INFO |    AUC for fold 5: 0.6917
2025-12-13 22:28:43,972 | INFO | [deq] logreg FINAL OOF AUC: 0.6825
2025-12-13 22:28:54,096 | INFO |    AUC for fold 1: 0.6515
2025-12-13 22:29:04,410 | INFO |    AUC for fold 2: 0.6773
2025-12-13 22:29:14,486 | INFO |    AUC for fold 3: 0.6718
2025-12-13 22:29:24,614 | INFO |    AUC for fold 4: 0.6634
2025-12-13 22:29:34,575 | INFO |    AUC for fold 5: 0.6919
2025-12-13 22:29:34,602 | INFO | [deq] rf FINAL OOF AUC: 0.6713
2025-12-13 22:29:35,144 | INFO |    AUC for fold 1: 0.5209
2025-12-13 22:29:35,680 | INFO |    AUC for fold 2: 0.5346
2025-12-13 22:29:36,152 | INFO |    AUC for fold 3: 0.5256
2025-12-13 22:29:36,865 | INFO |    AUC for fold 4: 0.5180
2025-12-13 22:29:37,552 | INFO |    AUC for fold 5: 0.5411
2025-12-13 22:29:37,588 | INFO | [deq] knn FINAL OOF AUC: 0.5280
2025-12-13 22:29:37,589 | INFO | [deq] ✅ Top 3 Models by AUC: ['lgb', 'xgb', 'logreg']

2025-12-13 22:29:37,626 | INFO | ✅ Completed: Training Base Models on Delinquency Features in 67.24 seconds
2025-12-13 22:29:37,626 | INFO | 🔄 Starting: Training Base Models on Vintage Features
2025-12-13 22:29:37,819 | INFO |    AUC for fold 1: 0.5965
2025-12-13 22:29:37,961 | INFO |    AUC for fold 2: 0.6259
2025-12-13 22:29:38,103 | INFO |    AUC for fold 3: 0.6129
2025-12-13 22:29:38,255 | INFO |    AUC for fold 4: 0.6120
2025-12-13 22:29:38,406 | INFO |    AUC for fold 5: 0.6449
2025-12-13 22:29:38,411 | INFO | [vin] xgb FINAL OOF AUC: 0.6181
2025-12-13 22:29:38,764 | INFO |    AUC for fold 1: 0.6036
2025-12-13 22:29:39,073 | INFO |    AUC for fold 2: 0.6541
2025-12-13 22:29:39,391 | INFO |    AUC for fold 3: 0.6303
2025-12-13 22:29:39,706 | INFO |    AUC for fold 4: 0.6194
2025-12-13 22:29:40,014 | INFO |    AUC for fold 5: 0.6568
2025-12-13 22:29:40,020 | INFO | [vin] lgb FINAL OOF AUC: 0.6323
2025-12-13 22:29:40,119 | INFO |    AUC for fold 1: 0.6199
2025-12-13 22:29:40,241 | INFO |    AUC for fold 2: 0.6403
2025-12-13 22:29:40,323 | INFO |    AUC for fold 3: 0.6461
2025-12-13 22:29:40,406 | INFO |    AUC for fold 4: 0.6230
2025-12-13 22:29:40,512 | INFO |    AUC for fold 5: 0.6630
2025-12-13 22:29:40,516 | INFO | [vin] logreg FINAL OOF AUC: 0.6382
2025-12-13 22:29:43,352 | INFO |    AUC for fold 1: 0.5837
2025-12-13 22:29:46,124 | INFO |    AUC for fold 2: 0.6097
2025-12-13 22:29:48,596 | INFO |    AUC for fold 3: 0.6165
2025-12-13 22:29:51,077 | INFO |    AUC for fold 4: 0.6088
2025-12-13 22:29:53,472 | INFO |    AUC for fold 5: 0.6081
2025-12-13 22:29:53,498 | INFO | [vin] rf FINAL OOF AUC: 0.6053
2025-12-13 22:29:53,590 | INFO |    AUC for fold 1: 0.5478
2025-12-13 22:29:53,682 | INFO |    AUC for fold 2: 0.5360
2025-12-13 22:29:53,780 | INFO |    AUC for fold 3: 0.5422
2025-12-13 22:29:53,879 | INFO |    AUC for fold 4: 0.5513
2025-12-13 22:29:53,974 | INFO |    AUC for fold 5: 0.5264
2025-12-13 22:29:53,981 | INFO | [vin] knn FINAL OOF AUC: 0.5407
2025-12-13 22:29:53,981 | INFO | [vin] ✅ Top 3 Models by AUC: ['logreg', 'lgb', 'xgb']

2025-12-13 22:29:53,997 | INFO | ✅ Completed: Training Base Models on Vintage Features in 16.37 seconds
2025-12-13 22:29:53,997 | INFO | 🔄 Starting: Creating Meta-Model Training Set
2025-12-13 22:29:54,001 | INFO | ✅ Completed: Creating Meta-Model Training Set in 0.00 seconds
2025-12-13 22:29:54,001 | INFO | 🔄 Starting: Training Meta-Model
2025-12-13 22:29:54,210 | INFO | [META] Logistic Regression AUC (CV): 0.7337
2025-12-13 22:29:54,227 | INFO | ✅ Completed: Training Meta-Model in 0.23 seconds
2025-12-13 22:29:54,227 | INFO | 🎯 STRIKE Home Credit pipeline completed successfully.
