2025-04-20 11:34:37,218 | INFO | 🚀 Starting model stacking pipeline
2025-04-20 11:34:37,218 | INFO | 🔄 Starting: Loading Processed Datasets
2025-04-20 11:34:43,478 | INFO | ✅ Completed: Loading Processed Datasets in 6.26 seconds

2025-04-20 11:34:43,479 | INFO | 🔄 Starting: Demographic Base Models Training
2025-04-20 11:35:35,062 | INFO | 🚀 Starting model stacking pipeline
2025-04-20 11:35:35,062 | INFO | 🔄 Starting: Loading Processed Datasets
2025-04-20 11:35:41,353 | INFO | ✅ Completed: Loading Processed Datasets in 6.29 seconds
2025-04-20 11:35:41,353 | INFO | 🔄 Starting: Demographic Base Models Training
2025-04-20 11:35:44,003 | INFO |    AUC for fold 1: 0.7439
2025-04-20 11:35:46,205 | INFO |    AUC for fold 2: 0.7524
2025-04-20 11:35:48,622 | INFO |    AUC for fold 3: 0.7477
2025-04-20 11:35:50,822 | INFO |    AUC for fold 4: 0.7504
2025-04-20 11:35:52,894 | INFO |    AUC for fold 5: 0.7459
2025-04-20 11:35:52,947 | INFO | [demog] xgb FINAL OOF AUC: 0.7481
2025-04-20 11:35:54,533 | INFO |    AUC for fold 1: 0.7520
2025-04-20 11:35:56,033 | INFO |    AUC for fold 2: 0.7614
2025-04-20 11:35:57,515 | INFO |    AUC for fold 3: 0.7547
2025-04-20 11:35:58,980 | INFO |    AUC for fold 4: 0.7608
2025-04-20 11:36:00,495 | INFO |    AUC for fold 5: 0.7526
2025-04-20 11:36:00,549 | INFO | [demog] lgb FINAL OOF AUC: 0.7563
2025-04-20 11:36:09,410 | INFO |    AUC for fold 1: 0.6675
2025-04-20 11:36:19,483 | INFO |    AUC for fold 2: 0.6780
2025-04-20 11:36:29,415 | INFO |    AUC for fold 3: 0.6776
2025-04-20 11:36:38,184 | INFO |    AUC for fold 4: 0.6840
2025-04-20 11:36:47,811 | INFO |    AUC for fold 5: 0.6774
2025-04-20 11:36:47,876 | INFO | [demog] logreg FINAL OOF AUC: 0.6769
2025-04-20 11:37:43,922 | INFO |    AUC for fold 1: 0.7042
2025-04-20 11:38:40,843 | INFO |    AUC for fold 2: 0.7097
2025-04-20 11:39:37,283 | INFO |    AUC for fold 3: 0.6996
2025-04-20 11:40:34,544 | INFO |    AUC for fold 4: 0.7080
2025-04-20 11:41:30,753 | INFO |    AUC for fold 5: 0.7017
2025-04-20 11:41:30,895 | INFO | [demog] rf FINAL OOF AUC: 0.7046
2025-04-20 11:41:52,426 | INFO |    AUC for fold 1: 0.5397
2025-04-20 11:42:14,892 | INFO |    AUC for fold 2: 0.5460
2025-04-20 11:42:38,180 | INFO |    AUC for fold 3: 0.5396
2025-04-20 11:42:58,877 | INFO |    AUC for fold 4: 0.5440
2025-04-20 11:43:20,058 | INFO |    AUC for fold 5: 0.5426
2025-04-20 11:43:20,207 | INFO | [demog] knn FINAL OOF AUC: 0.5424
2025-04-20 11:43:20,207 | INFO | [demog] ✅ Top 3 Models by AUC: ['lgb', 'xgb', 'rf']

2025-04-20 11:43:20,508 | INFO | ✅ Completed: Demographic Base Models Training in 459.15 seconds

2025-04-20 11:43:20,508 | INFO | 🔄 Starting: Delinquency Base Models Training
2025-04-20 11:43:23,828 | INFO |    AUC for fold 1: 0.6709
2025-04-20 11:43:26,781 | INFO |    AUC for fold 2: 0.6725
2025-04-20 11:43:29,652 | INFO |    AUC for fold 3: 0.6655
2025-04-20 11:43:32,504 | INFO |    AUC for fold 4: 0.6769
2025-04-20 11:43:35,467 | INFO |    AUC for fold 5: 0.6697
2025-04-20 11:43:35,509 | INFO | [deq] xgb FINAL OOF AUC: 0.6711
2025-04-20 11:43:38,933 | INFO |    AUC for fold 1: 0.6831
2025-04-20 11:43:42,307 | INFO |    AUC for fold 2: 0.6886
2025-04-20 11:43:45,864 | INFO |    AUC for fold 3: 0.6799
2025-04-20 11:43:49,418 | INFO |    AUC for fold 4: 0.6965
2025-04-20 11:43:52,893 | INFO |    AUC for fold 5: 0.6851
2025-04-20 11:43:52,936 | INFO | [deq] lgb FINAL OOF AUC: 0.6866
2025-04-20 11:44:05,341 | INFO |    AUC for fold 1: 0.6346
2025-04-20 11:44:15,254 | INFO |    AUC for fold 2: 0.6351
2025-04-20 11:44:26,339 | INFO |    AUC for fold 3: 0.6297
2025-04-20 11:44:38,074 | INFO |    AUC for fold 4: 0.6357
2025-04-20 11:44:52,339 | INFO |    AUC for fold 5: 0.6335
2025-04-20 11:44:52,391 | INFO | [deq] logreg FINAL OOF AUC: 0.6338
2025-04-20 11:47:41,886 | INFO |    AUC for fold 1: 0.6421
2025-04-20 11:50:27,626 | INFO |    AUC for fold 2: 0.6523
2025-04-20 11:53:15,888 | INFO |    AUC for fold 3: 0.6376
2025-04-20 11:56:05,753 | INFO |    AUC for fold 4: 0.6599
2025-04-20 11:59:28,558 | INFO |    AUC for fold 5: 0.6489
2025-04-20 11:59:28,673 | INFO | [deq] rf FINAL OOF AUC: 0.6481
2025-04-20 11:59:51,175 | INFO |    AUC for fold 1: 0.5355
2025-04-20 12:00:13,381 | INFO |    AUC for fold 2: 0.5381
2025-04-20 12:00:35,923 | INFO |    AUC for fold 3: 0.5299
2025-04-20 12:00:58,458 | INFO |    AUC for fold 4: 0.5391
2025-04-20 12:01:21,602 | INFO |    AUC for fold 5: 0.5446
2025-04-20 12:01:21,756 | INFO | [deq] knn FINAL OOF AUC: 0.5374
2025-04-20 12:01:21,765 | INFO | [deq] ✅ Top 3 Models by AUC: ['lgb', 'xgb', 'rf']

2025-04-20 12:01:22,254 | INFO | ✅ Completed: Delinquency Base Models Training in 1081.75 seconds

2025-04-20 12:01:22,254 | INFO | 🔄 Starting: Vintage Base Models Training
2025-04-20 12:01:22,836 | INFO |    AUC for fold 1: 0.6320
2025-04-20 12:01:23,299 | INFO |    AUC for fold 2: 0.6288
2025-04-20 12:01:23,761 | INFO |    AUC for fold 3: 0.6328
2025-04-20 12:01:24,221 | INFO |    AUC for fold 4: 0.6313
2025-04-20 12:01:24,691 | INFO |    AUC for fold 5: 0.6274
2025-04-20 12:01:24,730 | INFO | [vin] xgb FINAL OOF AUC: 0.6304
2025-04-20 12:01:25,215 | INFO |    AUC for fold 1: 0.6479
2025-04-20 12:01:25,681 | INFO |    AUC for fold 2: 0.6418
2025-04-20 12:01:26,156 | INFO |    AUC for fold 3: 0.6393
2025-04-20 12:01:26,622 | INFO |    AUC for fold 4: 0.6445
2025-04-20 12:01:27,089 | INFO |    AUC for fold 5: 0.6374
2025-04-20 12:01:27,128 | INFO | [vin] lgb FINAL OOF AUC: 0.6421
2025-04-20 12:01:28,075 | INFO |    AUC for fold 1: 0.6200
2025-04-20 12:01:28,744 | INFO |    AUC for fold 2: 0.6196
2025-04-20 12:01:29,702 | INFO |    AUC for fold 3: 0.6225
2025-04-20 12:01:30,565 | INFO |    AUC for fold 4: 0.6237
2025-04-20 12:01:31,408 | INFO |    AUC for fold 5: 0.6168
2025-04-20 12:01:31,457 | INFO | [vin] logreg FINAL OOF AUC: 0.6205
2025-04-20 12:02:00,477 | INFO |    AUC for fold 1: 0.6079
2025-04-20 12:02:29,179 | INFO |    AUC for fold 2: 0.6078
2025-04-20 12:02:57,940 | INFO |    AUC for fold 3: 0.6107
2025-04-20 12:03:26,849 | INFO |    AUC for fold 4: 0.6102
2025-04-20 12:03:55,536 | INFO |    AUC for fold 5: 0.6015
2025-04-20 12:03:55,658 | INFO | [vin] rf FINAL OOF AUC: 0.6076
2025-04-20 12:04:00,016 | INFO |    AUC for fold 1: 0.5347
2025-04-20 12:04:04,378 | INFO |    AUC for fold 2: 0.5387
2025-04-20 12:04:08,682 | INFO |    AUC for fold 3: 0.5321
2025-04-20 12:04:12,964 | INFO |    AUC for fold 4: 0.5398
2025-04-20 12:04:17,310 | INFO |    AUC for fold 5: 0.5420
2025-04-20 12:04:17,356 | INFO | [vin] knn FINAL OOF AUC: 0.5375
2025-04-20 12:04:17,356 | INFO | [vin] ✅ Top 3 Models by AUC: ['lgb', 'xgb', 'logreg']

2025-04-20 12:04:17,416 | INFO | ✅ Completed: Vintage Base Models Training in 175.16 seconds

2025-04-20 12:04:17,417 | INFO | 🔄 Starting: Target Table Creation
2025-04-20 12:04:17,453 | INFO | ✅ Completed: Target Table Creation in 0.04 seconds

2025-04-20 12:04:17,453 | INFO | 🔄 Starting: Meta Model Training
2025-04-20 12:04:17,995 | INFO | [META] Logistic Regression AUC (CV): 0.7661
2025-04-20 12:04:18,101 | INFO | ✅ Completed: Meta Model Training in 0.65 seconds
2025-12-13 23:10:31,016 | INFO | 🚀 Starting STRIKE Home Credit Model Stacking Pipeline
2025-12-13 23:10:31,016 | INFO | 🔄 Starting: Preprocessing DEMOG Features
2025-12-13 23:10:34,693 | INFO | ✅ Completed: Preprocessing DEMOG Features in 3.68 seconds
2025-12-13 23:10:34,693 | INFO | 🔄 Starting: Preprocessing DEQ Features
2025-12-13 23:10:43,445 | INFO | ✅ Completed: Preprocessing DEQ Features in 8.75 seconds
2025-12-13 23:10:43,446 | INFO | 🔄 Starting: Preprocessing Vintage Features
2025-12-13 23:10:44,573 | INFO | ✅ Completed: Preprocessing Vintage Features in 1.13 seconds
2025-12-13 23:10:44,573 | INFO | 🔄 Starting: Training Base Models on Demographic Features
2025-12-13 23:10:45,215 | INFO |    AUC for fold 1: 0.6637
2025-12-13 23:10:45,744 | INFO |    AUC for fold 2: 0.6941
2025-12-13 23:10:46,250 | INFO |    AUC for fold 3: 0.6951
2025-12-13 23:10:46,696 | INFO |    AUC for fold 4: 0.7023
2025-12-13 23:10:47,121 | INFO |    AUC for fold 5: 0.6985
2025-12-13 23:10:47,128 | INFO | [demog] xgb FINAL OOF AUC: 0.6906
2025-12-13 23:10:47,645 | INFO |    AUC for fold 1: 0.6933
2025-12-13 23:10:48,136 | INFO |    AUC for fold 2: 0.7136
2025-12-13 23:10:48,633 | INFO |    AUC for fold 3: 0.7102
2025-12-13 23:10:49,120 | INFO |    AUC for fold 4: 0.7198
2025-12-13 23:10:49,610 | INFO |    AUC for fold 5: 0.7184
2025-12-13 23:10:49,619 | INFO | [demog] lgb FINAL OOF AUC: 0.7110
2025-12-13 23:10:50,851 | INFO |    AUC for fold 1: 0.6548
2025-12-13 23:10:51,676 | INFO |    AUC for fold 2: 0.6797
2025-12-13 23:10:52,535 | INFO |    AUC for fold 3: 0.6636
2025-12-13 23:10:53,396 | INFO |    AUC for fold 4: 0.6866
2025-12-13 23:10:54,206 | INFO |    AUC for fold 5: 0.6778
2025-12-13 23:10:54,219 | INFO | [demog] logreg FINAL OOF AUC: 0.6724
2025-12-13 23:11:05,054 | INFO |    AUC for fold 1: 0.6611
2025-12-13 23:11:15,595 | INFO |    AUC for fold 2: 0.6708
2025-12-13 23:11:25,920 | INFO |    AUC for fold 3: 0.6590
2025-12-13 23:11:36,177 | INFO |    AUC for fold 4: 0.6800
2025-12-13 23:11:46,345 | INFO |    AUC for fold 5: 0.6667
2025-12-13 23:11:46,395 | INFO | [demog] rf FINAL OOF AUC: 0.6675
2025-12-13 23:11:46,942 | INFO |    AUC for fold 1: 0.5408
2025-12-13 23:11:47,462 | INFO |    AUC for fold 2: 0.5399
2025-12-13 23:11:47,983 | INFO |    AUC for fold 3: 0.5368
2025-12-13 23:11:48,517 | INFO |    AUC for fold 4: 0.5343
2025-12-13 23:11:49,104 | INFO |    AUC for fold 5: 0.5388
2025-12-13 23:11:49,134 | INFO | [demog] knn FINAL OOF AUC: 0.5381
2025-12-13 23:11:49,134 | INFO | [demog] ✅ Top 3 Models by AUC: ['lgb', 'xgb', 'logreg']

2025-12-13 23:11:49,303 | INFO | ✅ Completed: Training Base Models on Demographic Features in 64.73 seconds
2025-12-13 23:11:49,303 | INFO | 🔄 Starting: Training Base Models on Delinquency Features
2025-12-13 23:11:50,617 | INFO |    AUC for fold 1: 0.6863
2025-12-13 23:11:51,920 | INFO |    AUC for fold 2: 0.6930
2025-12-13 23:11:52,813 | INFO |    AUC for fold 3: 0.6891
2025-12-13 23:11:53,816 | INFO |    AUC for fold 4: 0.7013
2025-12-13 23:11:54,760 | INFO |    AUC for fold 5: 0.7016
2025-12-13 23:11:54,768 | INFO | [deq] xgb FINAL OOF AUC: 0.6942
2025-12-13 23:11:56,205 | INFO |    AUC for fold 1: 0.7183
2025-12-13 23:11:57,746 | INFO |    AUC for fold 2: 0.7200
2025-12-13 23:11:59,183 | INFO |    AUC for fold 3: 0.7147
2025-12-13 23:12:00,463 | INFO |    AUC for fold 4: 0.7349
2025-12-13 23:12:01,551 | INFO |    AUC for fold 5: 0.7444
2025-12-13 23:12:01,561 | INFO | [deq] lgb FINAL OOF AUC: 0.7263
2025-12-13 23:12:04,270 | INFO |    AUC for fold 1: 0.6710
2025-12-13 23:12:06,493 | INFO |    AUC for fold 2: 0.7040
2025-12-13 23:12:08,634 | INFO |    AUC for fold 3: 0.6907
2025-12-13 23:12:12,218 | INFO |    AUC for fold 4: 0.7014
2025-12-13 23:12:14,591 | INFO |    AUC for fold 5: 0.7018
2025-12-13 23:12:14,600 | INFO | [deq] logreg FINAL OOF AUC: 0.6936
2025-12-13 23:12:33,579 | INFO |    AUC for fold 1: 0.6672
2025-12-13 23:12:52,921 | INFO |    AUC for fold 2: 0.6703
2025-12-13 23:13:12,187 | INFO |    AUC for fold 3: 0.6669
2025-12-13 23:13:31,208 | INFO |    AUC for fold 4: 0.7007
2025-12-13 23:13:50,586 | INFO |    AUC for fold 5: 0.6926
2025-12-13 23:13:50,628 | INFO | [deq] rf FINAL OOF AUC: 0.6794
2025-12-13 23:13:51,618 | INFO |    AUC for fold 1: 0.5429
2025-12-13 23:13:52,575 | INFO |    AUC for fold 2: 0.5548
2025-12-13 23:13:53,527 | INFO |    AUC for fold 3: 0.5393
2025-12-13 23:13:54,517 | INFO |    AUC for fold 4: 0.5362
2025-12-13 23:13:55,572 | INFO |    AUC for fold 5: 0.5487
2025-12-13 23:13:55,616 | INFO | [deq] knn FINAL OOF AUC: 0.5444
2025-12-13 23:13:55,616 | INFO | [deq] ✅ Top 3 Models by AUC: ['lgb', 'xgb', 'logreg']

2025-12-13 23:13:55,724 | INFO | ✅ Completed: Training Base Models on Delinquency Features in 126.42 seconds
2025-12-13 23:13:55,724 | INFO | 🔄 Starting: Training Base Models on Vintage Features
2025-12-13 23:13:55,916 | INFO |    AUC for fold 1: 0.6174
2025-12-13 23:13:56,084 | INFO |    AUC for fold 2: 0.6293
2025-12-13 23:13:56,249 | INFO |    AUC for fold 3: 0.6276
2025-12-13 23:13:56,415 | INFO |    AUC for fold 4: 0.6363
2025-12-13 23:13:56,583 | INFO |    AUC for fold 5: 0.6343
2025-12-13 23:13:56,590 | INFO | [vin] xgb FINAL OOF AUC: 0.6287
2025-12-13 23:13:56,938 | INFO |    AUC for fold 1: 0.6460
2025-12-13 23:13:57,286 | INFO |    AUC for fold 2: 0.6557
2025-12-13 23:13:57,692 | INFO |    AUC for fold 3: 0.6390
2025-12-13 23:13:58,054 | INFO |    AUC for fold 4: 0.6629
2025-12-13 23:13:58,399 | INFO |    AUC for fold 5: 0.6566
2025-12-13 23:13:58,406 | INFO | [vin] lgb FINAL OOF AUC: 0.6518
2025-12-13 23:13:58,533 | INFO |    AUC for fold 1: 0.6211
2025-12-13 23:13:58,636 | INFO |    AUC for fold 2: 0.6372
2025-12-13 23:13:58,745 | INFO |    AUC for fold 3: 0.6140
2025-12-13 23:13:58,839 | INFO |    AUC for fold 4: 0.6236
2025-12-13 23:13:58,999 | INFO |    AUC for fold 5: 0.6291
2025-12-13 23:13:59,010 | INFO | [vin] logreg FINAL OOF AUC: 0.6248
2025-12-13 23:14:04,212 | INFO |    AUC for fold 1: 0.5971
2025-12-13 23:14:09,245 | INFO |    AUC for fold 2: 0.5842
2025-12-13 23:14:14,200 | INFO |    AUC for fold 3: 0.5820
2025-12-13 23:14:19,072 | INFO |    AUC for fold 4: 0.6110
2025-12-13 23:14:23,964 | INFO |    AUC for fold 5: 0.6112
2025-12-13 23:14:24,003 | INFO | [vin] rf FINAL OOF AUC: 0.5971
2025-12-13 23:14:24,192 | INFO |    AUC for fold 1: 0.5456
2025-12-13 23:14:24,406 | INFO |    AUC for fold 2: 0.5438
2025-12-13 23:14:24,610 | INFO |    AUC for fold 3: 0.5361
2025-12-13 23:14:24,809 | INFO |    AUC for fold 4: 0.5603
2025-12-13 23:14:25,018 | INFO |    AUC for fold 5: 0.5443
2025-12-13 23:14:25,030 | INFO | [vin] knn FINAL OOF AUC: 0.5460
2025-12-13 23:14:25,030 | INFO | [vin] ✅ Top 3 Models by AUC: ['lgb', 'xgb', 'logreg']

2025-12-13 23:14:25,050 | INFO | ✅ Completed: Training Base Models on Vintage Features in 29.33 seconds
2025-12-13 23:14:25,050 | INFO | 🔄 Starting: Creating Meta-Model Training Set
2025-12-13 23:14:25,055 | INFO | ✅ Completed: Creating Meta-Model Training Set in 0.00 seconds
2025-12-13 23:14:25,055 | INFO | 🔄 Starting: Training Meta-Model
2025-12-13 23:14:25,238 | INFO | [META] Logistic Regression AUC (CV): 0.7434
2025-12-13 23:14:25,262 | INFO | ✅ Completed: Training Meta-Model in 0.21 seconds
2025-12-13 23:14:25,262 | INFO | 🎯 STRIKE Home Credit pipeline completed successfully.
