2025-04-20 11:34:37,218 | INFO | 🚀 Starting model stacking pipeline
2025-04-20 11:34:37,218 | INFO | 🔄 Starting: Loading Processed Datasets
2025-04-20 11:34:43,478 | INFO | ✅ Completed: Loading Processed Datasets in 6.26 seconds

2025-04-20 11:34:43,479 | INFO | 🔄 Starting: Demographic Base Models Training
2025-04-20 11:35:35,062 | INFO | 🚀 Starting model stacking pipeline
2025-04-20 11:35:35,062 | INFO | 🔄 Starting: Loading Processed Datasets
2025-04-20 11:35:41,353 | INFO | ✅ Completed: Loading Processed Datasets in 6.29 seconds
2025-04-20 11:35:41,353 | INFO | 🔄 Starting: Demographic Base Models Training
2025-04-20 11:35:44,003 | INFO |    AUC for fold 1: 0.7439
2025-04-20 11:35:46,205 | INFO |    AUC for fold 2: 0.7524
2025-04-20 11:35:48,622 | INFO |    AUC for fold 3: 0.7477
2025-04-20 11:35:50,822 | INFO |    AUC for fold 4: 0.7504
2025-04-20 11:35:52,894 | INFO |    AUC for fold 5: 0.7459
2025-04-20 11:35:52,947 | INFO | [demog] xgb FINAL OOF AUC: 0.7481
2025-04-20 11:35:54,533 | INFO |    AUC for fold 1: 0.7520
2025-04-20 11:35:56,033 | INFO |    AUC for fold 2: 0.7614
2025-04-20 11:35:57,515 | INFO |    AUC for fold 3: 0.7547
2025-04-20 11:35:58,980 | INFO |    AUC for fold 4: 0.7608
2025-04-20 11:36:00,495 | INFO |    AUC for fold 5: 0.7526
2025-04-20 11:36:00,549 | INFO | [demog] lgb FINAL OOF AUC: 0.7563
2025-04-20 11:36:09,410 | INFO |    AUC for fold 1: 0.6675
2025-04-20 11:36:19,483 | INFO |    AUC for fold 2: 0.6780
2025-04-20 11:36:29,415 | INFO |    AUC for fold 3: 0.6776
2025-04-20 11:36:38,184 | INFO |    AUC for fold 4: 0.6840
2025-04-20 11:36:47,811 | INFO |    AUC for fold 5: 0.6774
2025-04-20 11:36:47,876 | INFO | [demog] logreg FINAL OOF AUC: 0.6769
2025-04-20 11:37:43,922 | INFO |    AUC for fold 1: 0.7042
2025-04-20 11:38:40,843 | INFO |    AUC for fold 2: 0.7097
2025-04-20 11:39:37,283 | INFO |    AUC for fold 3: 0.6996
2025-04-20 11:40:34,544 | INFO |    AUC for fold 4: 0.7080
2025-04-20 11:41:30,753 | INFO |    AUC for fold 5: 0.7017
2025-04-20 11:41:30,895 | INFO | [demog] rf FINAL OOF AUC: 0.7046
2025-04-20 11:41:52,426 | INFO |    AUC for fold 1: 0.5397
2025-04-20 11:42:14,892 | INFO |    AUC for fold 2: 0.5460
2025-04-20 11:42:38,180 | INFO |    AUC for fold 3: 0.5396
2025-04-20 11:42:58,877 | INFO |    AUC for fold 4: 0.5440
2025-04-20 11:43:20,058 | INFO |    AUC for fold 5: 0.5426
2025-04-20 11:43:20,207 | INFO | [demog] knn FINAL OOF AUC: 0.5424
2025-04-20 11:43:20,207 | INFO | [demog] ✅ Top 3 Models by AUC: ['lgb', 'xgb', 'rf']

2025-04-20 11:43:20,508 | INFO | ✅ Completed: Demographic Base Models Training in 459.15 seconds

2025-04-20 11:43:20,508 | INFO | 🔄 Starting: Delinquency Base Models Training
2025-04-20 11:43:23,828 | INFO |    AUC for fold 1: 0.6709
2025-04-20 11:43:26,781 | INFO |    AUC for fold 2: 0.6725
2025-04-20 11:43:29,652 | INFO |    AUC for fold 3: 0.6655
2025-04-20 11:43:32,504 | INFO |    AUC for fold 4: 0.6769
2025-04-20 11:43:35,467 | INFO |    AUC for fold 5: 0.6697
2025-04-20 11:43:35,509 | INFO | [deq] xgb FINAL OOF AUC: 0.6711
2025-04-20 11:43:38,933 | INFO |    AUC for fold 1: 0.6831
2025-04-20 11:43:42,307 | INFO |    AUC for fold 2: 0.6886
2025-04-20 11:43:45,864 | INFO |    AUC for fold 3: 0.6799
2025-04-20 11:43:49,418 | INFO |    AUC for fold 4: 0.6965
2025-04-20 11:43:52,893 | INFO |    AUC for fold 5: 0.6851
2025-04-20 11:43:52,936 | INFO | [deq] lgb FINAL OOF AUC: 0.6866
2025-04-20 11:44:05,341 | INFO |    AUC for fold 1: 0.6346
2025-04-20 11:44:15,254 | INFO |    AUC for fold 2: 0.6351
2025-04-20 11:44:26,339 | INFO |    AUC for fold 3: 0.6297
2025-04-20 11:44:38,074 | INFO |    AUC for fold 4: 0.6357
2025-04-20 11:44:52,339 | INFO |    AUC for fold 5: 0.6335
2025-04-20 11:44:52,391 | INFO | [deq] logreg FINAL OOF AUC: 0.6338
2025-04-20 11:47:41,886 | INFO |    AUC for fold 1: 0.6421
2025-04-20 11:50:27,626 | INFO |    AUC for fold 2: 0.6523
2025-04-20 11:53:15,888 | INFO |    AUC for fold 3: 0.6376
2025-04-20 11:56:05,753 | INFO |    AUC for fold 4: 0.6599
2025-04-20 11:59:28,558 | INFO |    AUC for fold 5: 0.6489
2025-04-20 11:59:28,673 | INFO | [deq] rf FINAL OOF AUC: 0.6481
2025-04-20 11:59:51,175 | INFO |    AUC for fold 1: 0.5355
2025-04-20 12:00:13,381 | INFO |    AUC for fold 2: 0.5381
2025-04-20 12:00:35,923 | INFO |    AUC for fold 3: 0.5299
2025-04-20 12:00:58,458 | INFO |    AUC for fold 4: 0.5391
2025-04-20 12:01:21,602 | INFO |    AUC for fold 5: 0.5446
2025-04-20 12:01:21,756 | INFO | [deq] knn FINAL OOF AUC: 0.5374
2025-04-20 12:01:21,765 | INFO | [deq] ✅ Top 3 Models by AUC: ['lgb', 'xgb', 'rf']

2025-04-20 12:01:22,254 | INFO | ✅ Completed: Delinquency Base Models Training in 1081.75 seconds

2025-04-20 12:01:22,254 | INFO | 🔄 Starting: Vintage Base Models Training
2025-04-20 12:01:22,836 | INFO |    AUC for fold 1: 0.6320
2025-04-20 12:01:23,299 | INFO |    AUC for fold 2: 0.6288
2025-04-20 12:01:23,761 | INFO |    AUC for fold 3: 0.6328
2025-04-20 12:01:24,221 | INFO |    AUC for fold 4: 0.6313
2025-04-20 12:01:24,691 | INFO |    AUC for fold 5: 0.6274
2025-04-20 12:01:24,730 | INFO | [vin] xgb FINAL OOF AUC: 0.6304
2025-04-20 12:01:25,215 | INFO |    AUC for fold 1: 0.6479
2025-04-20 12:01:25,681 | INFO |    AUC for fold 2: 0.6418
2025-04-20 12:01:26,156 | INFO |    AUC for fold 3: 0.6393
2025-04-20 12:01:26,622 | INFO |    AUC for fold 4: 0.6445
2025-04-20 12:01:27,089 | INFO |    AUC for fold 5: 0.6374
2025-04-20 12:01:27,128 | INFO | [vin] lgb FINAL OOF AUC: 0.6421
2025-04-20 12:01:28,075 | INFO |    AUC for fold 1: 0.6200
2025-04-20 12:01:28,744 | INFO |    AUC for fold 2: 0.6196
2025-04-20 12:01:29,702 | INFO |    AUC for fold 3: 0.6225
2025-04-20 12:01:30,565 | INFO |    AUC for fold 4: 0.6237
2025-04-20 12:01:31,408 | INFO |    AUC for fold 5: 0.6168
2025-04-20 12:01:31,457 | INFO | [vin] logreg FINAL OOF AUC: 0.6205
2025-04-20 12:02:00,477 | INFO |    AUC for fold 1: 0.6079
2025-04-20 12:02:29,179 | INFO |    AUC for fold 2: 0.6078
2025-04-20 12:02:57,940 | INFO |    AUC for fold 3: 0.6107
2025-04-20 12:03:26,849 | INFO |    AUC for fold 4: 0.6102
2025-04-20 12:03:55,536 | INFO |    AUC for fold 5: 0.6015
2025-04-20 12:03:55,658 | INFO | [vin] rf FINAL OOF AUC: 0.6076
2025-04-20 12:04:00,016 | INFO |    AUC for fold 1: 0.5347
2025-04-20 12:04:04,378 | INFO |    AUC for fold 2: 0.5387
2025-04-20 12:04:08,682 | INFO |    AUC for fold 3: 0.5321
2025-04-20 12:04:12,964 | INFO |    AUC for fold 4: 0.5398
2025-04-20 12:04:17,310 | INFO |    AUC for fold 5: 0.5420
2025-04-20 12:04:17,356 | INFO | [vin] knn FINAL OOF AUC: 0.5375
2025-04-20 12:04:17,356 | INFO | [vin] ✅ Top 3 Models by AUC: ['lgb', 'xgb', 'logreg']

2025-04-20 12:04:17,416 | INFO | ✅ Completed: Vintage Base Models Training in 175.16 seconds

2025-04-20 12:04:17,417 | INFO | 🔄 Starting: Target Table Creation
2025-04-20 12:04:17,453 | INFO | ✅ Completed: Target Table Creation in 0.04 seconds

2025-04-20 12:04:17,453 | INFO | 🔄 Starting: Meta Model Training
2025-04-20 12:04:17,995 | INFO | [META] Logistic Regression AUC (CV): 0.7661
2025-04-20 12:04:18,101 | INFO | ✅ Completed: Meta Model Training in 0.65 seconds
2025-12-13 23:14:47,933 | INFO | 🚀 Starting STRIKE Home Credit Model Stacking Pipeline
2025-12-13 23:14:47,933 | INFO | 🔄 Starting: Preprocessing DEMOG Features
2025-12-13 23:14:51,131 | INFO | ✅ Completed: Preprocessing DEMOG Features in 3.20 seconds
2025-12-13 23:14:51,131 | INFO | 🔄 Starting: Preprocessing DEQ Features
2025-12-13 23:14:58,973 | INFO | ✅ Completed: Preprocessing DEQ Features in 7.84 seconds
2025-12-13 23:14:58,975 | INFO | 🔄 Starting: Preprocessing Vintage Features
2025-12-13 23:15:00,055 | INFO | ✅ Completed: Preprocessing Vintage Features in 1.08 seconds
2025-12-13 23:15:00,055 | INFO | 🔄 Starting: Training Base Models on Demographic Features
2025-12-13 23:15:00,483 | INFO |    AUC for fold 1: 0.6728
2025-12-13 23:15:00,906 | INFO |    AUC for fold 2: 0.6888
2025-12-13 23:15:01,278 | INFO |    AUC for fold 3: 0.6751
2025-12-13 23:15:01,688 | INFO |    AUC for fold 4: 0.6889
2025-12-13 23:15:02,057 | INFO |    AUC for fold 5: 0.6783
2025-12-13 23:15:02,064 | INFO | [demog] xgb FINAL OOF AUC: 0.6807
2025-12-13 23:15:02,717 | INFO |    AUC for fold 1: 0.6975
2025-12-13 23:15:03,213 | INFO |    AUC for fold 2: 0.7048
2025-12-13 23:15:03,706 | INFO |    AUC for fold 3: 0.6992
2025-12-13 23:15:04,248 | INFO |    AUC for fold 4: 0.7141
2025-12-13 23:15:04,744 | INFO |    AUC for fold 5: 0.7157
2025-12-13 23:15:04,753 | INFO | [demog] lgb FINAL OOF AUC: 0.7061
2025-12-13 23:15:05,445 | INFO |    AUC for fold 1: 0.6658
2025-12-13 23:15:05,931 | INFO |    AUC for fold 2: 0.6831
2025-12-13 23:15:06,551 | INFO |    AUC for fold 3: 0.6713
2025-12-13 23:15:07,043 | INFO |    AUC for fold 4: 0.6847
2025-12-13 23:15:07,387 | INFO |    AUC for fold 5: 0.6858
2025-12-13 23:15:07,394 | INFO | [demog] logreg FINAL OOF AUC: 0.6781
2025-12-13 23:15:18,826 | INFO |    AUC for fold 1: 0.6550
2025-12-13 23:15:30,078 | INFO |    AUC for fold 2: 0.6552
2025-12-13 23:15:41,658 | INFO |    AUC for fold 3: 0.6568
2025-12-13 23:15:53,127 | INFO |    AUC for fold 4: 0.6709
2025-12-13 23:16:04,931 | INFO |    AUC for fold 5: 0.6647
2025-12-13 23:16:04,983 | INFO | [demog] rf FINAL OOF AUC: 0.6605
2025-12-13 23:16:05,470 | INFO |    AUC for fold 1: 0.5441
2025-12-13 23:16:05,898 | INFO |    AUC for fold 2: 0.5409
2025-12-13 23:16:06,357 | INFO |    AUC for fold 3: 0.5299
2025-12-13 23:16:06,738 | INFO |    AUC for fold 4: 0.5186
2025-12-13 23:16:07,141 | INFO |    AUC for fold 5: 0.5381
2025-12-13 23:16:07,165 | INFO | [demog] knn FINAL OOF AUC: 0.5343
2025-12-13 23:16:07,165 | INFO | [demog] ✅ Top 3 Models by AUC: ['lgb', 'xgb', 'logreg']

2025-12-13 23:16:07,237 | INFO | ✅ Completed: Training Base Models on Demographic Features in 67.18 seconds
2025-12-13 23:16:07,237 | INFO | 🔄 Starting: Training Base Models on Delinquency Features
2025-12-13 23:16:08,447 | INFO |    AUC for fold 1: 0.6885
2025-12-13 23:16:09,337 | INFO |    AUC for fold 2: 0.6964
2025-12-13 23:16:10,233 | INFO |    AUC for fold 3: 0.6943
2025-12-13 23:16:11,126 | INFO |    AUC for fold 4: 0.7036
2025-12-13 23:16:12,059 | INFO |    AUC for fold 5: 0.7025
2025-12-13 23:16:12,066 | INFO | [deq] xgb FINAL OOF AUC: 0.6970
2025-12-13 23:16:13,355 | INFO |    AUC for fold 1: 0.7216
2025-12-13 23:16:14,543 | INFO |    AUC for fold 2: 0.7256
2025-12-13 23:16:15,746 | INFO |    AUC for fold 3: 0.7211
2025-12-13 23:16:16,669 | INFO |    AUC for fold 4: 0.7396
2025-12-13 23:16:17,584 | INFO |    AUC for fold 5: 0.7410
2025-12-13 23:16:17,591 | INFO | [deq] lgb FINAL OOF AUC: 0.7297
2025-12-13 23:16:20,127 | INFO |    AUC for fold 1: 0.6702
2025-12-13 23:16:22,815 | INFO |    AUC for fold 2: 0.6959
2025-12-13 23:16:25,619 | INFO |    AUC for fold 3: 0.6856
2025-12-13 23:16:28,492 | INFO |    AUC for fold 4: 0.7023
2025-12-13 23:16:30,865 | INFO |    AUC for fold 5: 0.6923
2025-12-13 23:16:30,874 | INFO | [deq] logreg FINAL OOF AUC: 0.6891
2025-12-13 23:16:50,092 | INFO |    AUC for fold 1: 0.6733
2025-12-13 23:17:09,357 | INFO |    AUC for fold 2: 0.6742
2025-12-13 23:17:28,315 | INFO |    AUC for fold 3: 0.6671
2025-12-13 23:17:47,307 | INFO |    AUC for fold 4: 0.6973
2025-12-13 23:18:06,363 | INFO |    AUC for fold 5: 0.6839
2025-12-13 23:18:06,412 | INFO | [deq] rf FINAL OOF AUC: 0.6791
2025-12-13 23:18:07,430 | INFO |    AUC for fold 1: 0.5452
2025-12-13 23:18:08,404 | INFO |    AUC for fold 2: 0.5454
2025-12-13 23:18:09,427 | INFO |    AUC for fold 3: 0.5450
2025-12-13 23:18:10,434 | INFO |    AUC for fold 4: 0.5360
2025-12-13 23:18:11,434 | INFO |    AUC for fold 5: 0.5524
2025-12-13 23:18:11,488 | INFO | [deq] knn FINAL OOF AUC: 0.5448
2025-12-13 23:18:11,488 | INFO | [deq] ✅ Top 3 Models by AUC: ['lgb', 'xgb', 'logreg']

2025-12-13 23:18:11,618 | INFO | ✅ Completed: Training Base Models on Delinquency Features in 124.38 seconds
2025-12-13 23:18:11,618 | INFO | 🔄 Starting: Training Base Models on Vintage Features
2025-12-13 23:18:11,823 | INFO |    AUC for fold 1: 0.6186
2025-12-13 23:18:12,012 | INFO |    AUC for fold 2: 0.6344
2025-12-13 23:18:12,196 | INFO |    AUC for fold 3: 0.6366
2025-12-13 23:18:12,375 | INFO |    AUC for fold 4: 0.6274
2025-12-13 23:18:12,549 | INFO |    AUC for fold 5: 0.6381
2025-12-13 23:18:12,556 | INFO | [vin] xgb FINAL OOF AUC: 0.6309
2025-12-13 23:18:12,911 | INFO |    AUC for fold 1: 0.6252
2025-12-13 23:18:13,308 | INFO |    AUC for fold 2: 0.6479
2025-12-13 23:18:13,665 | INFO |    AUC for fold 3: 0.6449
2025-12-13 23:18:14,016 | INFO |    AUC for fold 4: 0.6447
2025-12-13 23:18:14,367 | INFO |    AUC for fold 5: 0.6500
2025-12-13 23:18:14,375 | INFO | [vin] lgb FINAL OOF AUC: 0.6423
2025-12-13 23:18:14,574 | INFO |    AUC for fold 1: 0.6248
2025-12-13 23:18:14,766 | INFO |    AUC for fold 2: 0.6539
2025-12-13 23:18:14,943 | INFO |    AUC for fold 3: 0.6339
2025-12-13 23:18:15,127 | INFO |    AUC for fold 4: 0.6434
2025-12-13 23:18:15,341 | INFO |    AUC for fold 5: 0.6467
2025-12-13 23:18:15,348 | INFO | [vin] logreg FINAL OOF AUC: 0.6404
2025-12-13 23:18:19,797 | INFO |    AUC for fold 1: 0.6112
2025-12-13 23:18:24,140 | INFO |    AUC for fold 2: 0.6174
2025-12-13 23:18:28,528 | INFO |    AUC for fold 3: 0.6097
2025-12-13 23:18:32,895 | INFO |    AUC for fold 4: 0.6132
2025-12-13 23:18:37,200 | INFO |    AUC for fold 5: 0.6157
2025-12-13 23:18:37,246 | INFO | [vin] rf FINAL OOF AUC: 0.6134
2025-12-13 23:18:37,486 | INFO |    AUC for fold 1: 0.5467
2025-12-13 23:18:37,713 | INFO |    AUC for fold 2: 0.5492
2025-12-13 23:18:37,940 | INFO |    AUC for fold 3: 0.5200
2025-12-13 23:18:38,154 | INFO |    AUC for fold 4: 0.5265
2025-12-13 23:18:38,396 | INFO |    AUC for fold 5: 0.5281
2025-12-13 23:18:38,411 | INFO | [vin] knn FINAL OOF AUC: 0.5341
2025-12-13 23:18:38,411 | INFO | [vin] ✅ Top 3 Models by AUC: ['lgb', 'logreg', 'xgb']

2025-12-13 23:18:38,428 | INFO | ✅ Completed: Training Base Models on Vintage Features in 26.81 seconds
2025-12-13 23:18:38,428 | INFO | 🔄 Starting: Creating Meta-Model Training Set
2025-12-13 23:18:38,434 | INFO | ✅ Completed: Creating Meta-Model Training Set in 0.01 seconds
2025-12-13 23:18:38,434 | INFO | 🔄 Starting: Training Meta-Model
2025-12-13 23:18:38,635 | INFO | [META] Logistic Regression AUC (CV): 0.7425
2025-12-13 23:18:38,663 | INFO | ✅ Completed: Training Meta-Model in 0.23 seconds
2025-12-13 23:18:38,663 | INFO | 🎯 STRIKE Home Credit pipeline completed successfully.
