2025-04-20 11:34:37,218 | INFO | 🚀 Starting model stacking pipeline
2025-04-20 11:34:37,218 | INFO | 🔄 Starting: Loading Processed Datasets
2025-04-20 11:34:43,478 | INFO | ✅ Completed: Loading Processed Datasets in 6.26 seconds

2025-04-20 11:34:43,479 | INFO | 🔄 Starting: Demographic Base Models Training
2025-04-20 11:35:35,062 | INFO | 🚀 Starting model stacking pipeline
2025-04-20 11:35:35,062 | INFO | 🔄 Starting: Loading Processed Datasets
2025-04-20 11:35:41,353 | INFO | ✅ Completed: Loading Processed Datasets in 6.29 seconds
2025-04-20 11:35:41,353 | INFO | 🔄 Starting: Demographic Base Models Training
2025-04-20 11:35:44,003 | INFO |    AUC for fold 1: 0.7439
2025-04-20 11:35:46,205 | INFO |    AUC for fold 2: 0.7524
2025-04-20 11:35:48,622 | INFO |    AUC for fold 3: 0.7477
2025-04-20 11:35:50,822 | INFO |    AUC for fold 4: 0.7504
2025-04-20 11:35:52,894 | INFO |    AUC for fold 5: 0.7459
2025-04-20 11:35:52,947 | INFO | [demog] xgb FINAL OOF AUC: 0.7481
2025-04-20 11:35:54,533 | INFO |    AUC for fold 1: 0.7520
2025-04-20 11:35:56,033 | INFO |    AUC for fold 2: 0.7614
2025-04-20 11:35:57,515 | INFO |    AUC for fold 3: 0.7547
2025-04-20 11:35:58,980 | INFO |    AUC for fold 4: 0.7608
2025-04-20 11:36:00,495 | INFO |    AUC for fold 5: 0.7526
2025-04-20 11:36:00,549 | INFO | [demog] lgb FINAL OOF AUC: 0.7563
2025-04-20 11:36:09,410 | INFO |    AUC for fold 1: 0.6675
2025-04-20 11:36:19,483 | INFO |    AUC for fold 2: 0.6780
2025-04-20 11:36:29,415 | INFO |    AUC for fold 3: 0.6776
2025-04-20 11:36:38,184 | INFO |    AUC for fold 4: 0.6840
2025-04-20 11:36:47,811 | INFO |    AUC for fold 5: 0.6774
2025-04-20 11:36:47,876 | INFO | [demog] logreg FINAL OOF AUC: 0.6769
2025-04-20 11:37:43,922 | INFO |    AUC for fold 1: 0.7042
2025-04-20 11:38:40,843 | INFO |    AUC for fold 2: 0.7097
2025-04-20 11:39:37,283 | INFO |    AUC for fold 3: 0.6996
2025-04-20 11:40:34,544 | INFO |    AUC for fold 4: 0.7080
2025-04-20 11:41:30,753 | INFO |    AUC for fold 5: 0.7017
2025-04-20 11:41:30,895 | INFO | [demog] rf FINAL OOF AUC: 0.7046
2025-04-20 11:41:52,426 | INFO |    AUC for fold 1: 0.5397
2025-04-20 11:42:14,892 | INFO |    AUC for fold 2: 0.5460
2025-04-20 11:42:38,180 | INFO |    AUC for fold 3: 0.5396
2025-04-20 11:42:58,877 | INFO |    AUC for fold 4: 0.5440
2025-04-20 11:43:20,058 | INFO |    AUC for fold 5: 0.5426
2025-04-20 11:43:20,207 | INFO | [demog] knn FINAL OOF AUC: 0.5424
2025-04-20 11:43:20,207 | INFO | [demog] ✅ Top 3 Models by AUC: ['lgb', 'xgb', 'rf']

2025-04-20 11:43:20,508 | INFO | ✅ Completed: Demographic Base Models Training in 459.15 seconds

2025-04-20 11:43:20,508 | INFO | 🔄 Starting: Delinquency Base Models Training
2025-04-20 11:43:23,828 | INFO |    AUC for fold 1: 0.6709
2025-04-20 11:43:26,781 | INFO |    AUC for fold 2: 0.6725
2025-04-20 11:43:29,652 | INFO |    AUC for fold 3: 0.6655
2025-04-20 11:43:32,504 | INFO |    AUC for fold 4: 0.6769
2025-04-20 11:43:35,467 | INFO |    AUC for fold 5: 0.6697
2025-04-20 11:43:35,509 | INFO | [deq] xgb FINAL OOF AUC: 0.6711
2025-04-20 11:43:38,933 | INFO |    AUC for fold 1: 0.6831
2025-04-20 11:43:42,307 | INFO |    AUC for fold 2: 0.6886
2025-04-20 11:43:45,864 | INFO |    AUC for fold 3: 0.6799
2025-04-20 11:43:49,418 | INFO |    AUC for fold 4: 0.6965
2025-04-20 11:43:52,893 | INFO |    AUC for fold 5: 0.6851
2025-04-20 11:43:52,936 | INFO | [deq] lgb FINAL OOF AUC: 0.6866
2025-04-20 11:44:05,341 | INFO |    AUC for fold 1: 0.6346
2025-04-20 11:44:15,254 | INFO |    AUC for fold 2: 0.6351
2025-04-20 11:44:26,339 | INFO |    AUC for fold 3: 0.6297
2025-04-20 11:44:38,074 | INFO |    AUC for fold 4: 0.6357
2025-04-20 11:44:52,339 | INFO |    AUC for fold 5: 0.6335
2025-04-20 11:44:52,391 | INFO | [deq] logreg FINAL OOF AUC: 0.6338
2025-04-20 11:47:41,886 | INFO |    AUC for fold 1: 0.6421
2025-04-20 11:50:27,626 | INFO |    AUC for fold 2: 0.6523
2025-04-20 11:53:15,888 | INFO |    AUC for fold 3: 0.6376
2025-04-20 11:56:05,753 | INFO |    AUC for fold 4: 0.6599
2025-04-20 11:59:28,558 | INFO |    AUC for fold 5: 0.6489
2025-04-20 11:59:28,673 | INFO | [deq] rf FINAL OOF AUC: 0.6481
2025-04-20 11:59:51,175 | INFO |    AUC for fold 1: 0.5355
2025-04-20 12:00:13,381 | INFO |    AUC for fold 2: 0.5381
2025-04-20 12:00:35,923 | INFO |    AUC for fold 3: 0.5299
2025-04-20 12:00:58,458 | INFO |    AUC for fold 4: 0.5391
2025-04-20 12:01:21,602 | INFO |    AUC for fold 5: 0.5446
2025-04-20 12:01:21,756 | INFO | [deq] knn FINAL OOF AUC: 0.5374
2025-04-20 12:01:21,765 | INFO | [deq] ✅ Top 3 Models by AUC: ['lgb', 'xgb', 'rf']

2025-04-20 12:01:22,254 | INFO | ✅ Completed: Delinquency Base Models Training in 1081.75 seconds

2025-04-20 12:01:22,254 | INFO | 🔄 Starting: Vintage Base Models Training
2025-04-20 12:01:22,836 | INFO |    AUC for fold 1: 0.6320
2025-04-20 12:01:23,299 | INFO |    AUC for fold 2: 0.6288
2025-04-20 12:01:23,761 | INFO |    AUC for fold 3: 0.6328
2025-04-20 12:01:24,221 | INFO |    AUC for fold 4: 0.6313
2025-04-20 12:01:24,691 | INFO |    AUC for fold 5: 0.6274
2025-04-20 12:01:24,730 | INFO | [vin] xgb FINAL OOF AUC: 0.6304
2025-04-20 12:01:25,215 | INFO |    AUC for fold 1: 0.6479
2025-04-20 12:01:25,681 | INFO |    AUC for fold 2: 0.6418
2025-04-20 12:01:26,156 | INFO |    AUC for fold 3: 0.6393
2025-04-20 12:01:26,622 | INFO |    AUC for fold 4: 0.6445
2025-04-20 12:01:27,089 | INFO |    AUC for fold 5: 0.6374
2025-04-20 12:01:27,128 | INFO | [vin] lgb FINAL OOF AUC: 0.6421
2025-04-20 12:01:28,075 | INFO |    AUC for fold 1: 0.6200
2025-04-20 12:01:28,744 | INFO |    AUC for fold 2: 0.6196
2025-04-20 12:01:29,702 | INFO |    AUC for fold 3: 0.6225
2025-04-20 12:01:30,565 | INFO |    AUC for fold 4: 0.6237
2025-04-20 12:01:31,408 | INFO |    AUC for fold 5: 0.6168
2025-04-20 12:01:31,457 | INFO | [vin] logreg FINAL OOF AUC: 0.6205
2025-04-20 12:02:00,477 | INFO |    AUC for fold 1: 0.6079
2025-04-20 12:02:29,179 | INFO |    AUC for fold 2: 0.6078
2025-04-20 12:02:57,940 | INFO |    AUC for fold 3: 0.6107
2025-04-20 12:03:26,849 | INFO |    AUC for fold 4: 0.6102
2025-04-20 12:03:55,536 | INFO |    AUC for fold 5: 0.6015
2025-04-20 12:03:55,658 | INFO | [vin] rf FINAL OOF AUC: 0.6076
2025-04-20 12:04:00,016 | INFO |    AUC for fold 1: 0.5347
2025-04-20 12:04:04,378 | INFO |    AUC for fold 2: 0.5387
2025-04-20 12:04:08,682 | INFO |    AUC for fold 3: 0.5321
2025-04-20 12:04:12,964 | INFO |    AUC for fold 4: 0.5398
2025-04-20 12:04:17,310 | INFO |    AUC for fold 5: 0.5420
2025-04-20 12:04:17,356 | INFO | [vin] knn FINAL OOF AUC: 0.5375
2025-04-20 12:04:17,356 | INFO | [vin] ✅ Top 3 Models by AUC: ['lgb', 'xgb', 'logreg']

2025-04-20 12:04:17,416 | INFO | ✅ Completed: Vintage Base Models Training in 175.16 seconds

2025-04-20 12:04:17,417 | INFO | 🔄 Starting: Target Table Creation
2025-04-20 12:04:17,453 | INFO | ✅ Completed: Target Table Creation in 0.04 seconds

2025-04-20 12:04:17,453 | INFO | 🔄 Starting: Meta Model Training
2025-04-20 12:04:17,995 | INFO | [META] Logistic Regression AUC (CV): 0.7661
2025-04-20 12:04:18,101 | INFO | ✅ Completed: Meta Model Training in 0.65 seconds
2025-12-13 23:04:26,708 | INFO | 🚀 Starting STRIKE Home Credit Model Stacking Pipeline
2025-12-13 23:04:26,708 | INFO | 🔄 Starting: Preprocessing DEMOG Features
2025-12-13 23:04:29,875 | INFO | ✅ Completed: Preprocessing DEMOG Features in 3.17 seconds
2025-12-13 23:04:29,875 | INFO | 🔄 Starting: Preprocessing DEQ Features
2025-12-13 23:04:36,863 | INFO | ✅ Completed: Preprocessing DEQ Features in 6.99 seconds
2025-12-13 23:04:36,865 | INFO | 🔄 Starting: Preprocessing Vintage Features
2025-12-13 23:04:37,642 | INFO | ✅ Completed: Preprocessing Vintage Features in 0.78 seconds
2025-12-13 23:04:37,642 | INFO | 🔄 Starting: Training Base Models on Demographic Features
2025-12-13 23:04:38,229 | INFO |    AUC for fold 1: 0.6953
2025-12-13 23:04:38,658 | INFO |    AUC for fold 2: 0.7209
2025-12-13 23:04:39,108 | INFO |    AUC for fold 3: 0.7129
2025-12-13 23:04:39,549 | INFO |    AUC for fold 4: 0.7118
2025-12-13 23:04:40,054 | INFO |    AUC for fold 5: 0.7204
2025-12-13 23:04:40,061 | INFO | [demog] xgb FINAL OOF AUC: 0.7122
2025-12-13 23:04:40,548 | INFO |    AUC for fold 1: 0.7231
2025-12-13 23:04:41,011 | INFO |    AUC for fold 2: 0.7445
2025-12-13 23:04:41,473 | INFO |    AUC for fold 3: 0.7244
2025-12-13 23:04:41,947 | INFO |    AUC for fold 4: 0.7362
2025-12-13 23:04:42,412 | INFO |    AUC for fold 5: 0.7494
2025-12-13 23:04:42,420 | INFO | [demog] lgb FINAL OOF AUC: 0.7354
2025-12-13 23:04:43,851 | INFO |    AUC for fold 1: 0.6512
2025-12-13 23:04:45,114 | INFO |    AUC for fold 2: 0.6778
2025-12-13 23:04:46,614 | INFO |    AUC for fold 3: 0.6645
2025-12-13 23:04:47,685 | INFO |    AUC for fold 4: 0.6745
2025-12-13 23:04:48,826 | INFO |    AUC for fold 5: 0.6815
2025-12-13 23:04:48,842 | INFO | [demog] logreg FINAL OOF AUC: 0.6698
2025-12-13 23:04:56,240 | INFO |    AUC for fold 1: 0.6684
2025-12-13 23:05:03,477 | INFO |    AUC for fold 2: 0.7025
2025-12-13 23:05:10,748 | INFO |    AUC for fold 3: 0.6812
2025-12-13 23:05:18,017 | INFO |    AUC for fold 4: 0.6820
2025-12-13 23:05:25,191 | INFO |    AUC for fold 5: 0.6918
2025-12-13 23:05:25,234 | INFO | [demog] rf FINAL OOF AUC: 0.6851
2025-12-13 23:05:25,821 | INFO |    AUC for fold 1: 0.5450
2025-12-13 23:05:26,410 | INFO |    AUC for fold 2: 0.5371
2025-12-13 23:05:26,982 | INFO |    AUC for fold 3: 0.5342
2025-12-13 23:05:27,566 | INFO |    AUC for fold 4: 0.5437
2025-12-13 23:05:28,178 | INFO |    AUC for fold 5: 0.5504
2025-12-13 23:05:28,219 | INFO | [demog] knn FINAL OOF AUC: 0.5421
2025-12-13 23:05:28,219 | INFO | [demog] ✅ Top 3 Models by AUC: ['lgb', 'xgb', 'rf']

2025-12-13 23:05:28,257 | INFO | ✅ Completed: Training Base Models on Demographic Features in 50.62 seconds
2025-12-13 23:05:28,257 | INFO | 🔄 Starting: Training Base Models on Delinquency Features
2025-12-13 23:05:29,193 | INFO |    AUC for fold 1: 0.6334
2025-12-13 23:05:29,992 | INFO |    AUC for fold 2: 0.6305
2025-12-13 23:05:30,774 | INFO |    AUC for fold 3: 0.6258
2025-12-13 23:05:31,569 | INFO |    AUC for fold 4: 0.6202
2025-12-13 23:05:32,358 | INFO |    AUC for fold 5: 0.6277
2025-12-13 23:05:32,365 | INFO | [deq] xgb FINAL OOF AUC: 0.6276
2025-12-13 23:05:33,412 | INFO |    AUC for fold 1: 0.6724
2025-12-13 23:05:34,423 | INFO |    AUC for fold 2: 0.6612
2025-12-13 23:05:35,452 | INFO |    AUC for fold 3: 0.6610
2025-12-13 23:05:36,457 | INFO |    AUC for fold 4: 0.6463
2025-12-13 23:05:37,467 | INFO |    AUC for fold 5: 0.6666
2025-12-13 23:05:37,473 | INFO | [deq] lgb FINAL OOF AUC: 0.6614
2025-12-13 23:05:39,108 | INFO |    AUC for fold 1: 0.6407
2025-12-13 23:05:40,257 | INFO |    AUC for fold 2: 0.6450
2025-12-13 23:05:41,744 | INFO |    AUC for fold 3: 0.6371
2025-12-13 23:05:43,473 | INFO |    AUC for fold 4: 0.6443
2025-12-13 23:05:45,150 | INFO |    AUC for fold 5: 0.6480
2025-12-13 23:05:45,156 | INFO | [deq] logreg FINAL OOF AUC: 0.6428
2025-12-13 23:06:06,635 | INFO |    AUC for fold 1: 0.6404
2025-12-13 23:06:27,680 | INFO |    AUC for fold 2: 0.6510
2025-12-13 23:06:49,025 | INFO |    AUC for fold 3: 0.6419
2025-12-13 23:07:10,300 | INFO |    AUC for fold 4: 0.6207
2025-12-13 23:07:31,603 | INFO |    AUC for fold 5: 0.6272
2025-12-13 23:07:31,641 | INFO | [deq] rf FINAL OOF AUC: 0.6361
2025-12-13 23:07:32,219 | INFO |    AUC for fold 1: 0.5399
2025-12-13 23:07:32,833 | INFO |    AUC for fold 2: 0.5465
2025-12-13 23:07:33,446 | INFO |    AUC for fold 3: 0.5367
2025-12-13 23:07:34,042 | INFO |    AUC for fold 4: 0.5308
2025-12-13 23:07:34,848 | INFO |    AUC for fold 5: 0.5325
2025-12-13 23:07:34,898 | INFO | [deq] knn FINAL OOF AUC: 0.5373
2025-12-13 23:07:34,898 | INFO | [deq] ✅ Top 3 Models by AUC: ['lgb', 'logreg', 'rf']

2025-12-13 23:07:34,935 | INFO | ✅ Completed: Training Base Models on Delinquency Features in 126.68 seconds
2025-12-13 23:07:34,935 | INFO | 🔄 Starting: Training Base Models on Vintage Features
2025-12-13 23:07:35,143 | INFO |    AUC for fold 1: 0.5875
2025-12-13 23:07:35,323 | INFO |    AUC for fold 2: 0.6050
2025-12-13 23:07:35,488 | INFO |    AUC for fold 3: 0.5844
2025-12-13 23:07:35,645 | INFO |    AUC for fold 4: 0.5987
2025-12-13 23:07:35,801 | INFO |    AUC for fold 5: 0.5873
2025-12-13 23:07:35,808 | INFO | [vin] xgb FINAL OOF AUC: 0.5924
2025-12-13 23:07:36,127 | INFO |    AUC for fold 1: 0.6114
2025-12-13 23:07:36,454 | INFO |    AUC for fold 2: 0.6234
2025-12-13 23:07:36,774 | INFO |    AUC for fold 3: 0.6118
2025-12-13 23:07:37,094 | INFO |    AUC for fold 4: 0.6306
2025-12-13 23:07:37,414 | INFO |    AUC for fold 5: 0.6103
2025-12-13 23:07:37,420 | INFO | [vin] lgb FINAL OOF AUC: 0.6173
2025-12-13 23:07:37,605 | INFO |    AUC for fold 1: 0.6076
2025-12-13 23:07:37,725 | INFO |    AUC for fold 2: 0.6077
2025-12-13 23:07:37,833 | INFO |    AUC for fold 3: 0.6072
2025-12-13 23:07:37,977 | INFO |    AUC for fold 4: 0.6096
2025-12-13 23:07:38,115 | INFO |    AUC for fold 5: 0.6135
2025-12-13 23:07:38,124 | INFO | [vin] logreg FINAL OOF AUC: 0.6091
2025-12-13 23:07:42,243 | INFO |    AUC for fold 1: 0.5879
2025-12-13 23:07:46,156 | INFO |    AUC for fold 2: 0.5793
2025-12-13 23:07:50,122 | INFO |    AUC for fold 3: 0.5743
2025-12-13 23:07:54,102 | INFO |    AUC for fold 4: 0.6042
2025-12-13 23:07:57,982 | INFO |    AUC for fold 5: 0.5781
2025-12-13 23:07:58,027 | INFO | [vin] rf FINAL OOF AUC: 0.5847
2025-12-13 23:07:58,177 | INFO |    AUC for fold 1: 0.5247
2025-12-13 23:07:58,331 | INFO |    AUC for fold 2: 0.5269
2025-12-13 23:07:58,482 | INFO |    AUC for fold 3: 0.5257
2025-12-13 23:07:58,636 | INFO |    AUC for fold 4: 0.5297
2025-12-13 23:07:58,788 | INFO |    AUC for fold 5: 0.5228
2025-12-13 23:07:58,796 | INFO | [vin] knn FINAL OOF AUC: 0.5260
2025-12-13 23:07:58,796 | INFO | [vin] ✅ Top 3 Models by AUC: ['lgb', 'logreg', 'xgb']

2025-12-13 23:07:58,810 | INFO | ✅ Completed: Training Base Models on Vintage Features in 23.87 seconds
2025-12-13 23:07:58,810 | INFO | 🔄 Starting: Creating Meta-Model Training Set
2025-12-13 23:07:58,815 | INFO | ✅ Completed: Creating Meta-Model Training Set in 0.01 seconds
2025-12-13 23:07:58,815 | INFO | 🔄 Starting: Training Meta-Model
2025-12-13 23:07:59,009 | INFO | [META] Logistic Regression AUC (CV): 0.7473
2025-12-13 23:07:59,039 | INFO | ✅ Completed: Training Meta-Model in 0.22 seconds
2025-12-13 23:07:59,039 | INFO | 🎯 STRIKE Home Credit pipeline completed successfully.
