2025-04-20 11:34:37,218 | INFO | 🚀 Starting model stacking pipeline
2025-04-20 11:34:37,218 | INFO | 🔄 Starting: Loading Processed Datasets
2025-04-20 11:34:43,478 | INFO | ✅ Completed: Loading Processed Datasets in 6.26 seconds

2025-04-20 11:34:43,479 | INFO | 🔄 Starting: Demographic Base Models Training
2025-04-20 11:35:35,062 | INFO | 🚀 Starting model stacking pipeline
2025-04-20 11:35:35,062 | INFO | 🔄 Starting: Loading Processed Datasets
2025-04-20 11:35:41,353 | INFO | ✅ Completed: Loading Processed Datasets in 6.29 seconds
2025-04-20 11:35:41,353 | INFO | 🔄 Starting: Demographic Base Models Training
2025-04-20 11:35:44,003 | INFO |    AUC for fold 1: 0.7439
2025-04-20 11:35:46,205 | INFO |    AUC for fold 2: 0.7524
2025-04-20 11:35:48,622 | INFO |    AUC for fold 3: 0.7477
2025-04-20 11:35:50,822 | INFO |    AUC for fold 4: 0.7504
2025-04-20 11:35:52,894 | INFO |    AUC for fold 5: 0.7459
2025-04-20 11:35:52,947 | INFO | [demog] xgb FINAL OOF AUC: 0.7481
2025-04-20 11:35:54,533 | INFO |    AUC for fold 1: 0.7520
2025-04-20 11:35:56,033 | INFO |    AUC for fold 2: 0.7614
2025-04-20 11:35:57,515 | INFO |    AUC for fold 3: 0.7547
2025-04-20 11:35:58,980 | INFO |    AUC for fold 4: 0.7608
2025-04-20 11:36:00,495 | INFO |    AUC for fold 5: 0.7526
2025-04-20 11:36:00,549 | INFO | [demog] lgb FINAL OOF AUC: 0.7563
2025-04-20 11:36:09,410 | INFO |    AUC for fold 1: 0.6675
2025-04-20 11:36:19,483 | INFO |    AUC for fold 2: 0.6780
2025-04-20 11:36:29,415 | INFO |    AUC for fold 3: 0.6776
2025-04-20 11:36:38,184 | INFO |    AUC for fold 4: 0.6840
2025-04-20 11:36:47,811 | INFO |    AUC for fold 5: 0.6774
2025-04-20 11:36:47,876 | INFO | [demog] logreg FINAL OOF AUC: 0.6769
2025-04-20 11:37:43,922 | INFO |    AUC for fold 1: 0.7042
2025-04-20 11:38:40,843 | INFO |    AUC for fold 2: 0.7097
2025-04-20 11:39:37,283 | INFO |    AUC for fold 3: 0.6996
2025-04-20 11:40:34,544 | INFO |    AUC for fold 4: 0.7080
2025-04-20 11:41:30,753 | INFO |    AUC for fold 5: 0.7017
2025-04-20 11:41:30,895 | INFO | [demog] rf FINAL OOF AUC: 0.7046
2025-04-20 11:41:52,426 | INFO |    AUC for fold 1: 0.5397
2025-04-20 11:42:14,892 | INFO |    AUC for fold 2: 0.5460
2025-04-20 11:42:38,180 | INFO |    AUC for fold 3: 0.5396
2025-04-20 11:42:58,877 | INFO |    AUC for fold 4: 0.5440
2025-04-20 11:43:20,058 | INFO |    AUC for fold 5: 0.5426
2025-04-20 11:43:20,207 | INFO | [demog] knn FINAL OOF AUC: 0.5424
2025-04-20 11:43:20,207 | INFO | [demog] ✅ Top 3 Models by AUC: ['lgb', 'xgb', 'rf']

2025-04-20 11:43:20,508 | INFO | ✅ Completed: Demographic Base Models Training in 459.15 seconds

2025-04-20 11:43:20,508 | INFO | 🔄 Starting: Delinquency Base Models Training
2025-04-20 11:43:23,828 | INFO |    AUC for fold 1: 0.6709
2025-04-20 11:43:26,781 | INFO |    AUC for fold 2: 0.6725
2025-04-20 11:43:29,652 | INFO |    AUC for fold 3: 0.6655
2025-04-20 11:43:32,504 | INFO |    AUC for fold 4: 0.6769
2025-04-20 11:43:35,467 | INFO |    AUC for fold 5: 0.6697
2025-04-20 11:43:35,509 | INFO | [deq] xgb FINAL OOF AUC: 0.6711
2025-04-20 11:43:38,933 | INFO |    AUC for fold 1: 0.6831
2025-04-20 11:43:42,307 | INFO |    AUC for fold 2: 0.6886
2025-04-20 11:43:45,864 | INFO |    AUC for fold 3: 0.6799
2025-04-20 11:43:49,418 | INFO |    AUC for fold 4: 0.6965
2025-04-20 11:43:52,893 | INFO |    AUC for fold 5: 0.6851
2025-04-20 11:43:52,936 | INFO | [deq] lgb FINAL OOF AUC: 0.6866
2025-04-20 11:44:05,341 | INFO |    AUC for fold 1: 0.6346
2025-04-20 11:44:15,254 | INFO |    AUC for fold 2: 0.6351
2025-04-20 11:44:26,339 | INFO |    AUC for fold 3: 0.6297
2025-04-20 11:44:38,074 | INFO |    AUC for fold 4: 0.6357
2025-04-20 11:44:52,339 | INFO |    AUC for fold 5: 0.6335
2025-04-20 11:44:52,391 | INFO | [deq] logreg FINAL OOF AUC: 0.6338
2025-04-20 11:47:41,886 | INFO |    AUC for fold 1: 0.6421
2025-04-20 11:50:27,626 | INFO |    AUC for fold 2: 0.6523
2025-04-20 11:53:15,888 | INFO |    AUC for fold 3: 0.6376
2025-04-20 11:56:05,753 | INFO |    AUC for fold 4: 0.6599
2025-04-20 11:59:28,558 | INFO |    AUC for fold 5: 0.6489
2025-04-20 11:59:28,673 | INFO | [deq] rf FINAL OOF AUC: 0.6481
2025-04-20 11:59:51,175 | INFO |    AUC for fold 1: 0.5355
2025-04-20 12:00:13,381 | INFO |    AUC for fold 2: 0.5381
2025-04-20 12:00:35,923 | INFO |    AUC for fold 3: 0.5299
2025-04-20 12:00:58,458 | INFO |    AUC for fold 4: 0.5391
2025-04-20 12:01:21,602 | INFO |    AUC for fold 5: 0.5446
2025-04-20 12:01:21,756 | INFO | [deq] knn FINAL OOF AUC: 0.5374
2025-04-20 12:01:21,765 | INFO | [deq] ✅ Top 3 Models by AUC: ['lgb', 'xgb', 'rf']

2025-04-20 12:01:22,254 | INFO | ✅ Completed: Delinquency Base Models Training in 1081.75 seconds

2025-04-20 12:01:22,254 | INFO | 🔄 Starting: Vintage Base Models Training
2025-04-20 12:01:22,836 | INFO |    AUC for fold 1: 0.6320
2025-04-20 12:01:23,299 | INFO |    AUC for fold 2: 0.6288
2025-04-20 12:01:23,761 | INFO |    AUC for fold 3: 0.6328
2025-04-20 12:01:24,221 | INFO |    AUC for fold 4: 0.6313
2025-04-20 12:01:24,691 | INFO |    AUC for fold 5: 0.6274
2025-04-20 12:01:24,730 | INFO | [vin] xgb FINAL OOF AUC: 0.6304
2025-04-20 12:01:25,215 | INFO |    AUC for fold 1: 0.6479
2025-04-20 12:01:25,681 | INFO |    AUC for fold 2: 0.6418
2025-04-20 12:01:26,156 | INFO |    AUC for fold 3: 0.6393
2025-04-20 12:01:26,622 | INFO |    AUC for fold 4: 0.6445
2025-04-20 12:01:27,089 | INFO |    AUC for fold 5: 0.6374
2025-04-20 12:01:27,128 | INFO | [vin] lgb FINAL OOF AUC: 0.6421
2025-04-20 12:01:28,075 | INFO |    AUC for fold 1: 0.6200
2025-04-20 12:01:28,744 | INFO |    AUC for fold 2: 0.6196
2025-04-20 12:01:29,702 | INFO |    AUC for fold 3: 0.6225
2025-04-20 12:01:30,565 | INFO |    AUC for fold 4: 0.6237
2025-04-20 12:01:31,408 | INFO |    AUC for fold 5: 0.6168
2025-04-20 12:01:31,457 | INFO | [vin] logreg FINAL OOF AUC: 0.6205
2025-04-20 12:02:00,477 | INFO |    AUC for fold 1: 0.6079
2025-04-20 12:02:29,179 | INFO |    AUC for fold 2: 0.6078
2025-04-20 12:02:57,940 | INFO |    AUC for fold 3: 0.6107
2025-04-20 12:03:26,849 | INFO |    AUC for fold 4: 0.6102
2025-04-20 12:03:55,536 | INFO |    AUC for fold 5: 0.6015
2025-04-20 12:03:55,658 | INFO | [vin] rf FINAL OOF AUC: 0.6076
2025-04-20 12:04:00,016 | INFO |    AUC for fold 1: 0.5347
2025-04-20 12:04:04,378 | INFO |    AUC for fold 2: 0.5387
2025-04-20 12:04:08,682 | INFO |    AUC for fold 3: 0.5321
2025-04-20 12:04:12,964 | INFO |    AUC for fold 4: 0.5398
2025-04-20 12:04:17,310 | INFO |    AUC for fold 5: 0.5420
2025-04-20 12:04:17,356 | INFO | [vin] knn FINAL OOF AUC: 0.5375
2025-04-20 12:04:17,356 | INFO | [vin] ✅ Top 3 Models by AUC: ['lgb', 'xgb', 'logreg']

2025-04-20 12:04:17,416 | INFO | ✅ Completed: Vintage Base Models Training in 175.16 seconds

2025-04-20 12:04:17,417 | INFO | 🔄 Starting: Target Table Creation
2025-04-20 12:04:17,453 | INFO | ✅ Completed: Target Table Creation in 0.04 seconds

2025-04-20 12:04:17,453 | INFO | 🔄 Starting: Meta Model Training
2025-04-20 12:04:17,995 | INFO | [META] Logistic Regression AUC (CV): 0.7661
2025-04-20 12:04:18,101 | INFO | ✅ Completed: Meta Model Training in 0.65 seconds
2025-12-13 22:30:13,747 | INFO | 🚀 Starting STRIKE Home Credit Model Stacking Pipeline
2025-12-13 22:30:13,747 | INFO | 🔄 Starting: Preprocessing DEMOG Features
2025-12-13 22:30:15,450 | INFO | ✅ Completed: Preprocessing DEMOG Features in 1.70 seconds
2025-12-13 22:30:15,450 | INFO | 🔄 Starting: Preprocessing DEQ Features
2025-12-13 22:30:20,486 | INFO | ✅ Completed: Preprocessing DEQ Features in 5.04 seconds
2025-12-13 22:30:20,489 | INFO | 🔄 Starting: Preprocessing Vintage Features
2025-12-13 22:30:21,113 | INFO | ✅ Completed: Preprocessing Vintage Features in 0.62 seconds
2025-12-13 22:30:21,113 | INFO | 🔄 Starting: Training Base Models on Demographic Features
2025-12-13 22:30:21,437 | INFO |    AUC for fold 1: 0.6131
2025-12-13 22:30:21,715 | INFO |    AUC for fold 2: 0.6367
2025-12-13 22:30:21,982 | INFO |    AUC for fold 3: 0.6230
2025-12-13 22:30:22,247 | INFO |    AUC for fold 4: 0.6260
2025-12-13 22:30:22,518 | INFO |    AUC for fold 5: 0.6392
2025-12-13 22:30:22,522 | INFO | [demog] xgb FINAL OOF AUC: 0.6272
2025-12-13 22:30:23,050 | INFO |    AUC for fold 1: 0.6462
2025-12-13 22:30:23,550 | INFO |    AUC for fold 2: 0.6716
2025-12-13 22:30:23,977 | INFO |    AUC for fold 3: 0.6546
2025-12-13 22:30:24,507 | INFO |    AUC for fold 4: 0.6646
2025-12-13 22:30:25,033 | INFO |    AUC for fold 5: 0.6679
2025-12-13 22:30:25,039 | INFO | [demog] lgb FINAL OOF AUC: 0.6607
2025-12-13 22:30:25,529 | INFO |    AUC for fold 1: 0.6469
2025-12-13 22:30:25,929 | INFO |    AUC for fold 2: 0.6829
2025-12-13 22:30:26,493 | INFO |    AUC for fold 3: 0.6642
2025-12-13 22:30:26,809 | INFO |    AUC for fold 4: 0.6704
2025-12-13 22:30:27,115 | INFO |    AUC for fold 5: 0.6803
2025-12-13 22:30:27,120 | INFO | [demog] logreg FINAL OOF AUC: 0.6687
2025-12-13 22:30:33,268 | INFO |    AUC for fold 1: 0.6013
2025-12-13 22:30:39,586 | INFO |    AUC for fold 2: 0.6207
2025-12-13 22:30:45,801 | INFO |    AUC for fold 3: 0.6191
2025-12-13 22:30:52,103 | INFO |    AUC for fold 4: 0.6189
2025-12-13 22:30:58,183 | INFO |    AUC for fold 5: 0.6388
2025-12-13 22:30:58,215 | INFO | [demog] rf FINAL OOF AUC: 0.6197
2025-12-13 22:30:58,444 | INFO |    AUC for fold 1: 0.5227
2025-12-13 22:30:58,675 | INFO |    AUC for fold 2: 0.5465
2025-12-13 22:30:58,911 | INFO |    AUC for fold 3: 0.5458
2025-12-13 22:30:59,119 | INFO |    AUC for fold 4: 0.5510
2025-12-13 22:30:59,345 | INFO |    AUC for fold 5: 0.5451
2025-12-13 22:30:59,363 | INFO | [demog] knn FINAL OOF AUC: 0.5422
2025-12-13 22:30:59,363 | INFO | [demog] ✅ Top 3 Models by AUC: ['logreg', 'lgb', 'xgb']

2025-12-13 22:30:59,373 | INFO | ✅ Completed: Training Base Models on Demographic Features in 38.26 seconds
2025-12-13 22:30:59,373 | INFO | 🔄 Starting: Training Base Models on Delinquency Features
2025-12-13 22:31:00,112 | INFO |    AUC for fold 1: 0.6690
2025-12-13 22:31:00,754 | INFO |    AUC for fold 2: 0.7143
2025-12-13 22:31:01,394 | INFO |    AUC for fold 3: 0.6919
2025-12-13 22:31:02,044 | INFO |    AUC for fold 4: 0.7050
2025-12-13 22:31:02,683 | INFO |    AUC for fold 5: 0.7138
2025-12-13 22:31:02,689 | INFO | [deq] xgb FINAL OOF AUC: 0.6983
2025-12-13 22:31:03,553 | INFO |    AUC for fold 1: 0.7051
2025-12-13 22:31:04,275 | INFO |    AUC for fold 2: 0.7442
2025-12-13 22:31:05,069 | INFO |    AUC for fold 3: 0.7223
2025-12-13 22:31:05,806 | INFO |    AUC for fold 4: 0.7422
2025-12-13 22:31:06,519 | INFO |    AUC for fold 5: 0.7515
2025-12-13 22:31:06,524 | INFO | [deq] lgb FINAL OOF AUC: 0.7327
2025-12-13 22:31:07,714 | INFO |    AUC for fold 1: 0.6708
2025-12-13 22:31:09,170 | INFO |    AUC for fold 2: 0.6918
2025-12-13 22:31:10,652 | INFO |    AUC for fold 3: 0.6967
2025-12-13 22:31:11,789 | INFO |    AUC for fold 4: 0.6903
2025-12-13 22:31:13,000 | INFO |    AUC for fold 5: 0.7015
2025-12-13 22:31:13,006 | INFO | [deq] logreg FINAL OOF AUC: 0.6901
2025-12-13 22:31:22,561 | INFO |    AUC for fold 1: 0.6512
2025-12-13 22:31:32,261 | INFO |    AUC for fold 2: 0.6803
2025-12-13 22:31:41,816 | INFO |    AUC for fold 3: 0.6790
2025-12-13 22:31:51,768 | INFO |    AUC for fold 4: 0.6839
2025-12-13 22:32:01,087 | INFO |    AUC for fold 5: 0.6974
2025-12-13 22:32:01,121 | INFO | [deq] rf FINAL OOF AUC: 0.6783
2025-12-13 22:32:01,838 | INFO |    AUC for fold 1: 0.5256
2025-12-13 22:32:02,581 | INFO |    AUC for fold 2: 0.5342
2025-12-13 22:32:03,285 | INFO |    AUC for fold 3: 0.5519
2025-12-13 22:32:04,013 | INFO |    AUC for fold 4: 0.5490
2025-12-13 22:32:04,757 | INFO |    AUC for fold 5: 0.5406
2025-12-13 22:32:04,785 | INFO | [deq] knn FINAL OOF AUC: 0.5402
2025-12-13 22:32:04,792 | INFO | [deq] ✅ Top 3 Models by AUC: ['lgb', 'xgb', 'logreg']

2025-12-13 22:32:04,864 | INFO | ✅ Completed: Training Base Models on Delinquency Features in 65.49 seconds
2025-12-13 22:32:04,864 | INFO | 🔄 Starting: Training Base Models on Vintage Features
2025-12-13 22:32:05,073 | INFO |    AUC for fold 1: 0.5808
2025-12-13 22:32:05,259 | INFO |    AUC for fold 2: 0.6055
2025-12-13 22:32:05,428 | INFO |    AUC for fold 3: 0.6090
2025-12-13 22:32:05,592 | INFO |    AUC for fold 4: 0.6391
2025-12-13 22:32:05,754 | INFO |    AUC for fold 5: 0.6500
2025-12-13 22:32:05,758 | INFO | [vin] xgb FINAL OOF AUC: 0.6167
2025-12-13 22:32:06,116 | INFO |    AUC for fold 1: 0.6144
2025-12-13 22:32:06,445 | INFO |    AUC for fold 2: 0.6370
2025-12-13 22:32:06,766 | INFO |    AUC for fold 3: 0.6383
2025-12-13 22:32:07,085 | INFO |    AUC for fold 4: 0.6480
2025-12-13 22:32:07,403 | INFO |    AUC for fold 5: 0.6648
2025-12-13 22:32:07,407 | INFO | [vin] lgb FINAL OOF AUC: 0.6402
2025-12-13 22:32:07,479 | INFO |    AUC for fold 1: 0.6042
2025-12-13 22:32:07,560 | INFO |    AUC for fold 2: 0.6247
2025-12-13 22:32:07,624 | INFO |    AUC for fold 3: 0.6420
2025-12-13 22:32:07,721 | INFO |    AUC for fold 4: 0.6487
2025-12-13 22:32:07,784 | INFO |    AUC for fold 5: 0.6577
2025-12-13 22:32:07,787 | INFO | [vin] logreg FINAL OOF AUC: 0.6355
2025-12-13 22:32:11,426 | INFO |    AUC for fold 1: 0.5477
2025-12-13 22:32:15,027 | INFO |    AUC for fold 2: 0.5647
2025-12-13 22:32:18,542 | INFO |    AUC for fold 3: 0.5783
2025-12-13 22:32:22,217 | INFO |    AUC for fold 4: 0.5991
2025-12-13 22:32:25,802 | INFO |    AUC for fold 5: 0.6340
2025-12-13 22:32:25,836 | INFO | [vin] rf FINAL OOF AUC: 0.5845
2025-12-13 22:32:25,927 | INFO |    AUC for fold 1: 0.5014
2025-12-13 22:32:26,019 | INFO |    AUC for fold 2: 0.5273
2025-12-13 22:32:26,113 | INFO |    AUC for fold 3: 0.5358
2025-12-13 22:32:26,203 | INFO |    AUC for fold 4: 0.5240
2025-12-13 22:32:26,290 | INFO |    AUC for fold 5: 0.5200
2025-12-13 22:32:26,295 | INFO | [vin] knn FINAL OOF AUC: 0.5217
2025-12-13 22:32:26,295 | INFO | [vin] ✅ Top 3 Models by AUC: ['lgb', 'logreg', 'xgb']

2025-12-13 22:32:26,309 | INFO | ✅ Completed: Training Base Models on Vintage Features in 21.44 seconds
2025-12-13 22:32:26,309 | INFO | 🔄 Starting: Creating Meta-Model Training Set
2025-12-13 22:32:26,313 | INFO | ✅ Completed: Creating Meta-Model Training Set in 0.00 seconds
2025-12-13 22:32:26,313 | INFO | 🔄 Starting: Training Meta-Model
2025-12-13 22:32:26,456 | INFO | [META] Logistic Regression AUC (CV): 0.7356
2025-12-13 22:32:26,496 | INFO | ✅ Completed: Training Meta-Model in 0.18 seconds
2025-12-13 22:32:26,496 | INFO | 🎯 STRIKE Home Credit pipeline completed successfully.
