2025-12-14 12:51:11,911 | INFO | 🚀 Starting STRIKE Home Credit Model Stacking Pipeline
2025-12-14 12:51:11,911 | INFO | 🔄 Starting: Preprocessing DEMOG Features
2025-12-14 12:51:32,816 | INFO | ✅ Completed: Preprocessing DEMOG Features in 20.90 seconds
2025-12-14 12:51:32,816 | INFO | 🔄 Starting: Preprocessing DEQ Features
2025-12-14 12:52:21,217 | INFO | ✅ Completed: Preprocessing DEQ Features in 48.40 seconds
2025-12-14 12:52:21,218 | INFO | 🔄 Starting: Preprocessing Vintage Features
2025-12-14 12:52:26,101 | INFO | ✅ Completed: Preprocessing Vintage Features in 4.88 seconds
2025-12-14 12:52:26,101 | INFO | 🔄 Starting: Training Base Models on Demographic Features
2025-12-14 12:52:28,816 | INFO |    AUC for fold 1: 0.7439
2025-12-14 12:52:30,599 | INFO |    AUC for fold 2: 0.7524
2025-12-14 12:52:32,415 | INFO |    AUC for fold 3: 0.7477
2025-12-14 12:52:34,195 | INFO |    AUC for fold 4: 0.7504
2025-12-14 12:52:35,991 | INFO |    AUC for fold 5: 0.7459
2025-12-14 12:52:36,041 | INFO | [demog] xgb FINAL OOF AUC: 0.7481
2025-12-14 12:52:37,641 | INFO |    AUC for fold 1: 0.7521
2025-12-14 12:52:39,187 | INFO |    AUC for fold 2: 0.7614
2025-12-14 12:52:40,746 | INFO |    AUC for fold 3: 0.7547
2025-12-14 12:52:42,328 | INFO |    AUC for fold 4: 0.7608
2025-12-14 12:52:43,883 | INFO |    AUC for fold 5: 0.7526
2025-12-14 12:52:43,930 | INFO | [demog] lgb FINAL OOF AUC: 0.7563
2025-12-14 12:52:53,320 | INFO |    AUC for fold 1: 0.6674
2025-12-14 12:53:02,412 | INFO |    AUC for fold 2: 0.6777
2025-12-14 12:53:12,090 | INFO |    AUC for fold 3: 0.6777
2025-12-14 12:53:21,285 | INFO |    AUC for fold 4: 0.6838
2025-12-14 12:53:28,348 | INFO |    AUC for fold 5: 0.6749
2025-12-14 12:53:28,408 | INFO | [demog] logreg FINAL OOF AUC: 0.6763
2025-12-14 12:54:25,005 | INFO |    AUC for fold 1: 0.7042
2025-12-14 12:55:22,123 | INFO |    AUC for fold 2: 0.7097
2025-12-14 12:56:19,292 | INFO |    AUC for fold 3: 0.6996
2025-12-14 12:57:16,645 | INFO |    AUC for fold 4: 0.7080
2025-12-14 12:58:13,966 | INFO |    AUC for fold 5: 0.7017
2025-12-14 12:58:14,140 | INFO | [demog] rf FINAL OOF AUC: 0.7046
2025-12-14 12:58:34,188 | INFO |    AUC for fold 1: 0.5397
2025-12-14 12:58:57,018 | INFO |    AUC for fold 2: 0.5460
2025-12-14 12:59:18,839 | INFO |    AUC for fold 3: 0.5396
2025-12-14 12:59:38,775 | INFO |    AUC for fold 4: 0.5440
2025-12-14 12:59:58,524 | INFO |    AUC for fold 5: 0.5426
2025-12-14 12:59:58,693 | INFO | [demog] knn FINAL OOF AUC: 0.5424
2025-12-14 12:59:58,699 | INFO | [demog] ✅ Top 3 Models by AUC: ['lgb', 'xgb', 'rf']

2025-12-14 12:59:59,144 | INFO | ✅ Completed: Training Base Models on Demographic Features in 453.04 seconds
2025-12-14 12:59:59,144 | INFO | 🔄 Starting: Training Base Models on Delinquency Features
2025-12-14 13:00:04,015 | INFO |    AUC for fold 1: 0.6709
2025-12-14 13:00:06,712 | INFO |    AUC for fold 2: 0.6725
2025-12-14 13:00:09,405 | INFO |    AUC for fold 3: 0.6655
2025-12-14 13:00:12,072 | INFO |    AUC for fold 4: 0.6769
2025-12-14 13:00:14,778 | INFO |    AUC for fold 5: 0.6697
2025-12-14 13:00:14,820 | INFO | [deq] xgb FINAL OOF AUC: 0.6711
2025-12-14 13:00:18,296 | INFO |    AUC for fold 1: 0.6831
2025-12-14 13:00:21,646 | INFO |    AUC for fold 2: 0.6893
2025-12-14 13:00:25,100 | INFO |    AUC for fold 3: 0.6799
2025-12-14 13:00:28,713 | INFO |    AUC for fold 4: 0.6965
2025-12-14 13:00:33,587 | INFO |    AUC for fold 5: 0.6851
2025-12-14 13:00:33,629 | INFO | [deq] lgb FINAL OOF AUC: 0.6867
2025-12-14 13:00:44,099 | INFO |    AUC for fold 1: 0.6342
2025-12-14 13:00:53,316 | INFO |    AUC for fold 2: 0.6352
2025-12-14 13:01:02,968 | INFO |    AUC for fold 3: 0.6303
2025-12-14 13:01:12,494 | INFO |    AUC for fold 4: 0.6355
2025-12-14 13:01:22,994 | INFO |    AUC for fold 5: 0.6330
2025-12-14 13:01:23,040 | INFO | [deq] logreg FINAL OOF AUC: 0.6337
2025-12-14 13:04:11,822 | INFO |    AUC for fold 1: 0.6421
2025-12-14 13:06:59,784 | INFO |    AUC for fold 2: 0.6523
2025-12-14 13:09:49,696 | INFO |    AUC for fold 3: 0.6376
2025-12-14 13:53:42,721 | INFO |    AUC for fold 4: 0.6599
2025-12-14 13:56:42,435 | INFO |    AUC for fold 5: 0.6489
2025-12-14 13:56:42,791 | INFO | [deq] rf FINAL OOF AUC: 0.6481
2025-12-14 13:57:01,901 | INFO |    AUC for fold 1: 0.5355
2025-12-14 13:57:21,139 | INFO |    AUC for fold 2: 0.5381
2025-12-14 13:57:40,030 | INFO |    AUC for fold 3: 0.5299
2025-12-14 13:57:58,685 | INFO |    AUC for fold 4: 0.5391
2025-12-14 13:58:17,838 | INFO |    AUC for fold 5: 0.5446
2025-12-14 13:58:18,089 | INFO | [deq] knn FINAL OOF AUC: 0.5374
2025-12-14 13:58:18,099 | INFO | [deq] ✅ Top 3 Models by AUC: ['lgb', 'xgb', 'rf']

2025-12-14 13:58:18,566 | INFO | ✅ Completed: Training Base Models on Delinquency Features in 3499.42 seconds
2025-12-14 13:58:18,566 | INFO | 🔄 Starting: Training Base Models on Vintage Features
2025-12-14 13:58:19,170 | INFO |    AUC for fold 1: 0.6320
2025-12-14 13:58:19,587 | INFO |    AUC for fold 2: 0.6288
2025-12-14 13:58:20,013 | INFO |    AUC for fold 3: 0.6328
2025-12-14 13:58:20,477 | INFO |    AUC for fold 4: 0.6313
2025-12-14 13:58:20,911 | INFO |    AUC for fold 5: 0.6274
2025-12-14 13:58:20,949 | INFO | [vin] xgb FINAL OOF AUC: 0.6304
2025-12-14 13:58:21,608 | INFO |    AUC for fold 1: 0.6479
2025-12-14 13:58:22,334 | INFO |    AUC for fold 2: 0.6418
2025-12-14 13:58:23,010 | INFO |    AUC for fold 3: 0.6393
2025-12-14 13:58:23,646 | INFO |    AUC for fold 4: 0.6445
2025-12-14 13:58:24,288 | INFO |    AUC for fold 5: 0.6374
2025-12-14 13:58:24,328 | INFO | [vin] lgb FINAL OOF AUC: 0.6421
2025-12-14 13:58:25,549 | INFO |    AUC for fold 1: 0.6200
2025-12-14 13:58:26,522 | INFO |    AUC for fold 2: 0.6196
2025-12-14 13:58:27,674 | INFO |    AUC for fold 3: 0.6225
2025-12-14 13:58:28,701 | INFO |    AUC for fold 4: 0.6237
2025-12-14 13:58:29,807 | INFO |    AUC for fold 5: 0.6168
2025-12-14 13:58:29,857 | INFO | [vin] logreg FINAL OOF AUC: 0.6205
2025-12-14 13:58:59,631 | INFO |    AUC for fold 1: 0.6079
2025-12-14 13:59:29,368 | INFO |    AUC for fold 2: 0.6078
2025-12-14 13:59:59,145 | INFO |    AUC for fold 3: 0.6107
2025-12-14 14:00:28,917 | INFO |    AUC for fold 4: 0.6102
2025-12-14 14:00:58,367 | INFO |    AUC for fold 5: 0.6015
2025-12-14 14:00:58,532 | INFO | [vin] rf FINAL OOF AUC: 0.6076
2025-12-14 14:01:03,178 | INFO |    AUC for fold 1: 0.5347
2025-12-14 14:01:07,585 | INFO |    AUC for fold 2: 0.5387
2025-12-14 14:01:12,078 | INFO |    AUC for fold 3: 0.5321
2025-12-14 14:01:16,537 | INFO |    AUC for fold 4: 0.5398
2025-12-14 14:01:21,024 | INFO |    AUC for fold 5: 0.5420
2025-12-14 14:01:21,093 | INFO | [vin] knn FINAL OOF AUC: 0.5375
2025-12-14 14:01:21,098 | INFO | [vin] ✅ Top 3 Models by AUC: ['lgb', 'xgb', 'logreg']

2025-12-14 14:01:21,333 | INFO | ✅ Completed: Training Base Models on Vintage Features in 182.77 seconds
2025-12-14 14:01:21,333 | INFO | 🔄 Starting: Creating Meta-Model Training Set
2025-12-14 14:01:21,373 | INFO | ✅ Completed: Creating Meta-Model Training Set in 0.04 seconds
2025-12-14 14:01:21,373 | INFO | 🔄 Starting: Training Meta-Model
2025-12-14 14:01:21,509 | INFO | EBM lib loading.
2025-12-14 14:01:21,510 | INFO | Finding library for Darwin, arm64, bitsize=64, debug=False
2025-12-14 14:01:21,511 | INFO | Loading EBM library /Users/percival/anaconda3/envs/trust/lib/python3.13/site-packages/interpret/utils/../root/bld/lib/libebm_mac_arm.dylib
2025-12-14 14:01:23,676 | INFO | Creating native dataset
2025-12-14 14:01:58,570 | INFO | Creating native dataset
2025-12-14 14:02:02,110 | INFO | Start boosting
2025-12-14 14:02:02,110 | INFO | Booster allocation start
2025-12-14 14:02:02,114 | INFO | Booster allocation end
2025-12-14 14:02:02,177 | INFO | Deallocation boosting start
2025-12-14 14:02:02,178 | INFO | Deallocation boosting end
2025-12-14 14:02:03,959 | INFO | Creating native dataset
2025-12-14 14:02:31,650 | INFO | Creating native dataset
2025-12-14 14:02:35,077 | INFO | Start boosting
2025-12-14 14:02:35,077 | INFO | Booster allocation start
2025-12-14 14:02:35,081 | INFO | Booster allocation end
2025-12-14 14:02:35,143 | INFO | Deallocation boosting start
2025-12-14 14:02:35,144 | INFO | Deallocation boosting end
2025-12-14 14:02:36,929 | INFO | Creating native dataset
2025-12-14 14:03:07,692 | INFO | Creating native dataset
2025-12-14 14:03:11,519 | INFO | Start boosting
2025-12-14 14:03:11,519 | INFO | Booster allocation start
2025-12-14 14:03:11,522 | INFO | Booster allocation end
2025-12-14 14:03:11,585 | INFO | Deallocation boosting start
2025-12-14 14:03:11,586 | INFO | Deallocation boosting end
2025-12-14 14:03:13,428 | INFO | Creating native dataset
2025-12-14 14:03:46,813 | INFO | Creating native dataset
2025-12-14 14:03:50,456 | INFO | Start boosting
2025-12-14 14:03:50,456 | INFO | Booster allocation start
2025-12-14 14:03:50,459 | INFO | Booster allocation end
2025-12-14 14:03:50,529 | INFO | Deallocation boosting start
2025-12-14 14:03:50,531 | INFO | Deallocation boosting end
2025-12-14 14:03:52,332 | INFO | Creating native dataset
2025-12-14 14:04:23,052 | INFO | Creating native dataset
2025-12-14 14:04:26,510 | INFO | Start boosting
2025-12-14 14:04:26,511 | INFO | Booster allocation start
2025-12-14 14:04:26,514 | INFO | Booster allocation end
2025-12-14 14:04:26,578 | INFO | Deallocation boosting start
2025-12-14 14:04:26,579 | INFO | Deallocation boosting end
2025-12-14 14:04:26,606 | INFO | [META-EBM] AUC (CV): 0.7713
2025-12-14 14:04:29,017 | INFO | Creating native dataset
2025-12-14 14:05:17,900 | INFO | Creating native dataset
2025-12-14 14:05:22,110 | INFO | Start boosting
2025-12-14 14:05:22,111 | INFO | Booster allocation start
2025-12-14 14:05:22,116 | INFO | Booster allocation end
2025-12-14 14:05:22,200 | INFO | Deallocation boosting start
2025-12-14 14:05:22,202 | INFO | Deallocation boosting end
2025-12-14 14:05:22,211 | INFO | ✅ Completed: Training Meta-Model in 240.84 seconds
2025-12-14 14:05:22,211 | INFO | 🎯 STRIKE Home Credit pipeline completed successfully.
