2025-03-05 00:58:11,139 - INFO - Original dataset shape: (307511, 235)
2025-03-05 00:58:11,142 - INFO - Training dataset shape: (246008, 234), Final test set shape: (61503, 234)
2025-03-05 00:58:11,147 - INFO - Training fold 1 for XGBoost...
2025-03-05 00:58:14,345 - INFO - Training fold 2 for XGBoost...
2025-03-05 00:58:17,497 - INFO - Training fold 3 for XGBoost...
2025-03-05 00:58:20,561 - INFO - Training fold 4 for XGBoost...
2025-03-05 00:58:23,619 - INFO - Training fold 5 for XGBoost...
2025-03-05 00:58:26,747 - INFO - XGBoost CV AUC Score: 0.75314
2025-03-05 00:58:26,756 - INFO - Training fold 1 for LightGBM...
2025-03-05 00:58:30,352 - INFO - Training fold 2 for LightGBM...
2025-03-05 00:58:33,861 - INFO - Training fold 3 for LightGBM...
2025-03-05 00:58:37,732 - INFO - Training fold 4 for LightGBM...
2025-03-05 00:58:41,770 - INFO - Training fold 5 for LightGBM...
2025-03-05 00:58:46,348 - INFO - LightGBM CV AUC Score: 0.74657
2025-03-05 00:58:46,362 - INFO - Training fold 1 for CatBoost...
2025-03-05 00:58:50,649 - INFO - Training fold 2 for CatBoost...
2025-03-05 00:58:54,826 - INFO - Training fold 3 for CatBoost...
2025-03-05 00:58:59,298 - INFO - Training fold 4 for CatBoost...
2025-03-05 00:59:04,295 - INFO - Training fold 5 for CatBoost...
2025-03-05 00:59:09,317 - INFO - CatBoost CV AUC Score: 0.75114
2025-03-05 00:59:09,328 - INFO - Training fold 1 for RandomForest...
2025-03-05 00:59:39,795 - INFO - Training fold 2 for RandomForest...
2025-03-05 01:00:11,893 - INFO - Training fold 3 for RandomForest...
2025-03-05 01:00:41,839 - INFO - Training fold 4 for RandomForest...
2025-03-05 01:01:13,494 - INFO - Training fold 5 for RandomForest...
2025-03-05 01:01:44,561 - INFO - RandomForest CV AUC Score: 0.73766
2025-03-05 01:01:44,573 - INFO - Training fold 1 for ExtraTrees...
2025-03-05 01:02:52,124 - INFO - Training fold 2 for ExtraTrees...
2025-03-05 01:04:06,681 - INFO - Training fold 3 for ExtraTrees...
2025-03-05 01:05:09,408 - INFO - Training fold 4 for ExtraTrees...
2025-03-05 01:06:11,138 - INFO - Training fold 5 for ExtraTrees...
2025-03-05 01:07:14,791 - INFO - ExtraTrees CV AUC Score: 0.67576
2025-03-05 01:07:14,813 - INFO - Stacked train shape: (246008, 5)
2025-03-05 01:07:14,813 - INFO - Training meta-model...
2025-03-05 01:07:15,043 - INFO - Loading trained XGBoost models for final test evaluation...
2025-03-05 01:07:15,407 - INFO - Loading trained LightGBM models for final test evaluation...
2025-03-05 01:07:16,322 - INFO - Loading trained CatBoost models for final test evaluation...
2025-03-05 01:07:16,450 - INFO - Loading trained RandomForest models for final test evaluation...
2025-03-05 01:07:17,953 - INFO - Loading trained ExtraTrees models for final test evaluation...
2025-03-05 01:07:19,395 - INFO - Final Stacking Model AUC on Holdout Test Set: 0.75861
2025-03-05 01:07:19,499 - INFO - Final test predictions saved.
